0 verbose cli /data/data/com.termux/files/usr/bin/node /data/data/com.termux/files/usr/bin/npm
1 info using npm@9.6.6
2 info using node@v20.2.0
3 timing npm:load:whichnode Completed in 13ms
4 timing config:load:defaults Completed in 15ms
5 timing config:load:file:/data/data/com.termux/files/usr/lib/node_modules/npm/npmrc Completed in 3ms
6 timing config:load:builtin Completed in 4ms
7 timing config:load:cli Completed in 14ms
8 timing config:load:env Completed in 2ms
9 timing config:load:file:/storage/emulated/0/new/.npmrc Completed in 2ms
10 timing config:load:project Completed in 9ms
11 timing config:load:file:/data/data/com.termux/files/home/.npmrc Completed in 14ms
12 timing config:load:user Completed in 15ms
13 timing config:load:file:/data/data/com.termux/files/usr/etc/npmrc Completed in 1ms
14 timing config:load:global Completed in 2ms
15 timing config:load:setEnvs Completed in 5ms
16 timing config:load Completed in 74ms
17 timing npm:load:configload Completed in 75ms
18 timing npm:load:mkdirpcache Completed in 1ms
19 timing npm:load:mkdirplogs Completed in 2ms
20 verbose title npm install
21 verbose argv "install"
22 timing npm:load:setTitle Completed in 6ms
23 timing config:load:flatten Completed in 16ms
24 timing npm:load:display Completed in 20ms
25 verbose logfile logs-max:10 dir:/data/data/com.termux/files/home/.npm/_logs/2023-08-17T22_31_52_734Z-
26 verbose logfile /data/data/com.termux/files/home/.npm/_logs/2023-08-17T22_31_52_734Z-debug-0.log
27 timing npm:load:logFile Completed in 101ms
28 timing npm:load:timers Completed in 1ms
29 timing npm:load:configScope Completed in 1ms
30 timing npm:load Completed in 224ms
31 timing arborist:ctor Completed in 7ms
32 silly logfile done cleaning log files
33 timing arborist:ctor Completed in 1ms
34 timing idealTree:init Completed in 115ms
35 timing idealTree:userRequests Completed in 1ms
36 silly idealTree buildDeps
37 silly fetch manifest vue@^3.3.4
38 http fetch GET 200 https://registry.npmjs.org/vue 1213ms (cache miss)
39 silly fetch manifest @vitejs/plugin-vue@^4.2.3
40 http fetch GET 200 https://registry.npmjs.org/@vitejs%2fplugin-vue 1164ms (cache miss)
41 silly fetch manifest vite@^4.4.6
42 http fetch GET 200 https://registry.npmjs.org/vite 358ms (cache revalidated)
43 silly fetch manifest @types/node@>= 14
44 http fetch GET 200 https://registry.npmjs.org/@types%2fnode 807ms (cache updated)
45 silly fetch manifest less@*
46 http fetch GET 200 https://registry.npmjs.org/less 281ms (cache revalidated)
47 silly fetch manifest lightningcss@^1.21.0
48 http fetch GET 200 https://registry.npmjs.org/lightningcss 236ms (cache revalidated)
49 silly fetch manifest sass@*
50 http fetch GET 200 https://registry.npmjs.org/sass 135ms (cache revalidated)
51 silly fetch manifest stylus@*
52 http fetch GET 200 https://registry.npmjs.org/stylus 298ms (cache revalidated)
53 silly fetch manifest sugarss@*
54 http fetch GET 200 https://registry.npmjs.org/sugarss 297ms (cache revalidated)
55 silly fetch manifest postcss@^8.3.3
56 http fetch GET 200 https://registry.npmjs.org/postcss 139ms (cache revalidated)
57 silly fetch manifest terser@^5.4.0
58 http fetch GET 200 https://registry.npmjs.org/terser 142ms (cache revalidated)
59 silly placeDep ROOT @vitejs/plugin-vue@4.3.1 OK for: new@0.0.0 want: ^4.2.3
60 silly placeDep ROOT vite@4.4.9 OK for: @vitejs/plugin-vue@4.3.1 want: ^4.0.0
61 silly placeDep ROOT vue@3.3.4 OK for: @vitejs/plugin-vue@4.3.1 want: ^3.2.25
62 silly fetch manifest @vue/shared@3.3.4
63 silly fetch manifest @vue/compiler-dom@3.3.4
64 silly fetch manifest @vue/runtime-dom@3.3.4
65 silly fetch manifest @vue/compiler-sfc@3.3.4
66 silly fetch manifest @vue/server-renderer@3.3.4
67 silly fetch manifest esbuild@^0.18.10
68 silly fetch manifest postcss@^8.4.27
69 silly fetch manifest rollup@^3.27.1
70 silly fetch manifest fsevents@~2.3.2
71 http fetch GET 200 https://registry.npmjs.org/fsevents 317ms (cache revalidated)
72 http fetch GET 200 https://registry.npmjs.org/rollup 481ms (cache revalidated)
73 http fetch GET 200 https://registry.npmjs.org/esbuild 697ms (cache revalidated)
74 http fetch GET 200 https://registry.npmjs.org/@vue%2fshared 790ms (cache miss)
75 http fetch GET 200 https://registry.npmjs.org/@vue%2fcompiler-dom 1088ms (cache miss)
76 http fetch GET 200 https://registry.npmjs.org/@vue%2fserver-renderer 1090ms (cache miss)
77 http fetch GET 200 https://registry.npmjs.org/@vue%2fruntime-dom 1112ms (cache miss)
78 http fetch GET 200 https://registry.npmjs.org/@vue%2fcompiler-sfc 2338ms (cache miss)
79 timing idealTree:#root Completed in 8075ms
80 timing idealTree:node_modules/@vitejs/plugin-vue Completed in 1ms
81 silly placeDep ROOT esbuild@0.18.20 OK for: vite@4.4.9 want: ^0.18.10
82 silly fetch manifest @esbuild/android-arm@0.18.20
83 silly fetch manifest @esbuild/android-arm64@0.18.20
84 silly fetch manifest @esbuild/android-x64@0.18.20
85 silly fetch manifest @esbuild/darwin-arm64@0.18.20
86 silly fetch manifest @esbuild/darwin-x64@0.18.20
87 silly fetch manifest @esbuild/freebsd-arm64@0.18.20
88 silly fetch manifest @esbuild/freebsd-x64@0.18.20
89 silly fetch manifest @esbuild/linux-arm@0.18.20
90 silly fetch manifest @esbuild/linux-arm64@0.18.20
91 silly fetch manifest @esbuild/linux-ia32@0.18.20
92 silly fetch manifest @esbuild/linux-loong64@0.18.20
93 silly fetch manifest @esbuild/linux-mips64el@0.18.20
94 silly fetch manifest @esbuild/linux-ppc64@0.18.20
95 silly fetch manifest @esbuild/linux-riscv64@0.18.20
96 silly fetch manifest @esbuild/linux-s390x@0.18.20
97 silly fetch manifest @esbuild/linux-x64@0.18.20
98 silly fetch manifest @esbuild/netbsd-x64@0.18.20
99 silly fetch manifest @esbuild/openbsd-x64@0.18.20
100 silly fetch manifest @esbuild/sunos-x64@0.18.20
101 silly fetch manifest @esbuild/win32-arm64@0.18.20
102 silly fetch manifest @esbuild/win32-ia32@0.18.20
103 silly fetch manifest @esbuild/win32-x64@0.18.20
104 silly placeDep ROOT fsevents@2.3.2 OK for: vite@4.4.9 want: ~2.3.2
105 silly placeDep ROOT postcss@8.4.28 OK for: vite@4.4.9 want: ^8.4.27
106 silly fetch manifest nanoid@^3.3.6
107 silly fetch manifest picocolors@^1.0.0
108 silly fetch manifest source-map-js@^1.0.2
109 silly placeDep ROOT rollup@3.28.0 OK for: vite@4.4.9 want: ^3.27.1
110 http fetch GET 200 https://registry.npmjs.org/@esbuild%2ffreebsd-x64 679ms (cache revalidated)
111 http fetch GET 200 https://registry.npmjs.org/@esbuild%2fandroid-arm64 715ms (cache revalidated)
112 http fetch GET 200 https://registry.npmjs.org/@esbuild%2fandroid-arm 728ms (cache revalidated)
113 http fetch GET 200 https://registry.npmjs.org/@esbuild%2fandroid-x64 727ms (cache revalidated)
114 http fetch GET 200 https://registry.npmjs.org/@esbuild%2fdarwin-x64 719ms (cache revalidated)
115 http fetch GET 200 https://registry.npmjs.org/@esbuild%2fdarwin-arm64 733ms (cache revalidated)
116 http fetch GET 200 https://registry.npmjs.org/@esbuild%2flinux-ia32 709ms (cache revalidated)
117 http fetch GET 200 https://registry.npmjs.org/@esbuild%2ffreebsd-arm64 746ms (cache revalidated)
118 http fetch GET 200 https://registry.npmjs.org/@esbuild%2flinux-s390x 870ms (cache revalidated)
119 http fetch GET 200 https://registry.npmjs.org/picocolors 806ms (cache revalidated)
120 http fetch GET 200 https://registry.npmjs.org/@esbuild%2fwin32-ia32 853ms (cache revalidated)
121 http fetch GET 200 https://registry.npmjs.org/@esbuild%2flinux-x64 885ms (cache revalidated)
122 http fetch GET 200 https://registry.npmjs.org/@esbuild%2fsunos-x64 900ms (cache revalidated)
123 http fetch GET 200 https://registry.npmjs.org/@esbuild%2fwin32-arm64 900ms (cache revalidated)
124 http fetch GET 200 https://registry.npmjs.org/@esbuild%2fnetbsd-x64 936ms (cache revalidated)
125 http fetch GET 200 https://registry.npmjs.org/@esbuild%2flinux-arm64 992ms (cache revalidated)
126 http fetch GET 200 https://registry.npmjs.org/@esbuild%2fwin32-x64 929ms (cache revalidated)
127 http fetch GET 200 https://registry.npmjs.org/@esbuild%2flinux-riscv64 982ms (cache revalidated)
128 http fetch GET 200 https://registry.npmjs.org/source-map-js 902ms (cache revalidated)
129 http fetch GET 200 https://registry.npmjs.org/nanoid 924ms (cache revalidated)
130 http fetch GET 200 https://registry.npmjs.org/@esbuild%2flinux-mips64el 1024ms (cache revalidated)
131 http fetch GET 200 https://registry.npmjs.org/@esbuild%2flinux-loong64 1035ms (cache revalidated)
132 http fetch GET 200 https://registry.npmjs.org/@esbuild%2flinux-arm 1061ms (cache revalidated)
133 http fetch GET 200 https://registry.npmjs.org/@esbuild%2fopenbsd-x64 1022ms (cache revalidated)
134 http fetch GET 200 https://registry.npmjs.org/@esbuild%2flinux-ppc64 1056ms (cache revalidated)
135 timing idealTree:node_modules/vite Completed in 1179ms
136 silly placeDep ROOT @esbuild/android-arm@0.18.20 OK for: esbuild@0.18.20 want: 0.18.20
137 silly placeDep ROOT @esbuild/android-arm64@0.18.20 OK for: esbuild@0.18.20 want: 0.18.20
138 silly placeDep ROOT @esbuild/android-x64@0.18.20 OK for: esbuild@0.18.20 want: 0.18.20
139 silly placeDep ROOT @esbuild/darwin-arm64@0.18.20 OK for: esbuild@0.18.20 want: 0.18.20
140 silly placeDep ROOT @esbuild/darwin-x64@0.18.20 OK for: esbuild@0.18.20 want: 0.18.20
141 silly placeDep ROOT @esbuild/freebsd-arm64@0.18.20 OK for: esbuild@0.18.20 want: 0.18.20
142 silly placeDep ROOT @esbuild/freebsd-x64@0.18.20 OK for: esbuild@0.18.20 want: 0.18.20
143 silly placeDep ROOT @esbuild/linux-arm@0.18.20 OK for: esbuild@0.18.20 want: 0.18.20
144 silly placeDep ROOT @esbuild/linux-arm64@0.18.20 OK for: esbuild@0.18.20 want: 0.18.20
145 silly placeDep ROOT @esbuild/linux-ia32@0.18.20 OK for: esbuild@0.18.20 want: 0.18.20
146 silly placeDep ROOT @esbuild/linux-loong64@0.18.20 OK for: esbuild@0.18.20 want: 0.18.20
147 silly placeDep ROOT @esbuild/linux-mips64el@0.18.20 OK for: esbuild@0.18.20 want: 0.18.20
148 silly placeDep ROOT @esbuild/linux-ppc64@0.18.20 OK for: esbuild@0.18.20 want: 0.18.20
149 silly placeDep ROOT @esbuild/linux-riscv64@0.18.20 OK for: esbuild@0.18.20 want: 0.18.20
150 silly placeDep ROOT @esbuild/linux-s390x@0.18.20 OK for: esbuild@0.18.20 want: 0.18.20
151 silly placeDep ROOT @esbuild/linux-x64@0.18.20 OK for: esbuild@0.18.20 want: 0.18.20
152 silly placeDep ROOT @esbuild/netbsd-x64@0.18.20 OK for: esbuild@0.18.20 want: 0.18.20
153 silly placeDep ROOT @esbuild/openbsd-x64@0.18.20 OK for: esbuild@0.18.20 want: 0.18.20
154 silly placeDep ROOT @esbuild/sunos-x64@0.18.20 OK for: esbuild@0.18.20 want: 0.18.20
155 silly placeDep ROOT @esbuild/win32-arm64@0.18.20 OK for: esbuild@0.18.20 want: 0.18.20
156 silly placeDep ROOT @esbuild/win32-ia32@0.18.20 OK for: esbuild@0.18.20 want: 0.18.20
157 silly placeDep ROOT @esbuild/win32-x64@0.18.20 OK for: esbuild@0.18.20 want: 0.18.20
158 timing idealTree:node_modules/esbuild Completed in 274ms
159 timing idealTree:node_modules/@esbuild/android-arm Completed in 0ms
160 timing idealTree:node_modules/@esbuild/android-arm64 Completed in 0ms
161 timing idealTree:node_modules/@esbuild/android-x64 Completed in 0ms
162 timing idealTree:node_modules/@esbuild/darwin-arm64 Completed in 0ms
163 timing idealTree:node_modules/@esbuild/darwin-x64 Completed in 1ms
164 timing idealTree:node_modules/@esbuild/freebsd-arm64 Completed in 0ms
165 timing idealTree:node_modules/@esbuild/freebsd-x64 Completed in 0ms
166 timing idealTree:node_modules/@esbuild/linux-arm Completed in 0ms
167 timing idealTree:node_modules/@esbuild/linux-arm64 Completed in 0ms
168 timing idealTree:node_modules/@esbuild/linux-ia32 Completed in 1ms
169 timing idealTree:node_modules/@esbuild/linux-loong64 Completed in 0ms
170 timing idealTree:node_modules/@esbuild/linux-mips64el Completed in 0ms
171 timing idealTree:node_modules/@esbuild/linux-ppc64 Completed in 0ms
172 timing idealTree:node_modules/@esbuild/linux-riscv64 Completed in 0ms
173 timing idealTree:node_modules/@esbuild/linux-s390x Completed in 0ms
174 timing idealTree:node_modules/@esbuild/linux-x64 Completed in 0ms
175 timing idealTree:node_modules/@esbuild/netbsd-x64 Completed in 1ms
176 timing idealTree:node_modules/@esbuild/openbsd-x64 Completed in 0ms
177 timing idealTree:node_modules/@esbuild/sunos-x64 Completed in 0ms
178 timing idealTree:node_modules/@esbuild/win32-arm64 Completed in 0ms
179 timing idealTree:node_modules/@esbuild/win32-ia32 Completed in 0ms
180 timing idealTree:node_modules/@esbuild/win32-x64 Completed in 0ms
181 timing idealTree:node_modules/fsevents Completed in 0ms
182 silly placeDep ROOT nanoid@3.3.6 OK for: postcss@8.4.28 want: ^3.3.6
183 silly placeDep ROOT picocolors@1.0.0 OK for: postcss@8.4.28 want: ^1.0.0
184 silly placeDep ROOT source-map-js@1.0.2 OK for: postcss@8.4.28 want: ^1.0.2
185 timing idealTree:node_modules/postcss Completed in 37ms
186 timing idealTree:node_modules/nanoid Completed in 0ms
187 timing idealTree:node_modules/picocolors Completed in 0ms
188 timing idealTree:node_modules/rollup Completed in 0ms
189 timing idealTree:node_modules/source-map-js Completed in 0ms
190 silly fetch manifest vue@3.3.4
191 silly placeDep ROOT @vue/compiler-dom@3.3.4 OK for: vue@3.3.4 want: 3.3.4
192 silly fetch manifest @vue/compiler-core@3.3.4
193 silly placeDep ROOT @vue/compiler-sfc@3.3.4 OK for: vue@3.3.4 want: 3.3.4
194 silly fetch manifest @babel/parser@^7.20.15
195 silly fetch manifest @vue/compiler-ssr@3.3.4
196 silly fetch manifest @vue/reactivity-transform@3.3.4
197 silly fetch manifest estree-walker@^2.0.2
198 silly fetch manifest magic-string@^0.30.0
199 silly placeDep ROOT @vue/runtime-dom@3.3.4 OK for: vue@3.3.4 want: 3.3.4
200 silly fetch manifest @vue/runtime-core@3.3.4
201 silly fetch manifest csstype@^3.1.1
202 silly placeDep ROOT @vue/server-renderer@3.3.4 OK for: vue@3.3.4 want: 3.3.4
203 silly placeDep ROOT @vue/shared@3.3.4 OK for: vue@3.3.4 want: 3.3.4
204 http fetch GET 200 https://registry.npmjs.org/@babel%2fparser 281ms (cache revalidated)
205 http fetch GET 200 https://registry.npmjs.org/csstype 259ms (cache revalidated)
206 http fetch GET 200 https://registry.npmjs.org/estree-walker 324ms (cache miss)
207 http fetch GET 200 https://registry.npmjs.org/magic-string 346ms (cache miss)
208 http fetch GET 200 https://registry.npmjs.org/@vue%2freactivity-transform 541ms (cache miss)
209 http fetch GET 200 https://registry.npmjs.org/@vue%2fcompiler-ssr 603ms (cache miss)
210 http fetch GET 200 https://registry.npmjs.org/@vue%2fruntime-core 594ms (cache miss)
211 http fetch GET 200 https://registry.npmjs.org/@vue%2fcompiler-core 1099ms (cache miss)
212 timing idealTree:node_modules/vue Completed in 1147ms
213 silly placeDep ROOT @vue/compiler-core@3.3.4 OK for: @vue/compiler-dom@3.3.4 want: 3.3.4
214 silly fetch manifest @babel/parser@^7.21.3
215 timing idealTree:node_modules/@vue/compiler-dom Completed in 21ms
216 silly placeDep ROOT @babel/parser@7.22.10 OK for: @vue/compiler-core@3.3.4 want: ^7.21.3
217 silly placeDep ROOT estree-walker@2.0.2 OK for: @vue/compiler-core@3.3.4 want: ^2.0.2
218 timing idealTree:node_modules/@vue/compiler-core Completed in 22ms
219 timing idealTree:node_modules/@babel/parser Completed in 0ms
220 silly placeDep ROOT @vue/compiler-ssr@3.3.4 OK for: @vue/compiler-sfc@3.3.4 want: 3.3.4
221 silly placeDep ROOT @vue/reactivity-transform@3.3.4 OK for: @vue/compiler-sfc@3.3.4 want: 3.3.4
222 silly placeDep ROOT magic-string@0.30.2 OK for: @vue/compiler-sfc@3.3.4 want: ^0.30.0
223 silly fetch manifest @jridgewell/sourcemap-codec@^1.4.15
224 http fetch GET 200 https://registry.npmjs.org/@jridgewell%2fsourcemap-codec 128ms (cache revalidated)
225 timing idealTree:node_modules/@vue/compiler-sfc Completed in 179ms
226 timing idealTree:node_modules/@vue/compiler-ssr Completed in 1ms
227 timing idealTree:node_modules/@vue/reactivity-transform Completed in 1ms
228 silly placeDep ROOT @vue/runtime-core@3.3.4 OK for: @vue/runtime-dom@3.3.4 want: 3.3.4
229 silly fetch manifest @vue/reactivity@3.3.4
230 silly placeDep ROOT csstype@3.1.2 OK for: @vue/runtime-dom@3.3.4 want: ^3.1.1
231 http fetch GET 200 https://registry.npmjs.org/@vue%2freactivity 536ms (cache miss)
232 timing idealTree:node_modules/@vue/runtime-dom Completed in 563ms
233 silly placeDep ROOT @vue/reactivity@3.3.4 OK for: @vue/runtime-core@3.3.4 want: 3.3.4
234 timing idealTree:node_modules/@vue/runtime-core Completed in 10ms
235 timing idealTree:node_modules/@vue/reactivity Completed in 0ms
236 timing idealTree:node_modules/@vue/server-renderer Completed in 0ms
237 timing idealTree:node_modules/@vue/shared Completed in 1ms
238 timing idealTree:node_modules/csstype Completed in 0ms
239 timing idealTree:node_modules/estree-walker Completed in 0ms
240 silly placeDep ROOT @jridgewell/sourcemap-codec@1.4.15 OK for: magic-string@0.30.2 want: ^1.4.15
241 timing idealTree:node_modules/magic-string Completed in 13ms
242 timing idealTree:node_modules/@jridgewell/sourcemap-codec Completed in 0ms
243 timing idealTree:buildDeps Completed in 11565ms
244 timing idealTree:fixDepFlags Completed in 7ms
245 timing idealTree Completed in 11705ms
246 timing reify:loadTrees Completed in 11713ms
247 timing reify:diffTrees Completed in 17ms
248 silly reify moves {}
249 timing reify:retireShallow Completed in 14ms
250 timing reify:createSparse Completed in 38ms
251 timing reify:loadBundles Completed in 0ms
252 silly audit bulk request {
252 silly audit   '@vitejs/plugin-vue': [ '4.3.1' ],
252 silly audit   vite: [ '4.4.9' ],
252 silly audit   vue: [ '3.3.4' ],
252 silly audit   esbuild: [ '0.18.20' ],
252 silly audit   fsevents: [ '2.3.2' ],
252 silly audit   postcss: [ '8.4.28' ],
252 silly audit   rollup: [ '3.28.0' ],
252 silly audit   '@esbuild/android-arm': [ '0.18.20' ],
252 silly audit   '@esbuild/android-arm64': [ '0.18.20' ],
252 silly audit   '@esbuild/android-x64': [ '0.18.20' ],
252 silly audit   '@esbuild/darwin-arm64': [ '0.18.20' ],
252 silly audit   '@esbuild/darwin-x64': [ '0.18.20' ],
252 silly audit   '@esbuild/freebsd-arm64': [ '0.18.20' ],
252 silly audit   '@esbuild/freebsd-x64': [ '0.18.20' ],
252 silly audit   '@esbuild/linux-arm': [ '0.18.20' ],
252 silly audit   '@esbuild/linux-arm64': [ '0.18.20' ],
252 silly audit   '@esbuild/linux-ia32': [ '0.18.20' ],
252 silly audit   '@esbuild/linux-loong64': [ '0.18.20' ],
252 silly audit   '@esbuild/linux-mips64el': [ '0.18.20' ],
252 silly audit   '@esbuild/linux-ppc64': [ '0.18.20' ],
252 silly audit   '@esbuild/linux-riscv64': [ '0.18.20' ],
252 silly audit   '@esbuild/linux-s390x': [ '0.18.20' ],
252 silly audit   '@esbuild/linux-x64': [ '0.18.20' ],
252 silly audit   '@esbuild/netbsd-x64': [ '0.18.20' ],
252 silly audit   '@esbuild/openbsd-x64': [ '0.18.20' ],
252 silly audit   '@esbuild/sunos-x64': [ '0.18.20' ],
252 silly audit   '@esbuild/win32-arm64': [ '0.18.20' ],
252 silly audit   '@esbuild/win32-ia32': [ '0.18.20' ],
252 silly audit   '@esbuild/win32-x64': [ '0.18.20' ],
252 silly audit   nanoid: [ '3.3.6' ],
252 silly audit   picocolors: [ '1.0.0' ],
252 silly audit   'source-map-js': [ '1.0.2' ],
252 silly audit   '@vue/compiler-dom': [ '3.3.4' ],
252 silly audit   '@vue/compiler-sfc': [ '3.3.4' ],
252 silly audit   '@vue/runtime-dom': [ '3.3.4' ],
252 silly audit   '@vue/server-renderer': [ '3.3.4' ],
252 silly audit   '@vue/shared': [ '3.3.4' ],
252 silly audit   '@vue/compiler-core': [ '3.3.4' ],
252 silly audit   '@babel/parser': [ '7.22.10' ],
252 silly audit   'estree-walker': [ '2.0.2' ],
252 silly audit   '@vue/compiler-ssr': [ '3.3.4' ],
252 silly audit   '@vue/reactivity-transform': [ '3.3.4' ],
252 silly audit   'magic-string': [ '0.30.2' ],
252 silly audit   '@vue/runtime-core': [ '3.3.4' ],
252 silly audit   csstype: [ '3.1.2' ],
252 silly audit   '@vue/reactivity': [ '3.3.4' ],
252 silly audit   '@jridgewell/sourcemap-codec': [ '1.4.15' ]
252 silly audit }
253 verbose reify failed optional dependency /storage/emulated/0/new/node_modules/@esbuild/win32-x64
254 silly reify mark deleted [ '/storage/emulated/0/new/node_modules/@esbuild/win32-x64' ]
255 verbose reify failed optional dependency /storage/emulated/0/new/node_modules/@esbuild/win32-ia32
256 silly reify mark deleted [ '/storage/emulated/0/new/node_modules/@esbuild/win32-ia32' ]
257 verbose reify failed optional dependency /storage/emulated/0/new/node_modules/@esbuild/win32-arm64
258 silly reify mark deleted [ '/storage/emulated/0/new/node_modules/@esbuild/win32-arm64' ]
259 verbose reify failed optional dependency /storage/emulated/0/new/node_modules/@esbuild/sunos-x64
260 silly reify mark deleted [ '/storage/emulated/0/new/node_modules/@esbuild/sunos-x64' ]
261 verbose reify failed optional dependency /storage/emulated/0/new/node_modules/@esbuild/openbsd-x64
262 silly reify mark deleted [ '/storage/emulated/0/new/node_modules/@esbuild/openbsd-x64' ]
263 verbose reify failed optional dependency /storage/emulated/0/new/node_modules/@esbuild/netbsd-x64
264 silly reify mark deleted [ '/storage/emulated/0/new/node_modules/@esbuild/netbsd-x64' ]
265 verbose reify failed optional dependency /storage/emulated/0/new/node_modules/@esbuild/linux-x64
266 silly reify mark deleted [ '/storage/emulated/0/new/node_modules/@esbuild/linux-x64' ]
267 verbose reify failed optional dependency /storage/emulated/0/new/node_modules/@esbuild/linux-s390x
268 silly reify mark deleted [ '/storage/emulated/0/new/node_modules/@esbuild/linux-s390x' ]
269 verbose reify failed optional dependency /storage/emulated/0/new/node_modules/@esbuild/linux-riscv64
270 silly reify mark deleted [ '/storage/emulated/0/new/node_modules/@esbuild/linux-riscv64' ]
271 verbose reify failed optional dependency /storage/emulated/0/new/node_modules/@esbuild/linux-ppc64
272 silly reify mark deleted [ '/storage/emulated/0/new/node_modules/@esbuild/linux-ppc64' ]
273 verbose reify failed optional dependency /storage/emulated/0/new/node_modules/@esbuild/linux-mips64el
274 silly reify mark deleted [ '/storage/emulated/0/new/node_modules/@esbuild/linux-mips64el' ]
275 verbose reify failed optional dependency /storage/emulated/0/new/node_modules/@esbuild/linux-loong64
276 silly reify mark deleted [ '/storage/emulated/0/new/node_modules/@esbuild/linux-loong64' ]
277 verbose reify failed optional dependency /storage/emulated/0/new/node_modules/@esbuild/linux-ia32
278 silly reify mark deleted [ '/storage/emulated/0/new/node_modules/@esbuild/linux-ia32' ]
279 verbose reify failed optional dependency /storage/emulated/0/new/node_modules/@esbuild/linux-arm64
280 silly reify mark deleted [ '/storage/emulated/0/new/node_modules/@esbuild/linux-arm64' ]
281 verbose reify failed optional dependency /storage/emulated/0/new/node_modules/@esbuild/linux-arm
282 silly reify mark deleted [ '/storage/emulated/0/new/node_modules/@esbuild/linux-arm' ]
283 verbose reify failed optional dependency /storage/emulated/0/new/node_modules/@esbuild/freebsd-x64
284 silly reify mark deleted [ '/storage/emulated/0/new/node_modules/@esbuild/freebsd-x64' ]
285 verbose reify failed optional dependency /storage/emulated/0/new/node_modules/@esbuild/freebsd-arm64
286 silly reify mark deleted [ '/storage/emulated/0/new/node_modules/@esbuild/freebsd-arm64' ]
287 verbose reify failed optional dependency /storage/emulated/0/new/node_modules/@esbuild/darwin-x64
288 silly reify mark deleted [ '/storage/emulated/0/new/node_modules/@esbuild/darwin-x64' ]
289 verbose reify failed optional dependency /storage/emulated/0/new/node_modules/@esbuild/darwin-arm64
290 silly reify mark deleted [ '/storage/emulated/0/new/node_modules/@esbuild/darwin-arm64' ]
291 verbose reify failed optional dependency /storage/emulated/0/new/node_modules/@esbuild/android-x64
292 silly reify mark deleted [ '/storage/emulated/0/new/node_modules/@esbuild/android-x64' ]
293 verbose reify failed optional dependency /storage/emulated/0/new/node_modules/@esbuild/android-arm64
294 silly reify mark deleted [ '/storage/emulated/0/new/node_modules/@esbuild/android-arm64' ]
295 verbose reify failed optional dependency /storage/emulated/0/new/node_modules/fsevents
296 silly reify mark deleted [ '/storage/emulated/0/new/node_modules/fsevents' ]
297 timing reifyNode:node_modules/@esbuild/win32-x64 Completed in 111ms
298 timing reifyNode:node_modules/@esbuild/win32-ia32 Completed in 112ms
299 timing reifyNode:node_modules/@esbuild/win32-arm64 Completed in 112ms
300 timing reifyNode:node_modules/@esbuild/sunos-x64 Completed in 112ms
301 timing reifyNode:node_modules/@esbuild/openbsd-x64 Completed in 112ms
302 timing reifyNode:node_modules/@esbuild/netbsd-x64 Completed in 112ms
303 timing reifyNode:node_modules/@esbuild/linux-x64 Completed in 113ms
304 timing reifyNode:node_modules/@esbuild/linux-s390x Completed in 112ms
305 timing reifyNode:node_modules/@esbuild/linux-riscv64 Completed in 113ms
306 timing reifyNode:node_modules/@esbuild/linux-ppc64 Completed in 113ms
307 timing reifyNode:node_modules/@esbuild/linux-mips64el Completed in 113ms
308 timing reifyNode:node_modules/@esbuild/linux-loong64 Completed in 113ms
309 timing reifyNode:node_modules/@esbuild/linux-ia32 Completed in 113ms
310 timing reifyNode:node_modules/@esbuild/linux-arm64 Completed in 114ms
311 timing reifyNode:node_modules/@esbuild/linux-arm Completed in 113ms
312 timing reifyNode:node_modules/@esbuild/freebsd-x64 Completed in 114ms
313 timing reifyNode:node_modules/@esbuild/freebsd-arm64 Completed in 113ms
314 timing reifyNode:node_modules/@esbuild/darwin-x64 Completed in 114ms
315 timing reifyNode:node_modules/@esbuild/darwin-arm64 Completed in 114ms
316 timing reifyNode:node_modules/@esbuild/android-x64 Completed in 114ms
317 timing reifyNode:node_modules/@esbuild/android-arm64 Completed in 115ms
318 timing reifyNode:node_modules/fsevents Completed in 113ms
319 silly tarball no local data for @vue/reactivity@https://registry.npmjs.org/@vue/reactivity/-/reactivity-3.3.4.tgz. Extracting by manifest.
320 silly tarball no local data for @vue/runtime-core@https://registry.npmjs.org/@vue/runtime-core/-/runtime-core-3.3.4.tgz. Extracting by manifest.
321 silly tarball no local data for magic-string@https://registry.npmjs.org/magic-string/-/magic-string-0.30.2.tgz. Extracting by manifest.
322 silly tarball no local data for @vue/reactivity-transform@https://registry.npmjs.org/@vue/reactivity-transform/-/reactivity-transform-3.3.4.tgz. Extracting by manifest.
323 silly tarball no local data for @vue/compiler-ssr@https://registry.npmjs.org/@vue/compiler-ssr/-/compiler-ssr-3.3.4.tgz. Extracting by manifest.
324 silly tarball no local data for estree-walker@https://registry.npmjs.org/estree-walker/-/estree-walker-2.0.2.tgz. Extracting by manifest.
325 silly tarball no local data for @vue/compiler-core@https://registry.npmjs.org/@vue/compiler-core/-/compiler-core-3.3.4.tgz. Extracting by manifest.
326 silly tarball no local data for @vue/shared@https://registry.npmjs.org/@vue/shared/-/shared-3.3.4.tgz. Extracting by manifest.
327 silly tarball no local data for @vue/server-renderer@https://registry.npmjs.org/@vue/server-renderer/-/server-renderer-3.3.4.tgz. Extracting by manifest.
328 silly tarball no local data for @vue/runtime-dom@https://registry.npmjs.org/@vue/runtime-dom/-/runtime-dom-3.3.4.tgz. Extracting by manifest.
329 silly tarball no local data for @vue/compiler-sfc@https://registry.npmjs.org/@vue/compiler-sfc/-/compiler-sfc-3.3.4.tgz. Extracting by manifest.
330 silly tarball no local data for @vue/compiler-dom@https://registry.npmjs.org/@vue/compiler-dom/-/compiler-dom-3.3.4.tgz. Extracting by manifest.
331 silly tarball no local data for vue@https://registry.npmjs.org/vue/-/vue-3.3.4.tgz. Extracting by manifest.
332 silly tarball no local data for @vitejs/plugin-vue@https://registry.npmjs.org/@vitejs/plugin-vue/-/plugin-vue-4.3.1.tgz. Extracting by manifest.
333 http fetch POST 200 https://registry.npmjs.org/-/npm/v1/security/advisories/bulk 1423ms
334 timing auditReport:getReport Completed in 1452ms
335 silly audit report {}
336 timing auditReport:init Completed in 0ms
337 timing reify:audit Completed in 1459ms
338 timing reifyNode:node_modules/picocolors Completed in 1805ms
339 timing reifyNode:node_modules/@jridgewell/sourcemap-codec Completed in 2034ms
340 timing reifyNode:node_modules/esbuild Completed in 2074ms
341 http fetch GET 200 https://registry.npmjs.org/@vitejs/plugin-vue/-/plugin-vue-4.3.1.tgz 1820ms (cache miss)
342 http fetch GET 200 https://registry.npmjs.org/@vue/reactivity-transform/-/reactivity-transform-3.3.4.tgz 1902ms (cache miss)
343 timing reifyNode:node_modules/@vue/reactivity-transform Completed in 2178ms
344 timing reifyNode:node_modules/@vitejs/plugin-vue Completed in 2233ms
345 http fetch GET 200 https://registry.npmjs.org/@vue/compiler-ssr/-/compiler-ssr-3.3.4.tgz 2032ms (cache miss)
346 timing reifyNode:node_modules/@vue/compiler-ssr Completed in 2311ms
347 http fetch GET 200 https://registry.npmjs.org/@vue/shared/-/shared-3.3.4.tgz 2075ms (cache miss)
348 timing reifyNode:node_modules/@vue/shared Completed in 2369ms
349 timing reifyNode:node_modules/source-map-js Completed in 2390ms
350 timing reifyNode:node_modules/nanoid Completed in 2409ms
351 http fetch GET 200 https://registry.npmjs.org/@vue/reactivity/-/reactivity-3.3.4.tgz 2175ms (cache miss)
352 http fetch GET 200 https://registry.npmjs.org/estree-walker/-/estree-walker-2.0.2.tgz 2179ms (cache miss)
353 timing reifyNode:node_modules/estree-walker Completed in 2463ms
354 timing reifyNode:node_modules/@vue/reactivity Completed in 2470ms
355 http fetch GET 200 https://registry.npmjs.org/magic-string/-/magic-string-0.30.2.tgz 2324ms (cache miss)
356 timing reifyNode:node_modules/magic-string Completed in 2631ms
357 http fetch GET 200 https://registry.npmjs.org/@vue/compiler-dom/-/compiler-dom-3.3.4.tgz 2514ms (cache miss)
358 timing reifyNode:node_modules/@vue/compiler-dom Completed in 2834ms
359 http fetch GET 200 https://registry.npmjs.org/@vue/compiler-core/-/compiler-core-3.3.4.tgz 2599ms (cache miss)
360 timing reifyNode:node_modules/@vue/compiler-core Completed in 2887ms
361 http fetch GET 200 https://registry.npmjs.org/@vue/server-renderer/-/server-renderer-3.3.4.tgz 2650ms (cache miss)
362 timing reifyNode:node_modules/@vue/server-renderer Completed in 2950ms
363 timing reifyNode:node_modules/csstype Completed in 2994ms
364 timing reifyNode:node_modules/postcss Completed in 2990ms
365 http fetch GET 200 https://registry.npmjs.org/@vue/runtime-core/-/runtime-core-3.3.4.tgz 2765ms (cache miss)
366 timing reifyNode:node_modules/@vue/runtime-core Completed in 3028ms
367 http fetch GET 200 https://registry.npmjs.org/@vue/runtime-dom/-/runtime-dom-3.3.4.tgz 2754ms (cache miss)
368 timing reifyNode:node_modules/@vue/runtime-dom Completed in 3062ms
369 http fetch GET 200 https://registry.npmjs.org/vue/-/vue-3.3.4.tgz 3085ms (cache miss)
370 timing reifyNode:node_modules/vue Completed in 3406ms
371 timing reifyNode:node_modules/rollup Completed in 3410ms
372 http fetch GET 200 https://registry.npmjs.org/@vue/compiler-sfc/-/compiler-sfc-3.3.4.tgz 3135ms (cache miss)
373 timing reifyNode:node_modules/@vue/compiler-sfc Completed in 3450ms
374 timing reifyNode:node_modules/vite Completed in 3506ms
375 timing reifyNode:node_modules/@babel/parser Completed in 3643ms
376 timing reifyNode:node_modules/@esbuild/android-arm Completed in 3713ms
377 timing reify:unpack Completed in 3741ms
378 timing reify:unretire Completed in 1ms
379 timing build:queue Completed in 20ms
380 timing reify:rollback:createSparse Completed in 182ms
381 timing reify:rollback:retireShallow Completed in 0ms
382 timing command:install Completed in 16010ms
383 verbose stack Error: EPERM: operation not permitted, symlink '../@babel/parser/bin/babel-parser.js' -> '/storage/emulated/0/new/node_modules/.bin/parser'
384 verbose cwd /storage/emulated/0/new
385 verbose Linux 4.9.190-perf-ge23fb46
386 verbose node v20.2.0
387 verbose npm  v9.6.6
388 error code EPERM
389 error syscall symlink
390 error path ../@babel/parser/bin/babel-parser.js
391 error dest /storage/emulated/0/new/node_modules/.bin/parser
392 error errno -1
393 error [Error: EPERM: operation not permitted, symlink '../@babel/parser/bin/babel-parser.js' -> '/storage/emulated/0/new/node_modules/.bin/parser'] {
393 error   errno: -1,
393 error   code: 'EPERM',
393 error   syscall: 'symlink',
393 error   path: '../@babel/parser/bin/babel-parser.js',
393 error   dest: '/storage/emulated/0/new/node_modules/.bin/parser'
393 error }
394 error
394 error The operation was rejected by your operating system.
394 error It is likely you do not have the permissions to access this file as the current user
394 error
394 error If you believe this might be a permissions issue, please double-check the
394 error permissions of the file and its containing directories, or try running
394 error the command again as root/Administrator.
395 verbose exit -1
396 timing npm Completed in 19939ms
397 verbose unfinished npm timer reify 1692311516729
398 verbose unfinished npm timer reify:build 1692311532436
399 verbose unfinished npm timer build 1692311532438
400 verbose unfinished npm timer build:deps 1692311532440
401 verbose unfinished npm timer build:link 1692311532463
402 verbose unfinished npm timer build:link:node_modules/@babel/parser 1692311532463
403 verbose unfinished npm timer build:link:node_modules/esbuild 1692311532468
404 verbose unfinished npm timer build:link:node_modules/nanoid 1692311532468
405 verbose unfinished npm timer build:link:node_modules/rollup 1692311532469
406 verbose unfinished npm timer build:link:node_modules/vite 1692311532470
407 verbose code -1
408 error A complete log of this run can be found in: /data/data/com.termux/files/home/.npm/_logs/2023-08-17T22_31_52_734Z-debug-0.log
