0 verbose cli /data/data/com.termux/files/usr/bin/node /data/data/com.termux/files/usr/bin/npm
1 info using npm@9.6.6
2 info using node@v20.2.0
3 timing npm:load:whichnode Completed in 7ms
4 timing config:load:defaults Completed in 8ms
5 timing config:load:file:/data/data/com.termux/files/usr/lib/node_modules/npm/npmrc Completed in 3ms
6 timing config:load:builtin Completed in 3ms
7 timing config:load:cli Completed in 10ms
8 timing config:load:env Completed in 1ms
9 timing config:load:project Completed in 6ms
10 timing config:load:file:/data/data/com.termux/files/home/.npmrc Completed in 8ms
11 timing config:load:user Completed in 9ms
12 timing config:load:file:/data/data/com.termux/files/usr/etc/npmrc Completed in 1ms
13 timing config:load:global Completed in 2ms
14 timing config:load:setEnvs Completed in 5ms
15 timing config:load Completed in 52ms
16 timing npm:load:configload Completed in 52ms
17 timing npm:load:mkdirpcache Completed in 2ms
18 timing npm:load:mkdirplogs Completed in 2ms
19 verbose title npm audit fix
20 verbose argv "audit" "fix"
21 timing npm:load:setTitle Completed in 6ms
22 timing config:load:flatten Completed in 14ms
23 timing npm:load:display Completed in 18ms
24 verbose logfile logs-max:10 dir:/data/data/com.termux/files/home/.npm/_logs/2023-08-17T00_50_11_279Z-
25 verbose logfile /data/data/com.termux/files/home/.npm/_logs/2023-08-17T00_50_11_279Z-debug-0.log
26 timing npm:load:logFile Completed in 48ms
27 timing npm:load:timers Completed in 0ms
28 timing npm:load:configScope Completed in 0ms
29 timing npm:load Completed in 139ms
30 timing arborist:ctor Completed in 5ms
31 silly logfile done cleaning log files
32 silly audit bulk request {
32 silly audit   'ansi-styles': [ '4.3.0' ],
32 silly audit   'balanced-match': [ '1.0.2' ],
32 silly audit   'block-stream': [ '0.0.9' ],
32 silly audit   'brace-expansion': [ '1.1.11' ],
32 silly audit   'buffer-from': [ '0.1.2' ],
32 silly audit   builtins: [ '1.0.3' ],
32 silly audit   chalk: [ '4.1.2' ],
32 silly audit   'color-convert': [ '2.0.1' ],
32 silly audit   'color-name': [ '1.1.4' ],
32 silly audit   commander: [ '4.1.1' ],
32 silly audit   'concat-map': [ '0.0.1' ],
32 silly audit   'core-util-is': [ '1.0.3' ],
32 silly audit   'create-react-app': [ '5.0.1' ],
32 silly audit   'cross-spawn': [ '7.0.3' ],
32 silly audit   debug: [ '2.6.9' ],
32 silly audit   duplexer2: [ '0.0.2' ],
32 silly audit   envinfo: [ '7.10.0' ],
32 silly audit   'fs-extra': [ '10.1.0' ],
32 silly audit   'fs.realpath': [ '1.0.0' ],
32 silly audit   fstream: [ '1.0.12' ],
32 silly audit   'fstream-ignore': [ '1.0.5' ],
32 silly audit   glob: [ '7.2.3' ],
32 silly audit   'graceful-fs': [ '4.2.11' ],
32 silly audit   'has-flag': [ '4.0.0' ],
32 silly audit   hyperquest: [ '2.1.3' ],
32 silly audit   inflight: [ '1.0.6' ],
32 silly audit   inherits: [ '2.0.4' ],
32 silly audit   isarray: [ '0.0.1', '1.0.0' ],
32 silly audit   isexe: [ '2.0.0' ],
32 silly audit   'js-tokens': [ '4.0.0' ],
32 silly audit   jsonfile: [ '6.1.0' ],
32 silly audit   kleur: [ '3.0.3' ],
32 silly audit   'loose-envify': [ '1.4.0' ],
32 silly audit   'lru-cache': [ '6.0.0' ],
32 silly audit   minimatch: [ '3.1.2' ],
32 silly audit   minimist: [ '1.2.8' ],
32 silly audit   mkdirp: [ '0.5.6' ],
32 silly audit   ms: [ '2.0.0' ],
32 silly audit   once: [ '1.4.0' ],
32 silly audit   'path-is-absolute': [ '1.0.1' ],
32 silly audit   'path-key': [ '3.1.1' ],
32 silly audit   'process-nextick-args': [ '2.0.1' ],
32 silly audit   prompts: [ '2.4.2' ],
32 silly audit   react: [ '18.2.0' ],
32 silly audit   'readable-stream': [ '1.1.14', '2.3.8', '1.0.34' ],
32 silly audit   rimraf: [ '2.7.1', '3.0.2' ],
32 silly audit   'safe-buffer': [ '5.1.2' ],
32 silly audit   semver: [ '7.5.4' ],
32 silly audit   'shebang-command': [ '2.0.0' ],
32 silly audit   'shebang-regex': [ '3.0.0' ],
32 silly audit   sisteransi: [ '1.0.5' ],
32 silly audit   string_decoder: [ '0.10.31', '1.1.1' ],
32 silly audit   'supports-color': [ '7.2.0' ],
32 silly audit   tar: [ '2.2.2' ],
32 silly audit   'tar-pack': [ '3.4.1' ],
32 silly audit   through2: [ '0.6.5' ],
32 silly audit   tmp: [ '0.2.1' ],
32 silly audit   'uid-number': [ '0.0.6' ],
32 silly audit   universalify: [ '2.0.0' ],
32 silly audit   'util-deprecate': [ '1.0.2' ],
32 silly audit   'validate-npm-package-name': [ '3.0.0' ],
32 silly audit   which: [ '2.0.2' ],
32 silly audit   wrappy: [ '1.0.2' ],
32 silly audit   xtend: [ '4.0.2' ],
32 silly audit   yallist: [ '4.0.0' ]
32 silly audit }
33 http fetch POST 200 https://registry.npmjs.org/-/npm/v1/security/advisories/bulk 834ms
34 timing auditReport:getReport Completed in 866ms
35 silly audit report {
35 silly audit report   tar: [
35 silly audit report     {
35 silly audit report       id: 1089685,
35 silly audit report       url: 'https://github.com/advisories/GHSA-3jfq-g458-7qm9',
35 silly audit report       title: 'Arbitrary File Creation/Overwrite due to insufficient absolute path sanitization',
35 silly audit report       severity: 'high',
35 silly audit report       vulnerable_versions: '<3.2.2',
35 silly audit report       cwe: [Array],
35 silly audit report       cvss: [Object]
35 silly audit report     },
35 silly audit report     {
35 silly audit report       id: 1091314,
35 silly audit report       url: 'https://github.com/advisories/GHSA-r628-mhmh-qjhw',
35 silly audit report       title: 'Arbitrary File Creation/Overwrite via insufficient symlink protection due to directory cache poisoning',
35 silly audit report       severity: 'high',
35 silly audit report       vulnerable_versions: '<3.2.3',
35 silly audit report       cwe: [Array],
35 silly audit report       cvss: [Object]
35 silly audit report     },
35 silly audit report     {
35 silly audit report       id: 1091343,
35 silly audit report       url: 'https://github.com/advisories/GHSA-9r2w-394v-53qc',
35 silly audit report       title: 'Arbitrary File Creation/Overwrite via insufficient symlink protection due to directory cache poisoning using symbolic links',
35 silly audit report       severity: 'high',
35 silly audit report       vulnerable_versions: '<4.4.16',
35 silly audit report       cwe: [Array],
35 silly audit report       cvss: [Object]
35 silly audit report     },
35 silly audit report     {
35 silly audit report       id: 1091346,
35 silly audit report       url: 'https://github.com/advisories/GHSA-5955-9wpr-37jh',
35 silly audit report       title: 'Arbitrary File Creation/Overwrite on Windows via insufficient relative path sanitization',
35 silly audit report       severity: 'high',
35 silly audit report       vulnerable_versions: '<4.4.18',
35 silly audit report       cwe: [Array],
35 silly audit report       cvss: [Object]
35 silly audit report     },
35 silly audit report     {
35 silly audit report       id: 1092992,
35 silly audit report       url: 'https://github.com/advisories/GHSA-qq89-hq3f-393p',
35 silly audit report       title: 'Arbitrary File Creation/Overwrite via insufficient symlink protection due to directory cache poisoning using symbolic links',
35 silly audit report       severity: 'high',
35 silly audit report       vulnerable_versions: '<4.4.18',
35 silly audit report       cwe: [Array],
35 silly audit report       cvss: [Object]
35 silly audit report     }
35 silly audit report   ]
35 silly audit report }
36 timing metavuln:cache:get:security-advisory:tar://v7gXY4srL0Vdj6ndv/W5RidNqQcJEzKPP7wzp8ldEeGt+rcrGXk7GHbv4gaxsVCuNoYWXEG3Q0o+8zvTa+bA== Completed in 63ms
37 timing metavuln:cache:get:security-advisory:tar:Oa066nJpV2ox85F6qnk1N5eWmAmoWAMU7byYhWk4oYfHYrQ8aGHfCKRikfcy0dHDcKWKiPRc7Nz7R9fxKkj0Yw== Completed in 90ms
38 timing metavuln:cache:get:security-advisory:tar:6IrrInvFtCltpVhVG2VxuzkWZKyBFFz82q8vKUG6SlVafYLuCJzljuu4f8Lj65dXTwl03T5SLKe7fT6K17W2yg== Completed in 63ms
39 timing metavuln:cache:get:security-advisory:tar:p0AhLehZPY5CdqjgwJhs5z5O0h0MqVniwTfTsAMaLNDQ/RkWBbPEEZS5yXBrO2vDkOIaucWVWkY+Xk5QvzhkDA== Completed in 65ms
40 timing metavuln:cache:get:security-advisory:tar:iX22dkMRdz5sNHJkIH9BBcy6srHLXMg4rYGql4fiqoNHXvrVPvLqL3FL7m1C3wd5kX3Dp8hfJvPCxYFiRlWIpw== Completed in 68ms
41 http fetch GET 200 https://registry.npmjs.org/tar 122ms (cache hit)
42 timing metavuln:packument:tar Completed in 153ms
43 timing metavuln:load:security-advisory:tar:1089685 Completed in 7ms
44 timing metavuln:calculate:security-advisory:tar:1089685 Completed in 167ms
45 timing metavuln:load:security-advisory:tar:1091314 Completed in 4ms
46 timing metavuln:calculate:security-advisory:tar:1091314 Completed in 145ms
47 timing metavuln:load:security-advisory:tar:1091343 Completed in 3ms
48 timing metavuln:calculate:security-advisory:tar:1091343 Completed in 147ms
49 timing metavuln:load:security-advisory:tar:1091346 Completed in 3ms
50 timing metavuln:calculate:security-advisory:tar:1091346 Completed in 150ms
51 timing metavuln:load:security-advisory:tar:1092992 Completed in 4ms
52 timing metavuln:calculate:security-advisory:tar:1092992 Completed in 153ms
53 timing metavuln:cache:get:security-advisory:tar-pack:3KXljJwoAr/NHejfU6kg41RmjF3Pg6M28t7ViuMjk5SYV3kYL9qyGZ417dIFb1Y8K+hhpo0sBWpskxrKhsZQzQ== Completed in 16ms
54 http fetch GET 200 https://registry.npmjs.org/tar-pack 27ms (cache hit)
55 timing metavuln:packument:tar-pack Completed in 32ms
56 timing metavuln:load:security-advisory:tar-pack:Oa066nJpV2ox85F6qnk1N5eWmAmoWAMU7byYhWk4oYfHYrQ8aGHfCKRikfcy0dHDcKWKiPRc7Nz7R9fxKkj0Yw== Completed in 1ms
57 timing metavuln:calculate:security-advisory:tar-pack:Oa066nJpV2ox85F6qnk1N5eWmAmoWAMU7byYhWk4oYfHYrQ8aGHfCKRikfcy0dHDcKWKiPRc7Nz7R9fxKkj0Yw== Completed in 34ms
58 timing metavuln:cache:get:security-advisory:create-react-app:BAP5sjD/UipbJVBCija12WlnlurqvRCOfkHPDCK3St763W6JIxpLfRD1F9PMmW4GEaZmK6BFkh/Pye257xPpCw== Completed in 10ms
59 http fetch GET 200 https://registry.npmjs.org/create-react-app 25ms (cache hit)
60 timing metavuln:packument:create-react-app Completed in 36ms
61 timing metavuln:load:security-advisory:create-react-app:3KXljJwoAr/NHejfU6kg41RmjF3Pg6M28t7ViuMjk5SYV3kYL9qyGZ417dIFb1Y8K+hhpo0sBWpskxrKhsZQzQ== Completed in 8ms
62 timing metavuln:calculate:security-advisory:create-react-app:3KXljJwoAr/NHejfU6kg41RmjF3Pg6M28t7ViuMjk5SYV3kYL9qyGZ417dIFb1Y8K+hhpo0sBWpskxrKhsZQzQ== Completed in 45ms
63 timing auditReport:init Completed in 383ms
64 timing audit Completed in 1456ms
65 timing idealTree:init Completed in 188ms
66 timing idealTree:userRequests Completed in 4ms
67 silly idealTree buildDeps
68 silly fetch manifest create-react-app@^5.0.1
69 silly placeDep ROOT create-react-app@5.0.1 KEEP for:  want: ^5.0.1
70 timing idealTree:#root Completed in 42ms
71 silly fetch manifest tar-pack@^3.4.1
72 silly placeDep ROOT tar-pack@3.4.1 KEEP for: create-react-app@5.0.1 want: ^3.4.1
73 timing idealTree:node_modules/create-react-app Completed in 20ms
74 silly fetch manifest tar@^2.2.1
75 silly placeDep ROOT tar@2.2.2 KEEP for: tar-pack@3.4.1 want: ^2.2.1
76 timing idealTree:node_modules/tar-pack Completed in 26ms
77 timing idealTree:buildDeps Completed in 94ms
78 timing idealTree:fixDepFlags Completed in 0ms
79 timing idealTree Completed in 298ms
80 timing arborist:ctor Completed in 1ms
81 timing reify:loadTrees Completed in 412ms
82 timing reify:diffTrees Completed in 30ms
83 silly reify moves {}
84 timing reify:retireShallow Completed in 1ms
85 timing reify:createSparse Completed in 0ms
86 timing reify:loadBundles Completed in 0ms
87 silly audit bulk request {
87 silly audit   'ansi-styles': [ '4.3.0' ],
87 silly audit   'balanced-match': [ '1.0.2' ],
87 silly audit   'block-stream': [ '0.0.9' ],
87 silly audit   'brace-expansion': [ '1.1.11' ],
87 silly audit   'buffer-from': [ '0.1.2' ],
87 silly audit   builtins: [ '1.0.3' ],
87 silly audit   chalk: [ '4.1.2' ],
87 silly audit   'color-convert': [ '2.0.1' ],
87 silly audit   'color-name': [ '1.1.4' ],
87 silly audit   commander: [ '4.1.1' ],
87 silly audit   'concat-map': [ '0.0.1' ],
87 silly audit   'core-util-is': [ '1.0.3' ],
87 silly audit   'create-react-app': [ '5.0.1' ],
87 silly audit   'cross-spawn': [ '7.0.3' ],
87 silly audit   debug: [ '2.6.9' ],
87 silly audit   duplexer2: [ '0.0.2' ],
87 silly audit   envinfo: [ '7.10.0' ],
87 silly audit   'fs-extra': [ '10.1.0' ],
87 silly audit   'fs.realpath': [ '1.0.0' ],
87 silly audit   fstream: [ '1.0.12' ],
87 silly audit   'fstream-ignore': [ '1.0.5' ],
87 silly audit   glob: [ '7.2.3' ],
87 silly audit   'graceful-fs': [ '4.2.11' ],
87 silly audit   'has-flag': [ '4.0.0' ],
87 silly audit   hyperquest: [ '2.1.3' ],
87 silly audit   inflight: [ '1.0.6' ],
87 silly audit   inherits: [ '2.0.4' ],
87 silly audit   isarray: [ '0.0.1', '1.0.0' ],
87 silly audit   isexe: [ '2.0.0' ],
87 silly audit   'js-tokens': [ '4.0.0' ],
87 silly audit   jsonfile: [ '6.1.0' ],
87 silly audit   kleur: [ '3.0.3' ],
87 silly audit   'loose-envify': [ '1.4.0' ],
87 silly audit   'lru-cache': [ '6.0.0' ],
87 silly audit   minimatch: [ '3.1.2' ],
87 silly audit   minimist: [ '1.2.8' ],
87 silly audit   mkdirp: [ '0.5.6' ],
87 silly audit   ms: [ '2.0.0' ],
87 silly audit   once: [ '1.4.0' ],
87 silly audit   'path-is-absolute': [ '1.0.1' ],
87 silly audit   'path-key': [ '3.1.1' ],
87 silly audit   'process-nextick-args': [ '2.0.1' ],
87 silly audit   prompts: [ '2.4.2' ],
87 silly audit   react: [ '18.2.0' ],
87 silly audit   'readable-stream': [ '1.1.14', '2.3.8', '1.0.34' ],
87 silly audit   rimraf: [ '2.7.1', '3.0.2' ],
87 silly audit   'safe-buffer': [ '5.1.2' ],
87 silly audit   semver: [ '7.5.4' ],
87 silly audit   'shebang-command': [ '2.0.0' ],
87 silly audit   'shebang-regex': [ '3.0.0' ],
87 silly audit   sisteransi: [ '1.0.5' ],
87 silly audit   string_decoder: [ '0.10.31', '1.1.1' ],
87 silly audit   'supports-color': [ '7.2.0' ],
87 silly audit   tar: [ '2.2.2' ],
87 silly audit   'tar-pack': [ '3.4.1' ],
87 silly audit   through2: [ '0.6.5' ],
87 silly audit   tmp: [ '0.2.1' ],
87 silly audit   'uid-number': [ '0.0.6' ],
87 silly audit   universalify: [ '2.0.0' ],
87 silly audit   'util-deprecate': [ '1.0.2' ],
87 silly audit   'validate-npm-package-name': [ '3.0.0' ],
87 silly audit   which: [ '2.0.2' ],
87 silly audit   wrappy: [ '1.0.2' ],
87 silly audit   xtend: [ '4.0.2' ],
87 silly audit   yallist: [ '4.0.0' ]
87 silly audit }
88 timing reify:unpack Completed in 2ms
89 timing reify:unretire Completed in 0ms
90 timing build:queue Completed in 1ms
91 timing build:deps Completed in 2ms
92 timing build Completed in 3ms
93 timing reify:build Completed in 4ms
94 timing reify:trash Completed in 0ms
95 timing reify:save Completed in 120ms
96 http fetch POST 200 https://registry.npmjs.org/-/npm/v1/security/advisories/bulk 538ms
97 timing auditReport:getReport Completed in 548ms
98 silly audit report {
98 silly audit report   tar: [
98 silly audit report     {
98 silly audit report       id: 1089685,
98 silly audit report       url: 'https://github.com/advisories/GHSA-3jfq-g458-7qm9',
98 silly audit report       title: 'Arbitrary File Creation/Overwrite due to insufficient absolute path sanitization',
98 silly audit report       severity: 'high',
98 silly audit report       vulnerable_versions: '<3.2.2',
98 silly audit report       cwe: [Array],
98 silly audit report       cvss: [Object]
98 silly audit report     },
98 silly audit report     {
98 silly audit report       id: 1091314,
98 silly audit report       url: 'https://github.com/advisories/GHSA-r628-mhmh-qjhw',
98 silly audit report       title: 'Arbitrary File Creation/Overwrite via insufficient symlink protection due to directory cache poisoning',
98 silly audit report       severity: 'high',
98 silly audit report       vulnerable_versions: '<3.2.3',
98 silly audit report       cwe: [Array],
98 silly audit report       cvss: [Object]
98 silly audit report     },
98 silly audit report     {
98 silly audit report       id: 1091343,
98 silly audit report       url: 'https://github.com/advisories/GHSA-9r2w-394v-53qc',
98 silly audit report       title: 'Arbitrary File Creation/Overwrite via insufficient symlink protection due to directory cache poisoning using symbolic links',
98 silly audit report       severity: 'high',
98 silly audit report       vulnerable_versions: '<4.4.16',
98 silly audit report       cwe: [Array],
98 silly audit report       cvss: [Object]
98 silly audit report     },
98 silly audit report     {
98 silly audit report       id: 1091346,
98 silly audit report       url: 'https://github.com/advisories/GHSA-5955-9wpr-37jh',
98 silly audit report       title: 'Arbitrary File Creation/Overwrite on Windows via insufficient relative path sanitization',
98 silly audit report       severity: 'high',
98 silly audit report       vulnerable_versions: '<4.4.18',
98 silly audit report       cwe: [Array],
98 silly audit report       cvss: [Object]
98 silly audit report     },
98 silly audit report     {
98 silly audit report       id: 1092992,
98 silly audit report       url: 'https://github.com/advisories/GHSA-qq89-hq3f-393p',
98 silly audit report       title: 'Arbitrary File Creation/Overwrite via insufficient symlink protection due to directory cache poisoning using symbolic links',
98 silly audit report       severity: 'high',
98 silly audit report       vulnerable_versions: '<4.4.18',
98 silly audit report       cwe: [Array],
98 silly audit report       cvss: [Object]
98 silly audit report     }
98 silly audit report   ]
98 silly audit report }
99 timing metavuln:packument:tar Completed in 12ms
100 timing metavuln:cache:get:security-advisory:tar:Oa066nJpV2ox85F6qnk1N5eWmAmoWAMU7byYhWk4oYfHYrQ8aGHfCKRikfcy0dHDcKWKiPRc7Nz7R9fxKkj0Yw== Completed in 39ms
101 timing metavuln:load:security-advisory:tar:1089685 Completed in 8ms
102 timing metavuln:calculate:security-advisory:tar:1089685 Completed in 49ms
103 timing metavuln:cache:get:security-advisory:tar://v7gXY4srL0Vdj6ndv/W5RidNqQcJEzKPP7wzp8ldEeGt+rcrGXk7GHbv4gaxsVCuNoYWXEG3Q0o+8zvTa+bA== Completed in 45ms
104 timing metavuln:load:security-advisory:tar:1091314 Completed in 7ms
105 timing metavuln:calculate:security-advisory:tar:1091314 Completed in 55ms
106 timing metavuln:cache:get:security-advisory:tar:6IrrInvFtCltpVhVG2VxuzkWZKyBFFz82q8vKUG6SlVafYLuCJzljuu4f8Lj65dXTwl03T5SLKe7fT6K17W2yg== Completed in 54ms
107 timing metavuln:load:security-advisory:tar:1091343 Completed in 7ms
108 timing metavuln:calculate:security-advisory:tar:1091343 Completed in 64ms
109 timing metavuln:cache:get:security-advisory:tar:p0AhLehZPY5CdqjgwJhs5z5O0h0MqVniwTfTsAMaLNDQ/RkWBbPEEZS5yXBrO2vDkOIaucWVWkY+Xk5QvzhkDA== Completed in 70ms
110 timing metavuln:load:security-advisory:tar:1091346 Completed in 5ms
111 timing metavuln:calculate:security-advisory:tar:1091346 Completed in 77ms
112 timing metavuln:cache:get:security-advisory:tar:iX22dkMRdz5sNHJkIH9BBcy6srHLXMg4rYGql4fiqoNHXvrVPvLqL3FL7m1C3wd5kX3Dp8hfJvPCxYFiRlWIpw== Completed in 78ms
113 timing metavuln:load:security-advisory:tar:1092992 Completed in 6ms
114 timing metavuln:calculate:security-advisory:tar:1092992 Completed in 84ms
115 timing metavuln:packument:tar-pack Completed in 2ms
116 timing metavuln:cache:get:security-advisory:tar-pack:3KXljJwoAr/NHejfU6kg41RmjF3Pg6M28t7ViuMjk5SYV3kYL9qyGZ417dIFb1Y8K+hhpo0sBWpskxrKhsZQzQ== Completed in 12ms
117 timing metavuln:load:security-advisory:tar-pack:Oa066nJpV2ox85F6qnk1N5eWmAmoWAMU7byYhWk4oYfHYrQ8aGHfCKRikfcy0dHDcKWKiPRc7Nz7R9fxKkj0Yw== Completed in 0ms
118 timing metavuln:calculate:security-advisory:tar-pack:Oa066nJpV2ox85F6qnk1N5eWmAmoWAMU7byYhWk4oYfHYrQ8aGHfCKRikfcy0dHDcKWKiPRc7Nz7R9fxKkj0Yw== Completed in 14ms
119 timing metavuln:packument:create-react-app Completed in 2ms
120 timing metavuln:cache:get:security-advisory:create-react-app:BAP5sjD/UipbJVBCija12WlnlurqvRCOfkHPDCK3St763W6JIxpLfRD1F9PMmW4GEaZmK6BFkh/Pye257xPpCw== Completed in 9ms
121 timing metavuln:load:security-advisory:create-react-app:3KXljJwoAr/NHejfU6kg41RmjF3Pg6M28t7ViuMjk5SYV3kYL9qyGZ417dIFb1Y8K+hhpo0sBWpskxrKhsZQzQ== Completed in 6ms
122 timing metavuln:calculate:security-advisory:create-react-app:3KXljJwoAr/NHejfU6kg41RmjF3Pg6M28t7ViuMjk5SYV3kYL9qyGZ417dIFb1Y8K+hhpo0sBWpskxrKhsZQzQ== Completed in 16ms
123 timing auditReport:init Completed in 209ms
124 timing reify:audit Completed in 763ms
125 timing reify Completed in 1230ms
126 timing command:audit Completed in 2772ms
127 verbose exit 0
128 timing npm Completed in 4006ms
129 info ok
