0 verbose cli /data/data/com.termux/files/usr/bin/node /data/data/com.termux/files/usr/lib/node_modules/npm/bin/npm-cli.js
1 info using npm@9.6.6
2 info using node@v20.2.0
3 timing npm:load:whichnode Completed in 30ms
4 timing config:load:defaults Completed in 14ms
5 timing config:load:file:/data/data/com.termux/files/usr/lib/node_modules/npm/npmrc Completed in 4ms
6 timing config:load:builtin Completed in 5ms
7 timing config:load:cli Completed in 16ms
8 timing config:load:env Completed in 2ms
9 timing config:load:file:/storage/emulated/0/Weather_app/.npmrc Completed in 2ms
10 timing config:load:project Completed in 21ms
11 timing config:load:file:/data/data/com.termux/files/home/.npmrc Completed in 15ms
12 timing config:load:user Completed in 18ms
13 timing config:load:file:/data/data/com.termux/files/usr/etc/npmrc Completed in 2ms
14 timing config:load:global Completed in 3ms
15 timing config:load:setEnvs Completed in 7ms
16 timing config:load Completed in 94ms
17 timing npm:load:configload Completed in 95ms
18 timing npm:load:mkdirpcache Completed in 4ms
19 timing npm:load:mkdirplogs Completed in 3ms
20 verbose title npm exec tailwindcss init
21 verbose argv "exec" "--" "tailwindcss" "init"
22 timing npm:load:setTitle Completed in 10ms
23 timing config:load:flatten Completed in 20ms
24 timing npm:load:display Completed in 25ms
25 verbose logfile logs-max:10 dir:/data/data/com.termux/files/home/.npm/_logs/2023-08-13T20_14_32_218Z-
26 verbose logfile /data/data/com.termux/files/home/.npm/_logs/2023-08-13T20_14_32_218Z-debug-0.log
27 timing npm:load:logFile Completed in 67ms
28 timing npm:load:timers Completed in 1ms
29 timing npm:load:configScope Completed in 0ms
30 timing npm:load Completed in 241ms
31 silly logfile done cleaning log files
32 timing command:exec Completed in 4312ms
33 verbose exit 0
34 timing npm Completed in 7117ms
35 info ok
