0 verbose cli /data/data/com.termux/files/usr/bin/node /data/data/com.termux/files/usr/bin/npm
1 info using npm@9.6.6
2 info using node@v20.2.0
3 timing npm:load:whichnode Completed in 24ms
4 timing config:load:defaults Completed in 8ms
5 timing config:load:file:/data/data/com.termux/files/usr/lib/node_modules/npm/npmrc Completed in 1ms
6 timing config:load:builtin Completed in 3ms
7 timing config:load:cli Completed in 15ms
8 timing config:load:env Completed in 3ms
9 timing config:load:file:/storage/emulated/0/my-app/.npmrc Completed in 1ms
10 timing config:load:project Completed in 6ms
11 timing config:load:file:/data/data/com.termux/files/home/.npmrc Completed in 7ms
12 timing config:load:user Completed in 8ms
13 timing config:load:file:/data/data/com.termux/files/usr/etc/npmrc Completed in 1ms
14 timing config:load:global Completed in 1ms
15 timing config:load:setEnvs Completed in 5ms
16 timing config:load Completed in 53ms
17 timing npm:load:configload Completed in 53ms
18 timing npm:load:mkdirpcache Completed in 1ms
19 timing npm:load:mkdirplogs Completed in 1ms
20 verbose title npm install react react-dom react-scripts cra-template
21 verbose argv "install" "--no-audit" "--save" "--save-exact" "--loglevel" "error" "react" "react-dom" "react-scripts" "cra-template"
22 timing npm:load:setTitle Completed in 8ms
23 timing config:load:flatten Completed in 14ms
24 timing npm:load:display Completed in 18ms
25 verbose logfile logs-max:10 dir:/data/data/com.termux/files/home/.npm/_logs/2023-07-06T21_03_28_682Z-
26 verbose logfile /data/data/com.termux/files/home/.npm/_logs/2023-07-06T21_03_28_682Z-debug-0.log
27 timing npm:load:logFile Completed in 49ms
28 timing npm:load:timers Completed in 1ms
29 timing npm:load:configScope Completed in 0ms
30 timing npm:load Completed in 161ms
31 timing arborist:ctor Completed in 4ms
32 silly logfile done cleaning log files
33 timing arborist:ctor Completed in 1ms
34 timing idealTree:init Completed in 87ms
35 timing idealTree:userRequests Completed in 24ms
36 silly idealTree buildDeps
37 silly fetch manifest react@*
38 http fetch GET 200 https://registry.npmjs.org/react 128ms (cache hit)
39 silly fetch manifest react-dom@*
40 http fetch GET 200 https://registry.npmjs.org/react-dom 54ms (cache hit)
41 silly fetch manifest react-scripts@*
42 http fetch GET 200 https://registry.npmjs.org/react-scripts 56ms (cache hit)
43 silly fetch manifest typescript@^3.2.1 || ^4
44 http fetch GET 200 https://registry.npmjs.org/typescript 116ms (cache hit)
45 silly fetch manifest cra-template@*
46 http fetch GET 200 https://registry.npmjs.org/cra-template 33ms (cache hit)
47 silly placeDep ROOT cra-template@1.2.0 OK for: my-app@0.1.0 want: *
48 silly placeDep ROOT react@18.2.0 OK for: my-app@0.1.0 want: *
49 silly fetch manifest loose-envify@^1.1.0
50 silly placeDep ROOT react-dom@18.2.0 OK for: my-app@0.1.0 want: *
51 silly fetch manifest scheduler@^0.23.0
52 silly placeDep ROOT react-scripts@5.0.1 OK for: my-app@0.1.0 want: *
53 silly fetch manifest @babel/core@^7.16.0
54 silly fetch manifest @pmmmwh/react-refresh-webpack-plugin@^0.5.3
55 silly fetch manifest @svgr/webpack@^5.5.0
56 silly fetch manifest babel-jest@^27.4.2
57 silly fetch manifest babel-loader@^8.2.3
58 silly fetch manifest babel-plugin-named-asset-import@^0.3.8
59 silly fetch manifest babel-preset-react-app@^10.0.1
60 silly fetch manifest bfj@^7.0.2
61 silly fetch manifest browserslist@^4.18.1
62 silly fetch manifest camelcase@^6.2.1
63 silly fetch manifest case-sensitive-paths-webpack-plugin@^2.4.0
64 silly fetch manifest css-loader@^6.5.1
65 silly fetch manifest css-minimizer-webpack-plugin@^3.2.0
66 silly fetch manifest dotenv@^10.0.0
67 silly fetch manifest dotenv-expand@^5.1.0
68 silly fetch manifest eslint@^8.3.0
69 silly fetch manifest eslint-config-react-app@^7.0.1
70 silly fetch manifest eslint-webpack-plugin@^3.1.1
71 silly fetch manifest file-loader@^6.2.0
72 silly fetch manifest fs-extra@^10.0.0
73 silly fetch manifest html-webpack-plugin@^5.5.0
74 silly fetch manifest identity-obj-proxy@^3.0.0
75 silly fetch manifest jest@^27.4.3
76 silly fetch manifest jest-resolve@^27.4.2
77 silly fetch manifest jest-watch-typeahead@^1.0.0
78 silly fetch manifest mini-css-extract-plugin@^2.4.5
79 silly fetch manifest postcss@^8.4.4
80 silly fetch manifest postcss-flexbugs-fixes@^5.0.2
81 silly fetch manifest postcss-loader@^6.2.1
82 silly fetch manifest postcss-normalize@^10.0.1
83 silly fetch manifest postcss-preset-env@^7.0.1
84 silly fetch manifest prompts@^2.4.2
85 silly fetch manifest react-app-polyfill@^3.0.0
86 silly fetch manifest react-dev-utils@^12.0.1
87 silly fetch manifest react-refresh@^0.11.0
88 silly fetch manifest resolve@^1.20.0
89 silly fetch manifest resolve-url-loader@^4.0.0
90 silly fetch manifest sass-loader@^12.3.0
91 silly fetch manifest semver@^7.3.5
92 silly fetch manifest source-map-loader@^3.0.0
93 silly fetch manifest style-loader@^3.3.1
94 silly fetch manifest tailwindcss@^3.0.2
95 silly fetch manifest terser-webpack-plugin@^5.2.5
96 silly fetch manifest webpack@^5.64.4
97 silly fetch manifest webpack-dev-server@^4.6.0
98 silly fetch manifest webpack-manifest-plugin@^4.0.2
99 silly fetch manifest workbox-webpack-plugin@^6.4.1
100 silly fetch manifest fsevents@^2.3.2
101 http fetch GET 200 https://registry.npmjs.org/case-sensitive-paths-webpack-plugin 1311ms (cache hit)
102 http fetch GET 200 https://registry.npmjs.org/browserslist 1326ms (cache hit)
103 http fetch GET 200 https://registry.npmjs.org/babel-loader 1357ms (cache hit)
104 http fetch GET 200 https://registry.npmjs.org/bfj 1371ms (cache hit)
105 http fetch GET 200 https://registry.npmjs.org/css-loader 1366ms (cache hit)
106 http fetch GET 200 https://registry.npmjs.org/babel-preset-react-app 1400ms (cache hit)
107 http fetch GET 200 https://registry.npmjs.org/dotenv 1390ms (cache hit)
108 http fetch GET 200 https://registry.npmjs.org/eslint-config-react-app 1385ms (cache hit)
109 http fetch GET 200 https://registry.npmjs.org/dotenv-expand 1405ms (cache hit)
110 http fetch GET 200 https://registry.npmjs.org/css-minimizer-webpack-plugin 1418ms (cache hit)
111 http fetch GET 200 https://registry.npmjs.org/file-loader 1394ms (cache hit)
112 http fetch GET 200 https://registry.npmjs.org/eslint-webpack-plugin 1408ms (cache hit)
113 http fetch GET 200 https://registry.npmjs.org/babel-plugin-named-asset-import 1469ms (cache hit)
114 http fetch GET 200 https://registry.npmjs.org/html-webpack-plugin 1406ms (cache hit)
115 http fetch GET 200 https://registry.npmjs.org/jest-watch-typeahead 1399ms (cache hit)
116 http fetch GET 200 https://registry.npmjs.org/postcss-flexbugs-fixes 1390ms (cache hit)
117 http fetch GET 200 https://registry.npmjs.org/mini-css-extract-plugin 1406ms (cache hit)
118 http fetch GET 200 https://registry.npmjs.org/postcss-normalize 1396ms (cache hit)
119 http fetch GET 200 https://registry.npmjs.org/jest-resolve 1458ms (cache hit)
120 http fetch GET 200 https://registry.npmjs.org/react-dev-utils 1447ms (cache hit)
121 http fetch GET 200 https://registry.npmjs.org/postcss-loader 1492ms (cache hit)
122 http fetch GET 200 https://registry.npmjs.org/postcss-preset-env 1504ms (cache hit)
123 http fetch GET 200 https://registry.npmjs.org/resolve 1535ms (cache hit)
124 http fetch GET 200 https://registry.npmjs.org/react-app-polyfill 1559ms (cache hit)
125 http fetch GET 200 https://registry.npmjs.org/source-map-loader 1529ms (cache hit)
126 http fetch GET 200 https://registry.npmjs.org/resolve-url-loader 1550ms (cache hit)
127 http fetch GET 200 https://registry.npmjs.org/terser-webpack-plugin 1522ms (cache hit)
128 http fetch GET 200 https://registry.npmjs.org/identity-obj-proxy 1669ms (cache hit)
129 http fetch GET 200 https://registry.npmjs.org/workbox-webpack-plugin 1535ms (cache hit)
130 http fetch GET 200 https://registry.npmjs.org/style-loader 1586ms (cache hit)
131 http fetch GET 200 https://registry.npmjs.org/webpack-manifest-plugin 1561ms (cache hit)
132 http fetch GET 200 https://registry.npmjs.org/jest 1700ms (cache hit)
133 http fetch GET 200 https://registry.npmjs.org/camelcase 2041ms (cache miss)
134 http fetch GET 200 https://registry.npmjs.org/sass-loader 1995ms (cache miss)
135 http fetch GET 200 https://registry.npmjs.org/fs-extra 2153ms (cache revalidated)
136 http fetch GET 200 https://registry.npmjs.org/fsevents 2109ms (cache miss)
137 http fetch GET 200 https://registry.npmjs.org/prompts 2420ms (cache revalidated)
138 http fetch GET 200 https://registry.npmjs.org/semver 2565ms (cache revalidated)
139 http fetch GET 200 https://registry.npmjs.org/@svgr%2fwebpack 2976ms (cache miss)
140 http fetch GET 200 https://registry.npmjs.org/@pmmmwh%2freact-refresh-webpack-plugin 3395ms (cache miss)
141 http fetch GET 200 https://registry.npmjs.org/postcss 3490ms (cache miss)
142 http fetch GET 200 https://registry.npmjs.org/webpack-dev-server 3453ms (cache miss)
143 http fetch GET 200 https://registry.npmjs.org/@babel%2fcore 3785ms (cache miss)
144 http fetch GET 200 https://registry.npmjs.org/eslint 3847ms (cache miss)
145 http fetch GET 200 https://registry.npmjs.org/webpack 6668ms (cache miss)
146 http fetch GET 200 https://registry.npmjs.org/babel-jest 7051ms (cache miss)
147 http fetch GET 200 https://registry.npmjs.org/react-refresh 7219ms (cache miss)
148 http fetch GET 200 https://registry.npmjs.org/loose-envify 14606ms (cache revalidated)
149 http fetch GET 200 https://registry.npmjs.org/scheduler 21040ms attempt #2 (cache miss)
