0 verbose cli /data/data/com.termux/files/usr/bin/node /data/data/com.termux/files/usr/bin/npm
1 info using npm@9.6.6
2 info using node@v20.2.0
3 timing npm:load:whichnode Completed in 14ms
4 timing config:load:defaults Completed in 13ms
5 timing config:load:file:/data/data/com.termux/files/usr/lib/node_modules/npm/npmrc Completed in 3ms
6 timing config:load:builtin Completed in 5ms
7 timing config:load:cli Completed in 22ms
8 timing config:load:env Completed in 3ms
9 timing config:load:project Completed in 15ms
10 timing config:load:file:/data/data/com.termux/files/home/.npmrc Completed in 14ms
11 timing config:load:user Completed in 14ms
12 timing config:load:file:/data/data/com.termux/files/usr/etc/npmrc Completed in 1ms
13 timing config:load:global Completed in 3ms
14 timing config:load:setEnvs Completed in 7ms
15 timing config:load Completed in 89ms
16 timing npm:load:configload Completed in 90ms
17 timing npm:load:mkdirpcache Completed in 3ms
18 timing npm:load:mkdirplogs Completed in 3ms
19 verbose title npm install create-react-app
20 verbose argv "install" "--global" "create-react-app"
21 timing npm:load:setTitle Completed in 9ms
22 timing config:load:flatten Completed in 18ms
23 timing npm:load:display Completed in 24ms
24 verbose logfile logs-max:10 dir:/data/data/com.termux/files/home/.npm/_logs/2023-08-13T03_11_28_904Z-
25 verbose logfile /data/data/com.termux/files/home/.npm/_logs/2023-08-13T03_11_28_904Z-debug-0.log
26 timing npm:load:logFile Completed in 60ms
27 timing npm:load:timers Completed in 0ms
28 timing npm:load:configScope Completed in 1ms
29 timing npm:load Completed in 210ms
30 timing config:load:flatten Completed in 10ms
31 timing arborist:ctor Completed in 6ms
32 silly logfile done cleaning log files
33 timing idealTree:init Completed in 42ms
34 timing idealTree:userRequests Completed in 24ms
35 silly idealTree buildDeps
36 silly fetch manifest create-react-app@*
37 http fetch GET 200 https://registry.npmjs.org/create-react-app 630ms (cache miss)
38 silly placeDep ROOT create-react-app@5.0.1 OK for:  want: *
39 silly fetch manifest chalk@^4.1.2
40 silly fetch manifest commander@^4.1.1
41 silly fetch manifest cross-spawn@^7.0.3
42 silly fetch manifest envinfo@^7.8.1
43 silly fetch manifest fs-extra@^10.0.0
44 silly fetch manifest hyperquest@^2.1.3
45 silly fetch manifest prompts@^2.4.2
46 silly fetch manifest semver@^7.3.5
47 silly fetch manifest tar-pack@^3.4.1
48 silly fetch manifest tmp@^0.2.1
49 silly fetch manifest validate-npm-package-name@^3.0.0
50 http fetch GET 200 https://registry.npmjs.org/prompts 445ms (cache revalidated)
51 http fetch GET 200 https://registry.npmjs.org/fs-extra 459ms (cache revalidated)
52 http fetch GET 200 https://registry.npmjs.org/cross-spawn 488ms (cache revalidated)
53 http fetch GET 200 https://registry.npmjs.org/commander 513ms (cache revalidated)
54 http fetch GET 200 https://registry.npmjs.org/validate-npm-package-name 499ms (cache miss)
55 http fetch GET 200 https://registry.npmjs.org/semver 521ms (cache revalidated)
56 http fetch GET 200 https://registry.npmjs.org/tmp 521ms (cache miss)
57 http fetch GET 200 https://registry.npmjs.org/tar-pack 1130ms (cache miss)
58 http fetch GET 200 https://registry.npmjs.org/hyperquest 1150ms (cache miss)
59 http fetch GET 200 https://registry.npmjs.org/envinfo 1168ms (cache miss)
60 http fetch GET 200 https://registry.npmjs.org/chalk 1217ms (cache revalidated)
61 timing idealTree:#root Completed in 1938ms
62 silly placeDep node_modules/create-react-app chalk@4.1.2 OK for: create-react-app@5.0.1 want: ^4.1.2
63 silly fetch manifest ansi-styles@^4.1.0
64 silly fetch manifest supports-color@^7.1.0
65 silly placeDep node_modules/create-react-app commander@4.1.1 OK for: create-react-app@5.0.1 want: ^4.1.1
66 silly placeDep node_modules/create-react-app cross-spawn@7.0.3 OK for: create-react-app@5.0.1 want: ^7.0.3
67 silly fetch manifest path-key@^3.1.0
68 silly fetch manifest shebang-command@^2.0.0
69 silly fetch manifest which@^2.0.1
70 silly placeDep node_modules/create-react-app envinfo@7.10.0 OK for: create-react-app@5.0.1 want: ^7.8.1
71 silly placeDep node_modules/create-react-app fs-extra@10.1.0 OK for: create-react-app@5.0.1 want: ^10.0.0
72 silly fetch manifest graceful-fs@^4.2.0
73 silly fetch manifest jsonfile@^6.0.1
74 silly fetch manifest universalify@^2.0.0
75 silly placeDep node_modules/create-react-app hyperquest@2.1.3 OK for: create-react-app@5.0.1 want: ^2.1.3
76 silly fetch manifest buffer-from@^0.1.1
77 silly fetch manifest duplexer2@~0.0.2
78 silly fetch manifest through2@~0.6.3
79 silly placeDep node_modules/create-react-app prompts@2.4.2 OK for: create-react-app@5.0.1 want: ^2.4.2
80 silly fetch manifest kleur@^3.0.3
81 silly fetch manifest sisteransi@^1.0.5
82 silly placeDep node_modules/create-react-app semver@7.5.4 OK for: create-react-app@5.0.1 want: ^7.3.5
83 silly fetch manifest lru-cache@^6.0.0
84 silly placeDep node_modules/create-react-app tar-pack@3.4.1 OK for: create-react-app@5.0.1 want: ^3.4.1
85 silly fetch manifest debug@^2.2.0
86 silly fetch manifest fstream@^1.0.10
87 silly fetch manifest fstream-ignore@^1.0.5
88 silly fetch manifest once@^1.3.3
89 silly fetch manifest readable-stream@^2.1.4
90 silly fetch manifest rimraf@^2.5.1
91 silly fetch manifest tar@^2.2.1
92 silly fetch manifest uid-number@^0.0.6
93 silly placeDep node_modules/create-react-app tmp@0.2.1 OK for: create-react-app@5.0.1 want: ^0.2.1
94 silly fetch manifest rimraf@^3.0.0
95 silly placeDep node_modules/create-react-app validate-npm-package-name@3.0.0 OK for: create-react-app@5.0.1 want: ^3.0.0
96 silly fetch manifest builtins@^1.0.3
97 http fetch GET 200 https://registry.npmjs.org/supports-color 621ms (cache revalidated)
98 http fetch GET 200 https://registry.npmjs.org/universalify 577ms (cache revalidated)
99 http fetch GET 200 https://registry.npmjs.org/shebang-command 617ms (cache revalidated)
100 http fetch GET 200 https://registry.npmjs.org/buffer-from 587ms (cache revalidated)
101 http fetch GET 200 https://registry.npmjs.org/graceful-fs 612ms (cache revalidated)
102 http fetch GET 200 https://registry.npmjs.org/debug 592ms (cache revalidated)
103 http fetch GET 200 https://registry.npmjs.org/path-key 703ms (cache revalidated)
104 http fetch GET 200 https://registry.npmjs.org/lru-cache 653ms (cache revalidated)
105 http fetch GET 200 https://registry.npmjs.org/once 666ms (cache revalidated)
106 http fetch GET 200 https://registry.npmjs.org/readable-stream 667ms (cache revalidated)
107 http fetch GET 200 https://registry.npmjs.org/jsonfile 779ms (cache revalidated)
108 http fetch GET 200 https://registry.npmjs.org/kleur 753ms (cache revalidated)
109 http fetch GET 200 https://registry.npmjs.org/ansi-styles 844ms (cache revalidated)
110 http fetch GET 200 https://registry.npmjs.org/sisteransi 763ms (cache revalidated)
111 http fetch GET 200 https://registry.npmjs.org/which 837ms (cache revalidated)
112 http fetch GET 200 https://registry.npmjs.org/builtins 701ms (cache miss)
113 http fetch GET 200 https://registry.npmjs.org/rimraf 746ms (cache revalidated)
114 http fetch GET 200 https://registry.npmjs.org/rimraf 737ms (cache revalidated)
115 http fetch GET 200 https://registry.npmjs.org/tar 796ms (cache miss)
116 http fetch GET 200 https://registry.npmjs.org/fstream-ignore 1243ms (cache miss)
117 http fetch GET 200 https://registry.npmjs.org/uid-number 1229ms (cache miss)
118 http fetch GET 200 https://registry.npmjs.org/duplexer2 1315ms (cache miss)
119 http fetch GET 200 https://registry.npmjs.org/fstream 1286ms (cache miss)
120 http fetch GET 200 https://registry.npmjs.org/through2 1340ms (cache miss)
121 timing idealTree:node_modules/create-react-app Completed in 1503ms
122 silly placeDep node_modules/create-react-app ansi-styles@4.3.0 OK for: chalk@4.1.2 want: ^4.1.0
123 silly fetch manifest color-convert@^2.0.1
124 silly placeDep node_modules/create-react-app supports-color@7.2.0 OK for: chalk@4.1.2 want: ^7.1.0
125 silly fetch manifest has-flag@^4.0.0
126 http fetch GET 200 https://registry.npmjs.org/color-convert 152ms (cache revalidated)
127 http fetch GET 200 https://registry.npmjs.org/has-flag 143ms (cache revalidated)
128 timing idealTree:node_modules/create-react-app/node_modules/chalk Completed in 202ms
129 silly placeDep node_modules/create-react-app color-convert@2.0.1 OK for: ansi-styles@4.3.0 want: ^2.0.1
130 silly fetch manifest color-name@~1.1.4
131 http fetch GET 200 https://registry.npmjs.org/color-name 115ms (cache revalidated)
132 timing idealTree:node_modules/create-react-app/node_modules/ansi-styles Completed in 138ms
133 silly placeDep node_modules/create-react-app color-name@1.1.4 OK for: color-convert@2.0.1 want: ~1.1.4
134 timing idealTree:node_modules/create-react-app/node_modules/color-convert Completed in 14ms
135 timing idealTree:node_modules/create-react-app/node_modules/color-name Completed in 1ms
136 timing idealTree:node_modules/create-react-app/node_modules/commander Completed in 2ms
137 silly placeDep node_modules/create-react-app path-key@3.1.1 OK for: cross-spawn@7.0.3 want: ^3.1.0
138 silly placeDep node_modules/create-react-app shebang-command@2.0.0 OK for: cross-spawn@7.0.3 want: ^2.0.0
139 silly fetch manifest shebang-regex@^3.0.0
140 silly placeDep node_modules/create-react-app which@2.0.2 OK for: cross-spawn@7.0.3 want: ^2.0.1
141 silly fetch manifest isexe@^2.0.0
142 http fetch GET 200 https://registry.npmjs.org/isexe 139ms (cache revalidated)
143 http fetch GET 200 https://registry.npmjs.org/shebang-regex 157ms (cache revalidated)
144 timing idealTree:node_modules/create-react-app/node_modules/cross-spawn Completed in 201ms
145 timing idealTree:node_modules/create-react-app/node_modules/envinfo Completed in 0ms
146 silly placeDep node_modules/create-react-app graceful-fs@4.2.11 OK for: fs-extra@10.1.0 want: ^4.2.0
147 silly placeDep node_modules/create-react-app jsonfile@6.1.0 OK for: fs-extra@10.1.0 want: ^6.0.1
148 silly placeDep node_modules/create-react-app universalify@2.0.0 OK for: fs-extra@10.1.0 want: ^2.0.0
149 timing idealTree:node_modules/create-react-app/node_modules/fs-extra Completed in 35ms
150 timing idealTree:node_modules/create-react-app/node_modules/graceful-fs Completed in 0ms
151 silly placeDep node_modules/create-react-app buffer-from@0.1.2 OK for: hyperquest@2.1.3 want: ^0.1.1
152 silly placeDep node_modules/create-react-app duplexer2@0.0.2 OK for: hyperquest@2.1.3 want: ~0.0.2
153 silly fetch manifest readable-stream@~1.1.9
154 silly placeDep node_modules/create-react-app through2@0.6.5 OK for: hyperquest@2.1.3 want: ~0.6.3
155 silly fetch manifest readable-stream@>=1.0.33-1 <1.1.0-0
156 silly fetch manifest xtend@>=4.0.0 <4.1.0-0
157 http fetch GET 200 https://registry.npmjs.org/xtend 101ms (cache miss)
158 timing idealTree:node_modules/create-react-app/node_modules/hyperquest Completed in 145ms
159 timing idealTree:node_modules/create-react-app/node_modules/buffer-from Completed in 0ms
160 silly placeDep node_modules/create-react-app readable-stream@1.1.14 OK for: duplexer2@0.0.2 want: ~1.1.9
161 silly fetch manifest core-util-is@~1.0.0
162 silly fetch manifest isarray@0.0.1
163 silly fetch manifest string_decoder@~0.10.x
164 silly fetch manifest inherits@~2.0.1
165 http fetch GET 200 https://registry.npmjs.org/inherits 161ms (cache revalidated)
166 http fetch GET 200 https://registry.npmjs.org/string_decoder 173ms (cache revalidated)
167 http fetch GET 200 https://registry.npmjs.org/isarray 185ms (cache revalidated)
168 http fetch GET 200 https://registry.npmjs.org/core-util-is 202ms (cache revalidated)
169 timing idealTree:node_modules/create-react-app/node_modules/duplexer2 Completed in 227ms
170 timing idealTree:node_modules/create-react-app/node_modules/jsonfile Completed in 0ms
171 timing idealTree:node_modules/create-react-app/node_modules/path-key Completed in 0ms
172 silly placeDep node_modules/create-react-app kleur@3.0.3 OK for: prompts@2.4.2 want: ^3.0.3
173 silly placeDep node_modules/create-react-app sisteransi@1.0.5 OK for: prompts@2.4.2 want: ^1.0.5
174 timing idealTree:node_modules/create-react-app/node_modules/prompts Completed in 24ms
175 timing idealTree:node_modules/create-react-app/node_modules/kleur Completed in 0ms
176 silly placeDep node_modules/create-react-app core-util-is@1.0.3 OK for: readable-stream@1.1.14 want: ~1.0.0
177 silly placeDep node_modules/create-react-app inherits@2.0.4 OK for: readable-stream@1.1.14 want: ~2.0.1
178 silly placeDep node_modules/create-react-app isarray@0.0.1 OK for: readable-stream@1.1.14 want: 0.0.1
179 silly placeDep node_modules/create-react-app string_decoder@0.10.31 OK for: readable-stream@1.1.14 want: ~0.10.x
180 timing idealTree:node_modules/create-react-app/node_modules/readable-stream Completed in 35ms
181 timing idealTree:node_modules/create-react-app/node_modules/core-util-is Completed in 0ms
182 timing idealTree:node_modules/create-react-app/node_modules/inherits Completed in 0ms
183 timing idealTree:node_modules/create-react-app/node_modules/isarray Completed in 0ms
184 silly placeDep node_modules/create-react-app lru-cache@6.0.0 OK for: semver@7.5.4 want: ^6.0.0
185 silly fetch manifest yallist@^4.0.0
186 http fetch GET 200 https://registry.npmjs.org/yallist 237ms (cache revalidated)
187 timing idealTree:node_modules/create-react-app/node_modules/semver Completed in 256ms
188 silly placeDep node_modules/create-react-app yallist@4.0.0 OK for: lru-cache@6.0.0 want: ^4.0.0
189 timing idealTree:node_modules/create-react-app/node_modules/lru-cache Completed in 13ms
190 silly placeDep node_modules/create-react-app shebang-regex@3.0.0 OK for: shebang-command@2.0.0 want: ^3.0.0
191 timing idealTree:node_modules/create-react-app/node_modules/shebang-command Completed in 14ms
192 timing idealTree:node_modules/create-react-app/node_modules/shebang-regex Completed in 0ms
193 timing idealTree:node_modules/create-react-app/node_modules/sisteransi Completed in 0ms
194 timing idealTree:node_modules/create-react-app/node_modules/string_decoder Completed in 0ms
195 silly placeDep node_modules/create-react-app has-flag@4.0.0 OK for: supports-color@7.2.0 want: ^4.0.0
196 timing idealTree:node_modules/create-react-app/node_modules/supports-color Completed in 13ms
197 timing idealTree:node_modules/create-react-app/node_modules/has-flag Completed in 0ms
198 silly placeDep node_modules/create-react-app debug@2.6.9 OK for: tar-pack@3.4.1 want: ^2.2.0
199 silly fetch manifest ms@2.0.0
200 silly placeDep node_modules/create-react-app fstream@1.0.12 OK for: tar-pack@3.4.1 want: ^1.0.10
201 silly fetch manifest mkdirp@>=0.5 0
202 silly fetch manifest rimraf@2
203 silly placeDep node_modules/create-react-app fstream-ignore@1.0.5 OK for: tar-pack@3.4.1 want: ^1.0.5
204 silly fetch manifest minimatch@^3.0.0
205 silly placeDep node_modules/create-react-app once@1.4.0 OK for: tar-pack@3.4.1 want: ^1.3.3
206 silly fetch manifest wrappy@1
207 silly placeDep node_modules/create-react-app/node_modules/tar-pack readable-stream@2.3.8 OK for: tar-pack@3.4.1 want: ^2.1.4
208 silly fetch manifest isarray@~1.0.0
209 silly fetch manifest process-nextick-args@~2.0.0
210 silly fetch manifest safe-buffer@~5.1.1
211 silly fetch manifest string_decoder@~1.1.1
212 silly fetch manifest util-deprecate@~1.0.1
213 silly placeDep node_modules/create-react-app rimraf@2.7.1 OK for: tar-pack@3.4.1 want: ^2.5.1
214 silly fetch manifest glob@^7.1.3
215 silly placeDep node_modules/create-react-app tar@2.2.2 OK for: tar-pack@3.4.1 want: ^2.2.1
216 silly fetch manifest block-stream@*
217 silly placeDep node_modules/create-react-app uid-number@0.0.6 OK for: tar-pack@3.4.1 want: ^0.0.6
218 http fetch GET 200 https://registry.npmjs.org/mkdirp 324ms (cache revalidated)
219 http fetch GET 200 https://registry.npmjs.org/ms 347ms (cache revalidated)
220 http fetch GET 200 https://registry.npmjs.org/process-nextick-args 301ms (cache revalidated)
221 http fetch GET 200 https://registry.npmjs.org/minimatch 356ms (cache revalidated)
222 http fetch GET 200 https://registry.npmjs.org/util-deprecate 315ms (cache revalidated)
223 http fetch GET 200 https://registry.npmjs.org/safe-buffer 328ms (cache revalidated)
224 http fetch GET 200 https://registry.npmjs.org/glob 311ms (cache revalidated)
225 http fetch GET 200 https://registry.npmjs.org/wrappy 414ms (cache revalidated)
226 http fetch GET 200 https://registry.npmjs.org/block-stream 1090ms (cache miss)
227 timing idealTree:node_modules/create-react-app/node_modules/tar-pack Completed in 1246ms
228 silly placeDep node_modules/create-react-app ms@2.0.0 OK for: debug@2.6.9 want: 2.0.0
229 timing idealTree:node_modules/create-react-app/node_modules/debug Completed in 11ms
230 silly placeDep node_modules/create-react-app mkdirp@0.5.6 OK for: fstream@1.0.12 want: >=0.5 0
231 silly fetch manifest minimist@^1.2.6
232 http fetch GET 200 https://registry.npmjs.org/minimist 119ms (cache revalidated)
233 timing idealTree:node_modules/create-react-app/node_modules/fstream Completed in 143ms
234 silly placeDep node_modules/create-react-app minimatch@3.1.2 OK for: fstream-ignore@1.0.5 want: ^3.0.0
235 silly fetch manifest brace-expansion@^1.1.7
236 http fetch GET 200 https://registry.npmjs.org/brace-expansion 128ms (cache revalidated)
237 timing idealTree:node_modules/create-react-app/node_modules/fstream-ignore Completed in 153ms
238 silly placeDep node_modules/create-react-app brace-expansion@1.1.11 OK for: minimatch@3.1.2 want: ^1.1.7
239 silly fetch manifest balanced-match@^1.0.0
240 silly fetch manifest concat-map@0.0.1
241 http fetch GET 200 https://registry.npmjs.org/balanced-match 299ms (cache revalidated)
242 http fetch GET 200 https://registry.npmjs.org/concat-map 453ms (cache revalidated)
243 timing idealTree:node_modules/create-react-app/node_modules/minimatch Completed in 487ms
244 silly placeDep node_modules/create-react-app balanced-match@1.0.2 OK for: brace-expansion@1.1.11 want: ^1.0.0
245 silly placeDep node_modules/create-react-app concat-map@0.0.1 OK for: brace-expansion@1.1.11 want: 0.0.1
246 timing idealTree:node_modules/create-react-app/node_modules/brace-expansion Completed in 26ms
247 timing idealTree:node_modules/create-react-app/node_modules/balanced-match Completed in 0ms
248 timing idealTree:node_modules/create-react-app/node_modules/concat-map Completed in 1ms
249 silly placeDep node_modules/create-react-app minimist@1.2.8 OK for: mkdirp@0.5.6 want: ^1.2.6
250 timing idealTree:node_modules/create-react-app/node_modules/mkdirp Completed in 12ms
251 timing idealTree:node_modules/create-react-app/node_modules/minimist Completed in 0ms
252 timing idealTree:node_modules/create-react-app/node_modules/ms Completed in 0ms
253 silly placeDep node_modules/create-react-app wrappy@1.0.2 OK for: once@1.4.0 want: 1
254 timing idealTree:node_modules/create-react-app/node_modules/once Completed in 13ms
255 silly placeDep node_modules/create-react-app glob@7.2.3 OK for: rimraf@2.7.1 want: ^7.1.3
256 silly fetch manifest fs.realpath@^1.0.0
257 silly fetch manifest inflight@^1.0.4
258 silly fetch manifest path-is-absolute@^1.0.0
259 http fetch GET 200 https://registry.npmjs.org/path-is-absolute 157ms (cache revalidated)
260 http fetch GET 200 https://registry.npmjs.org/fs.realpath 181ms (cache revalidated)
261 http fetch GET 200 https://registry.npmjs.org/inflight 181ms (cache revalidated)
262 timing idealTree:node_modules/create-react-app/node_modules/rimraf Completed in 210ms
263 silly placeDep node_modules/create-react-app fs.realpath@1.0.0 OK for: glob@7.2.3 want: ^1.0.0
264 silly placeDep node_modules/create-react-app inflight@1.0.6 OK for: glob@7.2.3 want: ^1.0.4
265 silly placeDep node_modules/create-react-app path-is-absolute@1.0.1 OK for: glob@7.2.3 want: ^1.0.0
266 timing idealTree:node_modules/create-react-app/node_modules/glob Completed in 42ms
267 timing idealTree:node_modules/create-react-app/node_modules/fs.realpath Completed in 0ms
268 timing idealTree:node_modules/create-react-app/node_modules/inflight Completed in 0ms
269 timing idealTree:node_modules/create-react-app/node_modules/path-is-absolute Completed in 0ms
270 silly placeDep node_modules/create-react-app block-stream@0.0.9 OK for: tar@2.2.2 want: *
271 timing idealTree:node_modules/create-react-app/node_modules/tar Completed in 12ms
272 timing idealTree:node_modules/create-react-app/node_modules/block-stream Completed in 0ms
273 silly placeDep node_modules/create-react-app/node_modules/through2 readable-stream@1.0.34 OK for: through2@0.6.5 want: >=1.0.33-1 <1.1.0-0
274 silly placeDep node_modules/create-react-app xtend@4.0.2 OK for: through2@0.6.5 want: >=4.0.0 <4.1.0-0
275 timing idealTree:node_modules/create-react-app/node_modules/through2 Completed in 25ms
276 silly placeDep node_modules/create-react-app/node_modules/tmp rimraf@3.0.2 OK for: tmp@0.2.1 want: ^3.0.0
277 timing idealTree:node_modules/create-react-app/node_modules/tmp Completed in 10ms
278 timing idealTree:node_modules/create-react-app/node_modules/uid-number Completed in 0ms
279 timing idealTree:node_modules/create-react-app/node_modules/universalify Completed in 0ms
280 silly placeDep node_modules/create-react-app builtins@1.0.3 OK for: validate-npm-package-name@3.0.0 want: ^1.0.3
281 timing idealTree:node_modules/create-react-app/node_modules/validate-npm-package-name Completed in 8ms
282 timing idealTree:node_modules/create-react-app/node_modules/builtins Completed in 0ms
283 silly placeDep node_modules/create-react-app isexe@2.0.0 OK for: which@2.0.2 want: ^2.0.0
284 timing idealTree:node_modules/create-react-app/node_modules/which Completed in 9ms
285 timing idealTree:node_modules/create-react-app/node_modules/isexe Completed in 0ms
286 timing idealTree:node_modules/create-react-app/node_modules/wrappy Completed in 0ms
287 timing idealTree:node_modules/create-react-app/node_modules/xtend Completed in 0ms
288 timing idealTree:node_modules/create-react-app/node_modules/yallist Completed in 0ms
289 silly placeDep node_modules/create-react-app/node_modules/tar-pack isarray@1.0.0 OK for: readable-stream@2.3.8 want: ~1.0.0
290 silly placeDep node_modules/create-react-app process-nextick-args@2.0.1 OK for: readable-stream@2.3.8 want: ~2.0.0
291 silly placeDep node_modules/create-react-app safe-buffer@5.1.2 OK for: readable-stream@2.3.8 want: ~5.1.1
292 silly placeDep node_modules/create-react-app/node_modules/tar-pack string_decoder@1.1.1 OK for: readable-stream@2.3.8 want: ~1.1.1
293 silly placeDep node_modules/create-react-app util-deprecate@1.0.2 OK for: readable-stream@2.3.8 want: ~1.0.1
294 timing idealTree:node_modules/create-react-app/node_modules/tar-pack/node_modules/readable-stream Completed in 52ms
295 timing idealTree:node_modules/create-react-app/node_modules/process-nextick-args Completed in 0ms
296 timing idealTree:node_modules/create-react-app/node_modules/safe-buffer Completed in 0ms
297 timing idealTree:node_modules/create-react-app/node_modules/util-deprecate Completed in 0ms
298 timing idealTree:node_modules/create-react-app/node_modules/tar-pack/node_modules/isarray Completed in 0ms
299 timing idealTree:node_modules/create-react-app/node_modules/tar-pack/node_modules/string_decoder Completed in 0ms
300 timing idealTree:node_modules/create-react-app/node_modules/through2/node_modules/readable-stream Completed in 0ms
301 timing idealTree:node_modules/create-react-app/node_modules/tmp/node_modules/rimraf Completed in 1ms
302 timing idealTree:buildDeps Completed in 7273ms
303 timing idealTree:fixDepFlags Completed in 8ms
304 timing idealTree Completed in 7362ms
305 timing reify:loadTrees Completed in 7609ms
306 timing reify:diffTrees Completed in 49ms
307 silly reify mark retired [
307 silly reify   '/data/data/com.termux/files/usr/lib/node_modules/create-react-app',
307 silly reify   '/data/data/com.termux/files/usr/bin/create-react-app'
307 silly reify ]
308 silly reify moves {
308 silly reify   '/data/data/com.termux/files/usr/lib/node_modules/create-react-app': '/data/data/com.termux/files/usr/lib/node_modules/.create-react-app-A18LByNq',
308 silly reify   '/data/data/com.termux/files/usr/bin/create-react-app': '/data/data/com.termux/files/usr/bin/.create-react-app-BnDAP87M'
308 silly reify }
309 timing reify:retireShallow Completed in 26ms
310 timing reify:createSparse Completed in 29ms
311 timing reify:loadBundles Completed in 0ms
312 silly tarball no local data for xtend@https://registry.npmjs.org/xtend/-/xtend-4.0.2.tgz. Extracting by manifest.
313 silly tarball no local data for create-react-app@https://registry.npmjs.org/create-react-app/-/create-react-app-5.0.1.tgz. Extracting by manifest.
314 silly tarball no local data for validate-npm-package-name@https://registry.npmjs.org/validate-npm-package-name/-/validate-npm-package-name-3.0.0.tgz. Extracting by manifest.
315 silly tarball no local data for uid-number@https://registry.npmjs.org/uid-number/-/uid-number-0.0.6.tgz. Extracting by manifest.
316 silly tarball no local data for readable-stream@https://registry.npmjs.org/readable-stream/-/readable-stream-1.0.34.tgz. Extracting by manifest.
317 silly tarball no local data for through2@https://registry.npmjs.org/through2/-/through2-0.6.5.tgz. Extracting by manifest.
318 silly tarball no local data for string_decoder@https://registry.npmjs.org/string_decoder/-/string_decoder-0.10.31.tgz. Extracting by manifest.
319 silly tarball no local data for tar-pack@https://registry.npmjs.org/tar-pack/-/tar-pack-3.4.1.tgz. Extracting by manifest.
320 silly tarball no local data for tar@https://registry.npmjs.org/tar/-/tar-2.2.2.tgz. Extracting by manifest.
321 silly tarball no local data for tmp@https://registry.npmjs.org/tmp/-/tmp-0.2.1.tgz. Extracting by manifest.
322 silly tarball no local data for rimraf@https://registry.npmjs.org/rimraf/-/rimraf-2.7.1.tgz. Extracting by manifest.
323 silly tarball no local data for readable-stream@https://registry.npmjs.org/readable-stream/-/readable-stream-1.1.14.tgz. Extracting by manifest.
324 silly tarball no local data for isarray@https://registry.npmjs.org/isarray/-/isarray-0.0.1.tgz. Extracting by manifest.
325 silly tarball no local data for hyperquest@https://registry.npmjs.org/hyperquest/-/hyperquest-2.1.3.tgz. Extracting by manifest.
326 silly tarball no local data for fstream-ignore@https://registry.npmjs.org/fstream-ignore/-/fstream-ignore-1.0.5.tgz. Extracting by manifest.
327 silly tarball no local data for fstream@https://registry.npmjs.org/fstream/-/fstream-1.0.12.tgz. Extracting by manifest.
328 silly tarball no local data for envinfo@https://registry.npmjs.org/envinfo/-/envinfo-7.10.0.tgz. Extracting by manifest.
329 silly tarball no local data for duplexer2@https://registry.npmjs.org/duplexer2/-/duplexer2-0.0.2.tgz. Extracting by manifest.
330 silly tarball no local data for builtins@https://registry.npmjs.org/builtins/-/builtins-1.0.3.tgz. Extracting by manifest.
331 silly tarball no local data for buffer-from@https://registry.npmjs.org/buffer-from/-/buffer-from-0.1.2.tgz. Extracting by manifest.
332 silly tarball no local data for block-stream@https://registry.npmjs.org/block-stream/-/block-stream-0.0.9.tgz. Extracting by manifest.
333 timing reifyNode:node_modules/create-react-app/node_modules/universalify Completed in 1710ms
334 timing reifyNode:node_modules/create-react-app/node_modules/wrappy Completed in 1713ms
335 timing reifyNode:node_modules/create-react-app/node_modules/shebang-command Completed in 1708ms
336 timing reifyNode:node_modules/create-react-app/node_modules/process-nextick-args Completed in 1741ms
337 timing reifyNode:node_modules/create-react-app/node_modules/path-is-absolute Completed in 1743ms
338 timing reifyNode:node_modules/create-react-app/node_modules/once Completed in 1743ms
339 timing reifyNode:node_modules/create-react-app/node_modules/ms Completed in 1744ms
340 timing reifyNode:node_modules/create-react-app/node_modules/inflight Completed in 1747ms
341 timing reifyNode:node_modules/create-react-app/node_modules/color-name Completed in 1751ms
342 timing reifyNode:node_modules/create-react-app/node_modules/brace-expansion Completed in 1754ms
343 timing reifyNode:node_modules/create-react-app/node_modules/shebang-regex Completed in 1774ms
344 timing reifyNode:node_modules/create-react-app/node_modules/supports-color Completed in 1772ms
345 timing reifyNode:node_modules/create-react-app/node_modules/path-key Completed in 1830ms
346 timing reifyNode:node_modules/create-react-app/node_modules/lru-cache Completed in 1831ms
347 timing reifyNode:node_modules/create-react-app/node_modules/inherits Completed in 1835ms
348 timing reifyNode:node_modules/create-react-app/node_modules/kleur Completed in 1839ms
349 timing reifyNode:node_modules/create-react-app/node_modules/has-flag Completed in 1841ms
350 timing reifyNode:node_modules/create-react-app/node_modules/core-util-is Completed in 1840ms
351 timing reifyNode:node_modules/create-react-app/node_modules/yallist Completed in 1872ms
352 timing reifyNode:node_modules/create-react-app/node_modules/util-deprecate Completed in 1873ms
353 timing reifyNode:node_modules/create-react-app/node_modules/sisteransi Completed in 1874ms
354 timing reifyNode:node_modules/create-react-app/node_modules/fs.realpath Completed in 1902ms
355 timing reifyNode:node_modules/create-react-app/node_modules/balanced-match Completed in 1906ms
356 timing reifyNode:node_modules/create-react-app/node_modules/ansi-styles Completed in 1908ms
357 timing reifyNode:node_modules/create-react-app/node_modules/which Completed in 1929ms
358 timing reifyNode:node_modules/create-react-app/node_modules/tar-pack/node_modules/string_decoder Completed in 1926ms
359 timing reifyNode:node_modules/create-react-app/node_modules/safe-buffer Completed in 1927ms
360 timing reifyNode:node_modules/create-react-app/node_modules/minimatch Completed in 1969ms
361 timing reifyNode:node_modules/create-react-app/node_modules/mkdirp Completed in 1972ms
362 timing reifyNode:node_modules/create-react-app/node_modules/graceful-fs Completed in 1971ms
363 timing reifyNode:node_modules/create-react-app/node_modules/tmp/node_modules/rimraf Completed in 1991ms
364 timing reifyNode:node_modules/create-react-app/node_modules/tar-pack/node_modules/isarray Completed in 1997ms
365 timing reifyNode:node_modules/create-react-app/node_modules/jsonfile Completed in 2017ms
366 timing reifyNode:node_modules/create-react-app/node_modules/color-convert Completed in 2049ms
367 timing reifyNode:node_modules/create-react-app/node_modules/concat-map Completed in 2052ms
368 timing reifyNode:node_modules/create-react-app/node_modules/isexe Completed in 2080ms
369 timing reifyNode:node_modules/create-react-app/node_modules/glob Completed in 2102ms
370 timing reifyNode:node_modules/create-react-app/node_modules/chalk Completed in 2099ms
371 http fetch GET 200 https://registry.npmjs.org/string_decoder/-/string_decoder-0.10.31.tgz 1833ms (cache miss)
372 timing reifyNode:node_modules/create-react-app/node_modules/string_decoder Completed in 2129ms
373 timing reifyNode:node_modules/create-react-app/node_modules/cross-spawn Completed in 2129ms
374 http fetch GET 200 https://registry.npmjs.org/uid-number/-/uid-number-0.0.6.tgz 1879ms (cache miss)
375 timing reifyNode:node_modules/create-react-app/node_modules/uid-number Completed in 2151ms
376 http fetch GET 200 https://registry.npmjs.org/duplexer2/-/duplexer2-0.0.2.tgz 1787ms (cache miss)
377 timing reifyNode:node_modules/create-react-app/node_modules/duplexer2 Completed in 2150ms
378 http fetch GET 200 https://registry.npmjs.org/block-stream/-/block-stream-0.0.9.tgz 1772ms (cache miss)
379 timing reifyNode:node_modules/create-react-app/node_modules/block-stream Completed in 2153ms
380 timing reifyNode:node_modules/create-react-app/node_modules/commander Completed in 2159ms
381 http fetch GET 200 https://registry.npmjs.org/create-react-app/-/create-react-app-5.0.1.tgz 1918ms (cache miss)
382 timing reifyNode:node_modules/create-react-app Completed in 2186ms
383 http fetch GET 200 https://registry.npmjs.org/xtend/-/xtend-4.0.2.tgz 1927ms (cache miss)
384 timing reifyNode:node_modules/create-react-app/node_modules/xtend Completed in 2187ms
385 http fetch GET 200 https://registry.npmjs.org/isarray/-/isarray-0.0.1.tgz 1855ms (cache miss)
386 timing reifyNode:node_modules/create-react-app/node_modules/isarray Completed in 2187ms
387 http fetch GET 200 https://registry.npmjs.org/fstream-ignore/-/fstream-ignore-1.0.5.tgz 1840ms (cache miss)
388 timing reifyNode:node_modules/create-react-app/node_modules/fstream-ignore Completed in 2187ms
389 http fetch GET 200 https://registry.npmjs.org/builtins/-/builtins-1.0.3.tgz 1817ms (cache miss)
390 timing reifyNode:node_modules/create-react-app/node_modules/builtins Completed in 2187ms
391 http fetch GET 200 https://registry.npmjs.org/buffer-from/-/buffer-from-0.1.2.tgz 1819ms (cache miss)
392 timing reifyNode:node_modules/create-react-app/node_modules/buffer-from Completed in 2195ms
393 http fetch GET 200 https://registry.npmjs.org/through2/-/through2-0.6.5.tgz 1929ms (cache miss)
394 timing reifyNode:node_modules/create-react-app/node_modules/through2 Completed in 2221ms
395 http fetch GET 200 https://registry.npmjs.org/validate-npm-package-name/-/validate-npm-package-name-3.0.0.tgz 1960ms (cache miss)
396 http fetch GET 200 https://registry.npmjs.org/rimraf/-/rimraf-2.7.1.tgz 1928ms (cache miss)
397 timing reifyNode:node_modules/create-react-app/node_modules/rimraf Completed in 2244ms
398 http fetch GET 200 https://registry.npmjs.org/readable-stream/-/readable-stream-1.0.34.tgz 1994ms (cache miss)
399 timing reifyNode:node_modules/create-react-app/node_modules/validate-npm-package-name Completed in 2307ms
400 timing reifyNode:node_modules/create-react-app/node_modules/through2/node_modules/readable-stream Completed in 2352ms
401 http fetch GET 200 https://registry.npmjs.org/tar-pack/-/tar-pack-3.4.1.tgz 2091ms (cache miss)
402 timing reifyNode:node_modules/create-react-app/node_modules/debug Completed in 2391ms
403 http fetch GET 200 https://registry.npmjs.org/hyperquest/-/hyperquest-2.1.3.tgz 2081ms (cache miss)
404 timing reifyNode:node_modules/create-react-app/node_modules/tar-pack Completed in 2435ms
405 timing reifyNode:node_modules/create-react-app/node_modules/hyperquest Completed in 2452ms
406 http fetch GET 200 https://registry.npmjs.org/tmp/-/tmp-0.2.1.tgz 2163ms (cache miss)
407 timing reifyNode:node_modules/create-react-app/node_modules/tmp Completed in 2472ms
408 timing reifyNode:node_modules/create-react-app/node_modules/minimist Completed in 2509ms
409 timing reifyNode:node_modules/create-react-app/node_modules/tar-pack/node_modules/readable-stream Completed in 2533ms
410 http fetch GET 200 https://registry.npmjs.org/fstream/-/fstream-1.0.12.tgz 2193ms (cache miss)
411 timing reifyNode:node_modules/create-react-app/node_modules/fstream Completed in 2545ms
412 http fetch GET 200 https://registry.npmjs.org/readable-stream/-/readable-stream-1.1.14.tgz 2267ms (cache miss)
413 timing reifyNode:node_modules/create-react-app/node_modules/readable-stream Completed in 2587ms
414 http fetch GET 200 https://registry.npmjs.org/envinfo/-/envinfo-7.10.0.tgz 2257ms (cache miss)
415 timing reifyNode:node_modules/create-react-app/node_modules/envinfo Completed in 2616ms
416 timing reifyNode:node_modules/create-react-app/node_modules/fs-extra Completed in 2638ms
417 timing reifyNode:node_modules/create-react-app/node_modules/semver Completed in 2670ms
418 timing reifyNode:node_modules/create-react-app/node_modules/prompts Completed in 2765ms
419 http fetch GET 200 https://registry.npmjs.org/tar/-/tar-2.2.2.tgz 2647ms (cache miss)
420 warn deprecated tar@2.2.2: This version of tar is no longer supported, and will not receive security updates. Please upgrade asap.
421 timing reifyNode:node_modules/create-react-app/node_modules/tar Completed in 2958ms
422 timing reify:unpack Completed in 2971ms
423 timing reify:unretire Completed in 2ms
424 timing build:queue Completed in 36ms
425 timing build:link:node_modules/create-react-app/node_modules/envinfo Completed in 39ms
426 timing build:link:node_modules/create-react-app Completed in 45ms
427 timing build:link:node_modules/create-react-app/node_modules/mkdirp Completed in 38ms
428 timing build:link:node_modules/create-react-app/node_modules/tmp/node_modules/rimraf Completed in 32ms
429 timing build:link:node_modules/create-react-app/node_modules/rimraf Completed in 38ms
430 timing build:link:node_modules/create-react-app/node_modules/semver Completed in 37ms
431 timing build:link:node_modules/create-react-app/node_modules/which Completed in 35ms
432 timing build:link Completed in 50ms
433 timing build:deps Completed in 89ms
434 timing build Completed in 93ms
435 timing reify:build Completed in 98ms
436 timing reify:trash Completed in 188ms
437 timing reify Completed in 11024ms
438 silly CHANGE node_modules/create-react-app
439 silly CHANGE node_modules/create-react-app/node_modules/xtend
440 silly CHANGE node_modules/create-react-app/node_modules/yallist
441 silly CHANGE node_modules/create-react-app/node_modules/which
442 silly CHANGE node_modules/create-react-app/node_modules/wrappy
443 silly CHANGE node_modules/create-react-app/node_modules/validate-npm-package-name
444 silly CHANGE node_modules/create-react-app/node_modules/shebang-regex
445 silly CHANGE node_modules/create-react-app/node_modules/util-deprecate
446 silly CHANGE node_modules/create-react-app/node_modules/uid-number
447 silly CHANGE node_modules/create-react-app/node_modules/universalify
448 silly CHANGE node_modules/create-react-app/node_modules/through2
449 silly CHANGE node_modules/create-react-app/node_modules/through2/node_modules/readable-stream
450 silly CHANGE node_modules/create-react-app/node_modules/string_decoder
451 silly CHANGE node_modules/create-react-app/node_modules/tar-pack
452 silly CHANGE node_modules/create-react-app/node_modules/tar-pack/node_modules/string_decoder
453 silly CHANGE node_modules/create-react-app/node_modules/tar-pack/node_modules/readable-stream
454 silly CHANGE node_modules/create-react-app/node_modules/tar-pack/node_modules/isarray
455 silly CHANGE node_modules/create-react-app/node_modules/tmp
456 silly CHANGE node_modules/create-react-app/node_modules/tmp/node_modules/rimraf
457 silly CHANGE node_modules/create-react-app/node_modules/tar
458 silly CHANGE node_modules/create-react-app/node_modules/supports-color
459 silly CHANGE node_modules/create-react-app/node_modules/sisteransi
460 silly CHANGE node_modules/create-react-app/node_modules/shebang-command
461 silly CHANGE node_modules/create-react-app/node_modules/semver
462 silly CHANGE node_modules/create-react-app/node_modules/rimraf
463 silly CHANGE node_modules/create-react-app/node_modules/safe-buffer
464 silly CHANGE node_modules/create-react-app/node_modules/readable-stream
465 silly CHANGE node_modules/create-react-app/node_modules/prompts
466 silly CHANGE node_modules/create-react-app/node_modules/path-is-absolute
467 silly CHANGE node_modules/create-react-app/node_modules/path-key
468 silly CHANGE node_modules/create-react-app/node_modules/process-nextick-args
469 silly CHANGE node_modules/create-react-app/node_modules/once
470 silly CHANGE node_modules/create-react-app/node_modules/lru-cache
471 silly CHANGE node_modules/create-react-app/node_modules/ms
472 silly CHANGE node_modules/create-react-app/node_modules/minimist
473 silly CHANGE node_modules/create-react-app/node_modules/mkdirp
474 silly CHANGE node_modules/create-react-app/node_modules/isarray
475 silly CHANGE node_modules/create-react-app/node_modules/kleur
476 silly CHANGE node_modules/create-react-app/node_modules/inherits
477 silly CHANGE node_modules/create-react-app/node_modules/minimatch
478 silly CHANGE node_modules/create-react-app/node_modules/jsonfile
479 silly CHANGE node_modules/create-react-app/node_modules/isexe
480 silly CHANGE node_modules/create-react-app/node_modules/inflight
481 silly CHANGE node_modules/create-react-app/node_modules/hyperquest
482 silly CHANGE node_modules/create-react-app/node_modules/has-flag
483 silly CHANGE node_modules/create-react-app/node_modules/glob
484 silly CHANGE node_modules/create-react-app/node_modules/graceful-fs
485 silly CHANGE node_modules/create-react-app/node_modules/fstream-ignore
486 silly CHANGE node_modules/create-react-app/node_modules/fs.realpath
487 silly CHANGE node_modules/create-react-app/node_modules/fstream
488 silly CHANGE node_modules/create-react-app/node_modules/fs-extra
489 silly CHANGE node_modules/create-react-app/node_modules/envinfo
490 silly CHANGE node_modules/create-react-app/node_modules/duplexer2
491 silly CHANGE node_modules/create-react-app/node_modules/debug
492 silly CHANGE node_modules/create-react-app/node_modules/cross-spawn
493 silly CHANGE node_modules/create-react-app/node_modules/concat-map
494 silly CHANGE node_modules/create-react-app/node_modules/core-util-is
495 silly CHANGE node_modules/create-react-app/node_modules/commander
496 silly CHANGE node_modules/create-react-app/node_modules/color-name
497 silly CHANGE node_modules/create-react-app/node_modules/color-convert
498 silly CHANGE node_modules/create-react-app/node_modules/chalk
499 silly CHANGE node_modules/create-react-app/node_modules/builtins
500 silly CHANGE node_modules/create-react-app/node_modules/buffer-from
501 silly CHANGE node_modules/create-react-app/node_modules/brace-expansion
502 silly CHANGE node_modules/create-react-app/node_modules/block-stream
503 silly CHANGE node_modules/create-react-app/node_modules/balanced-match
504 silly CHANGE node_modules/create-react-app/node_modules/ansi-styles
505 timing command:install Completed in 11091ms
506 verbose exit 0
507 timing npm Completed in 14275ms
508 info ok
