0 verbose cli /data/data/com.termux/files/usr/bin/node /data/data/com.termux/files/usr/bin/npm
1 info using npm@9.6.6
2 info using node@v20.2.0
3 timing npm:load:whichnode Completed in 10ms
4 timing config:load:defaults Completed in 10ms
5 timing config:load:file:/data/data/com.termux/files/usr/lib/node_modules/npm/npmrc Completed in 2ms
6 timing config:load:builtin Completed in 3ms
7 timing config:load:cli Completed in 15ms
8 timing config:load:env Completed in 1ms
9 timing config:load:project Completed in 12ms
10 timing config:load:file:/data/data/com.termux/files/home/.npmrc Completed in 8ms
11 timing config:load:user Completed in 10ms
12 timing config:load:file:/data/data/com.termux/files/usr/etc/npmrc Completed in 2ms
13 timing config:load:global Completed in 3ms
14 timing config:load:setEnvs Completed in 6ms
15 timing config:load Completed in 66ms
16 timing npm:load:configload Completed in 67ms
17 timing npm:load:mkdirpcache Completed in 2ms
18 timing npm:load:mkdirplogs Completed in 2ms
19 verbose title npm link .
20 verbose argv "link" "."
21 timing npm:load:setTitle Completed in 7ms
22 timing config:load:flatten Completed in 16ms
23 timing npm:load:display Completed in 21ms
24 verbose logfile logs-max:10 dir:/data/data/com.termux/files/home/.npm/_logs/2023-07-05T11_49_34_647Z-
25 verbose logfile /data/data/com.termux/files/home/.npm/_logs/2023-07-05T11_49_34_647Z-debug-0.log
26 timing npm:load:logFile Completed in 59ms
27 timing npm:load:timers Completed in 0ms
28 timing npm:load:configScope Completed in 0ms
29 timing npm:load Completed in 173ms
30 timing config:load:flatten Completed in 5ms
31 timing arborist:ctor Completed in 5ms
32 silly logfile done cleaning log files
33 timing idealTree:init Completed in 15ms
34 timing idealTree Completed in 27ms
35 timing command:link Completed in 125ms
36 verbose stack Error: ENOENT: no such file or directory, open '/data/data/com.termux/files/home/.acodeX-server/package.json'
37 verbose cwd /data/data/com.termux/files/home/.acodeX-server
38 verbose Linux 4.9.190-perf-ge23fb46
39 verbose node v20.2.0
40 verbose npm  v9.6.6
41 error code ENOENT
42 error syscall open
43 error path /data/data/com.termux/files/home/.acodeX-server/package.json
44 error errno -2
45 error enoent ENOENT: no such file or directory, open '/data/data/com.termux/files/home/.acodeX-server/package.json'
46 error enoent This is related to npm not being able to find a file.
46 error enoent
47 verbose exit -2
48 timing npm Completed in 2054ms
49 verbose unfinished npm timer reify 1688557776651
50 verbose unfinished npm timer reify:loadTrees 1688557776655
51 verbose unfinished npm timer idealTree:userRequests 1688557776678
52 verbose code -2
53 error A complete log of this run can be found in: /data/data/com.termux/files/home/.npm/_logs/2023-07-05T11_49_34_647Z-debug-0.log
