0 verbose cli /data/data/com.termux/files/usr/bin/node /data/data/com.termux/files/usr/bin/npm
1 info using npm@9.6.6
2 info using node@v20.2.0
3 timing npm:load:whichnode Completed in 10ms
4 timing config:load:defaults Completed in 14ms
5 timing config:load:file:/data/data/com.termux/files/usr/lib/node_modules/npm/npmrc Completed in 3ms
6 timing config:load:builtin Completed in 5ms
7 timing config:load:cli Completed in 15ms
8 timing config:load:env Completed in 2ms
9 timing config:load:project Completed in 23ms
10 timing config:load:file:/data/data/com.termux/files/home/.npmrc Completed in 13ms
11 timing config:load:user Completed in 15ms
12 timing config:load:file:/data/data/com.termux/files/usr/etc/npmrc Completed in 1ms
13 timing config:load:global Completed in 3ms
14 timing config:load:setEnvs Completed in 8ms
15 timing config:load Completed in 93ms
16 timing npm:load:configload Completed in 94ms
17 timing npm:load:mkdirpcache Completed in 3ms
18 timing npm:load:mkdirplogs Completed in 3ms
19 verbose title npm fund
20 verbose argv "fund"
21 timing npm:load:setTitle Completed in 9ms
22 timing config:load:flatten Completed in 22ms
23 timing npm:load:display Completed in 28ms
24 verbose logfile logs-max:10 dir:/data/data/com.termux/files/home/.npm/_logs/2023-08-18T22_33_00_322Z-
25 verbose logfile /data/data/com.termux/files/home/.npm/_logs/2023-08-18T22_33_00_322Z-debug-0.log
26 timing npm:load:logFile Completed in 73ms
27 timing npm:load:timers Completed in 0ms
28 timing npm:load:configScope Completed in 0ms
29 timing npm:load Completed in 229ms
30 timing config:load:flatten Completed in 8ms
31 timing arborist:ctor Completed in 7ms
32 silly logfile done cleaning log files
33 timing arborist:ctor Completed in 1ms
34 timing command:fund Completed in 247ms
35 verbose exit 0
36 timing npm Completed in 3225ms
37 info ok
