0 verbose cli /data/data/com.termux/files/usr/bin/node /data/data/com.termux/files/usr/bin/npm
1 info using npm@9.6.6
2 info using node@v20.2.0
3 timing npm:load:whichnode Completed in 31ms
4 timing config:load:defaults Completed in 20ms
5 timing config:load:file:/data/data/com.termux/files/usr/lib/node_modules/npm/npmrc Completed in 3ms
6 timing config:load:builtin Completed in 5ms
7 timing config:load:cli Completed in 18ms
8 timing config:load:env Completed in 3ms
9 timing config:load:file:/storage/emulated/0/.npmrc Completed in 1ms
10 timing config:load:project Completed in 16ms
11 timing config:load:file:/data/data/com.termux/files/home/.npmrc Completed in 35ms
12 timing config:load:user Completed in 37ms
13 timing config:load:file:/data/data/com.termux/files/usr/etc/npmrc Completed in 11ms
14 timing config:load:global Completed in 13ms
15 timing config:load:setEnvs Completed in 7ms
16 timing config:load Completed in 125ms
17 timing npm:load:configload Completed in 126ms
18 timing npm:load:mkdirpcache Completed in 1ms
19 timing npm:load:mkdirplogs Completed in 7ms
20 verbose title npm create vue@latest
21 verbose argv "create" "vue@latest"
22 timing npm:load:setTitle Completed in 9ms
23 timing config:load:flatten Completed in 20ms
24 timing npm:load:display Completed in 27ms
25 verbose logfile logs-max:10 dir:/data/data/com.termux/files/home/.npm/_logs/2023-08-17T22_30_37_916Z-
26 verbose logfile /data/data/com.termux/files/home/.npm/_logs/2023-08-17T22_30_37_916Z-debug-0.log
27 timing npm:load:logFile Completed in 83ms
28 timing npm:load:timers Completed in 0ms
29 timing npm:load:configScope Completed in 1ms
30 timing npm:load Completed in 295ms
31 silly logfile done cleaning log files
32 timing arborist:ctor Completed in 8ms
33 http fetch GET 200 https://registry.npmjs.org/create-vue 1484ms (cache revalidated)
34 timing arborist:ctor Completed in 1ms
35 timing arborist:ctor Completed in 0ms
36 timing command:create Completed in 53359ms
37 verbose exit 0
38 timing npm Completed in 61262ms
39 info ok
