0 verbose cli /data/data/com.termux/files/usr/bin/node /data/data/com.termux/files/usr/bin/npm
1 info using npm@9.6.6
2 info using node@v20.2.0
3 timing npm:load:whichnode Completed in 37ms
4 timing config:load:defaults Completed in 11ms
5 timing config:load:file:/data/data/com.termux/files/usr/lib/node_modules/npm/npmrc Completed in 27ms
6 timing config:load:builtin Completed in 28ms
7 timing config:load:cli Completed in 22ms
8 timing config:load:env Completed in 5ms
9 timing config:load:file:/storage/emulated/0/my-react-app/.npmrc Completed in 7ms
10 timing config:load:project Completed in 307ms
11 timing config:load:file:/data/data/com.termux/files/home/.npmrc Completed in 464ms
12 timing config:load:user Completed in 465ms
13 timing config:load:file:/data/data/com.termux/files/usr/etc/npmrc Completed in 1ms
14 timing config:load:global Completed in 3ms
15 timing config:load:setEnvs Completed in 8ms
16 timing config:load Completed in 856ms
17 timing npm:load:configload Completed in 857ms
18 timing npm:load:mkdirpcache Completed in 2ms
19 timing npm:load:mkdirplogs Completed in 2ms
20 verbose title npm
21 verbose argv "--version"
22 timing npm:load:setTitle Completed in 36ms
23 timing config:load:flatten Completed in 41ms
24 timing npm:load:display Completed in 50ms
25 verbose logfile logs-max:10 dir:/data/data/com.termux/files/home/.npm/_logs/2023-07-07T21_06_53_773Z-
26 verbose logfile /data/data/com.termux/files/home/.npm/_logs/2023-07-07T21_06_53_773Z-debug-0.log
27 timing npm:load:logFile Completed in 94ms
28 timing npm:load:timers Completed in 0ms
29 timing npm:load:configScope Completed in 1ms
30 timing npm:load Completed in 1086ms
31 verbose exit 0
32 timing npm Completed in 1181ms
33 info ok
