0 verbose cli /data/data/com.termux/files/usr/bin/node /data/data/com.termux/files/usr/bin/npm
1 info using npm@9.6.6
2 info using node@v20.2.0
3 timing npm:load:whichnode Completed in 32ms
4 timing config:load:defaults Completed in 15ms
5 timing config:load:file:/data/data/com.termux/files/usr/lib/node_modules/npm/npmrc Completed in 6ms
6 timing config:load:builtin Completed in 8ms
7 timing config:load:cli Completed in 23ms
8 timing config:load:env Completed in 5ms
9 timing config:load:file:/storage/emulated/0/my-react-app/.npmrc Completed in 3ms
10 timing config:load:project Completed in 13ms
11 timing config:load:file:/data/data/com.termux/files/home/.npmrc Completed in 14ms
12 timing config:load:user Completed in 17ms
13 timing config:load:file:/data/data/com.termux/files/usr/etc/npmrc Completed in 7ms
14 timing config:load:global Completed in 8ms
15 timing config:load:setEnvs Completed in 7ms
16 timing config:load Completed in 103ms
17 timing npm:load:configload Completed in 104ms
18 timing npm:load:mkdirpcache Completed in 1ms
19 timing npm:load:mkdirplogs Completed in 1ms
20 verbose title npm install react react-dom react-scripts cra-template
21 verbose argv "install" "--no-audit" "--save" "--save-exact" "--loglevel" "error" "react" "react-dom" "react-scripts" "cra-template"
22 timing npm:load:setTitle Completed in 15ms
23 timing config:load:flatten Completed in 30ms
24 timing npm:load:display Completed in 38ms
25 verbose logfile logs-max:10 dir:/data/data/com.termux/files/home/.npm/_logs/2023-07-18T12_54_01_267Z-
26 verbose logfile /data/data/com.termux/files/home/.npm/_logs/2023-07-18T12_54_01_267Z-debug-0.log
27 timing npm:load:logFile Completed in 71ms
28 timing npm:load:timers Completed in 0ms
29 timing npm:load:configScope Completed in 0ms
30 timing npm:load Completed in 271ms
31 timing arborist:ctor Completed in 5ms
32 silly logfile done cleaning log files
33 timing arborist:ctor Completed in 0ms
34 timing idealTree:init Completed in 117ms
35 timing idealTree:userRequests Completed in 28ms
36 silly idealTree buildDeps
37 silly fetch manifest react@*
38 http fetch GET 200 https://registry.npmjs.org/react 74926ms (cache stale)
39 silly fetch manifest react-dom@*
