0 verbose cli /data/data/com.termux/files/usr/bin/node /data/data/com.termux/files/usr/bin/npm
1 info using npm@9.6.6
2 info using node@v20.2.0
3 timing npm:load:whichnode Completed in 15ms
4 timing config:load:defaults Completed in 12ms
5 timing config:load:file:/data/data/com.termux/files/usr/lib/node_modules/npm/npmrc Completed in 3ms
6 timing config:load:builtin Completed in 5ms
7 timing config:load:cli Completed in 19ms
8 timing config:load:env Completed in 2ms
9 timing config:load:file:/storage/emulated/0/Tailwind/.npmrc Completed in 1ms
10 timing config:load:project Completed in 29ms
11 timing config:load:file:/data/data/com.termux/files/home/.npmrc Completed in 14ms
12 timing config:load:user Completed in 16ms
13 timing config:load:file:/data/data/com.termux/files/usr/etc/npmrc Completed in 2ms
14 timing config:load:global Completed in 3ms
15 timing config:load:setEnvs Completed in 7ms
16 timing config:load Completed in 99ms
17 timing npm:load:configload Completed in 100ms
18 timing npm:load:mkdirpcache Completed in 3ms
19 timing npm:load:mkdirplogs Completed in 5ms
20 verbose title npm init
21 verbose argv "init" "--yes"
22 timing npm:load:setTitle Completed in 9ms
23 timing config:load:flatten Completed in 20ms
24 timing npm:load:display Completed in 26ms
25 verbose logfile logs-max:10 dir:/data/data/com.termux/files/home/.npm/_logs/2023-08-18T13_13_42_473Z-
26 verbose logfile /data/data/com.termux/files/home/.npm/_logs/2023-08-18T13_13_42_473Z-debug-0.log
27 timing npm:load:logFile Completed in 74ms
28 timing npm:load:timers Completed in 1ms
29 timing npm:load:configScope Completed in 0ms
30 timing npm:load Completed in 237ms
31 silly logfile done cleaning log files
32 silly package data {
32 silly package data   name: 'tailwind',
32 silly package data   version: '1.0.0',
32 silly package data   description: '',
32 silly package data   main: 'tailwind.config.js',
32 silly package data   scripts: { test: 'echo "Error: no test specified" && exit 1' },
32 silly package data   keywords: [],
32 silly package data   author: '',
32 silly package data   license: 'ISC'
32 silly package data }
33 timing command:init Completed in 164ms
34 verbose exit 0
35 timing npm Completed in 3025ms
36 info ok
