0 verbose cli /data/data/com.termux/files/usr/bin/node /data/data/com.termux/files/usr/bin/npm
1 info using npm@9.6.6
2 info using node@v20.2.0
3 timing npm:load:whichnode Completed in 12ms
4 timing config:load:defaults Completed in 14ms
5 timing config:load:file:/data/data/com.termux/files/usr/lib/node_modules/npm/npmrc Completed in 3ms
6 timing config:load:builtin Completed in 5ms
7 timing config:load:cli Completed in 16ms
8 timing config:load:env Completed in 2ms
9 timing config:load:project Completed in 16ms
10 timing config:load:file:/data/data/com.termux/files/home/.npmrc Completed in 17ms
11 timing config:load:user Completed in 18ms
12 timing config:load:file:/data/data/com.termux/files/usr/etc/npmrc Completed in 2ms
13 timing config:load:global Completed in 4ms
14 timing config:load:setEnvs Completed in 8ms
15 timing config:load Completed in 93ms
16 timing npm:load:configload Completed in 93ms
17 timing npm:load:mkdirpcache Completed in 5ms
18 timing npm:load:mkdirplogs Completed in 3ms
19 verbose title npm install create-react-app
20 verbose argv "install" "create-react-app"
21 timing npm:load:setTitle Completed in 12ms
22 timing config:load:flatten Completed in 29ms
23 timing npm:load:display Completed in 36ms
24 verbose logfile logs-max:10 dir:/data/data/com.termux/files/home/.npm/_logs/2023-08-17T00_48_50_033Z-
25 verbose logfile /data/data/com.termux/files/home/.npm/_logs/2023-08-17T00_48_50_033Z-debug-0.log
26 timing npm:load:logFile Completed in 81ms
27 timing npm:load:timers Completed in 1ms
28 timing npm:load:configScope Completed in 0ms
29 timing npm:load Completed in 251ms
30 timing arborist:ctor Completed in 5ms
31 silly logfile done cleaning log files
32 timing idealTree:init Completed in 127ms
33 timing idealTree:userRequests Completed in 8ms
34 silly idealTree buildDeps
35 silly fetch manifest create-react-app@*
36 timing arborist:ctor Completed in 0ms
37 http fetch GET 200 https://registry.npmjs.org/create-react-app 1692ms (cache miss)
38 silly placeDep ROOT create-react-app@5.0.1 OK for:  want: *
39 silly fetch manifest chalk@^4.1.2
40 silly fetch manifest commander@^4.1.1
41 silly fetch manifest cross-spawn@^7.0.3
42 silly fetch manifest envinfo@^7.8.1
43 silly fetch manifest fs-extra@^10.0.0
44 silly fetch manifest hyperquest@^2.1.3
45 silly fetch manifest prompts@^2.4.2
46 silly fetch manifest semver@^7.3.5
47 silly fetch manifest tar-pack@^3.4.1
48 silly fetch manifest tmp@^0.2.1
49 silly fetch manifest validate-npm-package-name@^3.0.0
50 http fetch GET 200 https://registry.npmjs.org/chalk 292ms (cache miss)
51 http fetch GET 200 https://registry.npmjs.org/validate-npm-package-name 630ms (cache miss)
52 http fetch GET 200 https://registry.npmjs.org/hyperquest 675ms (cache miss)
53 http fetch GET 200 https://registry.npmjs.org/tmp 665ms (cache miss)
54 http fetch GET 200 https://registry.npmjs.org/cross-spawn 743ms (cache miss)
55 http fetch GET 200 https://registry.npmjs.org/prompts 756ms (cache miss)
56 http fetch GET 200 https://registry.npmjs.org/fs-extra 797ms (cache miss)
57 http fetch GET 200 https://registry.npmjs.org/semver 822ms (cache miss)
58 http fetch GET 200 https://registry.npmjs.org/envinfo 852ms (cache miss)
59 http fetch GET 200 https://registry.npmjs.org/commander 877ms (cache miss)
60 http fetch GET 200 https://registry.npmjs.org/tar-pack 1232ms (cache miss)
61 timing idealTree:#root Completed in 3023ms
62 silly placeDep ROOT chalk@4.1.2 OK for: create-react-app@5.0.1 want: ^4.1.2
63 silly fetch manifest ansi-styles@^4.1.0
64 silly fetch manifest supports-color@^7.1.0
65 silly placeDep ROOT commander@4.1.1 OK for: create-react-app@5.0.1 want: ^4.1.1
66 silly placeDep ROOT cross-spawn@7.0.3 OK for: create-react-app@5.0.1 want: ^7.0.3
67 silly fetch manifest path-key@^3.1.0
68 silly fetch manifest shebang-command@^2.0.0
69 silly fetch manifest which@^2.0.1
70 silly placeDep ROOT envinfo@7.10.0 OK for: create-react-app@5.0.1 want: ^7.8.1
71 silly placeDep ROOT fs-extra@10.1.0 OK for: create-react-app@5.0.1 want: ^10.0.0
72 silly fetch manifest graceful-fs@^4.2.0
73 silly fetch manifest jsonfile@^6.0.1
74 silly fetch manifest universalify@^2.0.0
75 silly placeDep ROOT hyperquest@2.1.3 OK for: create-react-app@5.0.1 want: ^2.1.3
76 silly fetch manifest buffer-from@^0.1.1
77 silly fetch manifest duplexer2@~0.0.2
78 silly fetch manifest through2@~0.6.3
79 silly placeDep ROOT prompts@2.4.2 OK for: create-react-app@5.0.1 want: ^2.4.2
80 silly fetch manifest kleur@^3.0.3
81 silly fetch manifest sisteransi@^1.0.5
82 silly placeDep ROOT semver@7.5.4 OK for: create-react-app@5.0.1 want: ^7.3.5
83 silly fetch manifest lru-cache@^6.0.0
84 silly placeDep ROOT tar-pack@3.4.1 OK for: create-react-app@5.0.1 want: ^3.4.1
85 silly fetch manifest debug@^2.2.0
86 silly fetch manifest fstream@^1.0.10
87 silly fetch manifest fstream-ignore@^1.0.5
88 silly fetch manifest once@^1.3.3
89 silly fetch manifest readable-stream@^2.1.4
90 silly fetch manifest rimraf@^2.5.1
91 silly fetch manifest tar@^2.2.1
92 silly fetch manifest uid-number@^0.0.6
93 silly placeDep ROOT tmp@0.2.1 OK for: create-react-app@5.0.1 want: ^0.2.1
94 silly fetch manifest rimraf@^3.0.0
95 silly placeDep ROOT validate-npm-package-name@3.0.0 OK for: create-react-app@5.0.1 want: ^3.0.0
96 silly fetch manifest builtins@^1.0.3
97 http fetch GET 200 https://registry.npmjs.org/shebang-command 926ms (cache miss)
98 http fetch GET 200 https://registry.npmjs.org/duplexer2 892ms (cache miss)
99 http fetch GET 200 https://registry.npmjs.org/once 815ms (cache miss)
100 http fetch GET 200 https://registry.npmjs.org/which 950ms (cache miss)
101 http fetch GET 200 https://registry.npmjs.org/buffer-from 917ms (cache miss)
102 http fetch GET 200 https://registry.npmjs.org/universalify 945ms (cache miss)
103 http fetch GET 200 https://registry.npmjs.org/path-key 988ms (cache miss)
104 http fetch GET 200 https://registry.npmjs.org/uid-number 831ms (cache miss)
105 http fetch GET 200 https://registry.npmjs.org/through2 945ms (cache miss)
106 http fetch GET 200 https://registry.npmjs.org/supports-color 1046ms (cache miss)
107 http fetch GET 200 https://registry.npmjs.org/fstream-ignore 902ms (cache miss)
108 http fetch GET 200 https://registry.npmjs.org/builtins 844ms (cache miss)
109 http fetch GET 200 https://registry.npmjs.org/jsonfile 1013ms (cache miss)
110 http fetch GET 200 https://registry.npmjs.org/sisteransi 989ms (cache miss)
111 http fetch GET 200 https://registry.npmjs.org/graceful-fs 1046ms (cache miss)
112 http fetch GET 200 https://registry.npmjs.org/rimraf 934ms (cache miss)
113 http fetch GET 200 https://registry.npmjs.org/ansi-styles 1141ms (cache miss)
114 http fetch GET 200 https://registry.npmjs.org/fstream 1005ms (cache miss)
115 http fetch GET 200 https://registry.npmjs.org/readable-stream 995ms (cache miss)
116 http fetch GET 200 https://registry.npmjs.org/rimraf 980ms (cache miss)
117 http fetch GET 200 https://registry.npmjs.org/tar 1020ms (cache miss)
118 http fetch GET 200 https://registry.npmjs.org/kleur 1126ms (cache miss)
119 http fetch GET 200 https://registry.npmjs.org/debug 1101ms (cache miss)
120 http fetch GET 200 https://registry.npmjs.org/lru-cache 1148ms (cache miss)
121 timing idealTree:node_modules/create-react-app Completed in 1388ms
122 silly placeDep ROOT ansi-styles@4.3.0 OK for: chalk@4.1.2 want: ^4.1.0
123 silly fetch manifest color-convert@^2.0.1
124 silly placeDep ROOT supports-color@7.2.0 OK for: chalk@4.1.2 want: ^7.1.0
125 silly fetch manifest has-flag@^4.0.0
126 http fetch GET 200 https://registry.npmjs.org/has-flag 203ms (cache miss)
127 http fetch GET 200 https://registry.npmjs.org/color-convert 230ms (cache miss)
128 timing idealTree:node_modules/chalk Completed in 270ms
129 silly placeDep ROOT color-convert@2.0.1 OK for: ansi-styles@4.3.0 want: ^2.0.1
130 silly fetch manifest color-name@~1.1.4
131 http fetch GET 200 https://registry.npmjs.org/color-name 145ms (cache miss)
132 timing idealTree:node_modules/ansi-styles Completed in 175ms
133 silly placeDep ROOT color-name@1.1.4 OK for: color-convert@2.0.1 want: ~1.1.4
134 timing idealTree:node_modules/color-convert Completed in 15ms
135 timing idealTree:node_modules/color-name Completed in 0ms
136 timing idealTree:node_modules/commander Completed in 3ms
137 silly placeDep ROOT path-key@3.1.1 OK for: cross-spawn@7.0.3 want: ^3.1.0
138 silly placeDep ROOT shebang-command@2.0.0 OK for: cross-spawn@7.0.3 want: ^2.0.0
139 silly fetch manifest shebang-regex@^3.0.0
140 silly placeDep ROOT which@2.0.2 OK for: cross-spawn@7.0.3 want: ^2.0.1
141 silly fetch manifest isexe@^2.0.0
142 http fetch GET 200 https://registry.npmjs.org/isexe 206ms (cache miss)
143 http fetch GET 200 https://registry.npmjs.org/shebang-regex 225ms (cache miss)
144 timing idealTree:node_modules/cross-spawn Completed in 263ms
145 timing idealTree:node_modules/envinfo Completed in 0ms
146 silly placeDep ROOT graceful-fs@4.2.11 OK for: fs-extra@10.1.0 want: ^4.2.0
147 silly placeDep ROOT jsonfile@6.1.0 OK for: fs-extra@10.1.0 want: ^6.0.1
148 silly placeDep ROOT universalify@2.0.0 OK for: fs-extra@10.1.0 want: ^2.0.0
149 timing idealTree:node_modules/fs-extra Completed in 24ms
150 timing idealTree:node_modules/graceful-fs Completed in 0ms
151 silly placeDep ROOT buffer-from@0.1.2 OK for: hyperquest@2.1.3 want: ^0.1.1
152 silly placeDep ROOT duplexer2@0.0.2 OK for: hyperquest@2.1.3 want: ~0.0.2
153 silly fetch manifest readable-stream@~1.1.9
154 silly placeDep ROOT through2@0.6.5 OK for: hyperquest@2.1.3 want: ~0.6.3
155 silly fetch manifest readable-stream@>=1.0.33-1 <1.1.0-0
156 silly fetch manifest xtend@>=4.0.0 <4.1.0-0
157 http fetch GET 200 https://registry.npmjs.org/xtend 180ms (cache miss)
158 timing idealTree:node_modules/hyperquest Completed in 224ms
159 timing idealTree:node_modules/buffer-from Completed in 1ms
160 silly placeDep ROOT readable-stream@1.1.14 OK for: duplexer2@0.0.2 want: ~1.1.9
161 silly fetch manifest core-util-is@~1.0.0
162 silly fetch manifest isarray@0.0.1
163 silly fetch manifest string_decoder@~0.10.x
164 silly fetch manifest inherits@~2.0.1
165 http fetch GET 200 https://registry.npmjs.org/string_decoder 234ms (cache miss)
166 http fetch GET 200 https://registry.npmjs.org/inherits 233ms (cache miss)
167 http fetch GET 200 https://registry.npmjs.org/isarray 256ms (cache miss)
168 http fetch GET 200 https://registry.npmjs.org/core-util-is 441ms (cache miss)
169 timing idealTree:node_modules/duplexer2 Completed in 476ms
170 timing idealTree:node_modules/jsonfile Completed in 0ms
171 timing idealTree:node_modules/path-key Completed in 0ms
172 silly placeDep ROOT kleur@3.0.3 OK for: prompts@2.4.2 want: ^3.0.3
173 silly placeDep ROOT sisteransi@1.0.5 OK for: prompts@2.4.2 want: ^1.0.5
174 timing idealTree:node_modules/prompts Completed in 27ms
175 timing idealTree:node_modules/kleur Completed in 0ms
176 silly placeDep ROOT core-util-is@1.0.3 OK for: readable-stream@1.1.14 want: ~1.0.0
177 silly placeDep ROOT inherits@2.0.4 OK for: readable-stream@1.1.14 want: ~2.0.1
178 silly placeDep ROOT isarray@0.0.1 OK for: readable-stream@1.1.14 want: 0.0.1
179 silly placeDep ROOT string_decoder@0.10.31 OK for: readable-stream@1.1.14 want: ~0.10.x
180 timing idealTree:node_modules/readable-stream Completed in 43ms
181 timing idealTree:node_modules/core-util-is Completed in 0ms
182 timing idealTree:node_modules/inherits Completed in 0ms
183 timing idealTree:node_modules/isarray Completed in 0ms
184 silly placeDep ROOT lru-cache@6.0.0 OK for: semver@7.5.4 want: ^6.0.0
185 silly fetch manifest yallist@^4.0.0
186 http fetch GET 200 https://registry.npmjs.org/yallist 136ms (cache miss)
187 timing idealTree:node_modules/semver Completed in 155ms
188 silly placeDep ROOT yallist@4.0.0 OK for: lru-cache@6.0.0 want: ^4.0.0
189 timing idealTree:node_modules/lru-cache Completed in 16ms
190 silly placeDep ROOT shebang-regex@3.0.0 OK for: shebang-command@2.0.0 want: ^3.0.0
191 timing idealTree:node_modules/shebang-command Completed in 12ms
192 timing idealTree:node_modules/shebang-regex Completed in 0ms
193 timing idealTree:node_modules/sisteransi Completed in 0ms
194 timing idealTree:node_modules/string_decoder Completed in 0ms
195 silly placeDep ROOT has-flag@4.0.0 OK for: supports-color@7.2.0 want: ^4.0.0
196 timing idealTree:node_modules/supports-color Completed in 14ms
197 timing idealTree:node_modules/has-flag Completed in 0ms
198 silly placeDep ROOT debug@2.6.9 OK for: tar-pack@3.4.1 want: ^2.2.0
199 silly fetch manifest ms@2.0.0
200 silly placeDep ROOT fstream@1.0.12 OK for: tar-pack@3.4.1 want: ^1.0.10
201 silly fetch manifest mkdirp@>=0.5 0
202 silly fetch manifest rimraf@2
203 silly placeDep ROOT fstream-ignore@1.0.5 OK for: tar-pack@3.4.1 want: ^1.0.5
204 silly fetch manifest minimatch@^3.0.0
205 silly placeDep ROOT once@1.4.0 OK for: tar-pack@3.4.1 want: ^1.3.3
206 silly fetch manifest wrappy@1
207 silly placeDep node_modules/tar-pack readable-stream@2.3.8 OK for: tar-pack@3.4.1 want: ^2.1.4
208 silly fetch manifest isarray@~1.0.0
209 silly fetch manifest process-nextick-args@~2.0.0
210 silly fetch manifest safe-buffer@~5.1.1
211 silly fetch manifest string_decoder@~1.1.1
212 silly fetch manifest util-deprecate@~1.0.1
213 silly placeDep ROOT rimraf@2.7.1 OK for: tar-pack@3.4.1 want: ^2.5.1
214 silly fetch manifest glob@^7.1.3
215 silly placeDep ROOT tar@2.2.2 OK for: tar-pack@3.4.1 want: ^2.2.1
216 silly fetch manifest block-stream@*
217 silly placeDep ROOT uid-number@0.0.6 OK for: tar-pack@3.4.1 want: ^0.0.6
218 http fetch GET 200 https://registry.npmjs.org/util-deprecate 391ms (cache miss)
219 http fetch GET 200 https://registry.npmjs.org/process-nextick-args 415ms (cache miss)
220 http fetch GET 200 https://registry.npmjs.org/ms 499ms (cache miss)
221 http fetch GET 200 https://registry.npmjs.org/safe-buffer 441ms (cache miss)
222 http fetch GET 200 https://registry.npmjs.org/mkdirp 535ms (cache miss)
223 http fetch GET 200 https://registry.npmjs.org/block-stream 449ms (cache miss)
224 http fetch GET 200 https://registry.npmjs.org/wrappy 532ms (cache miss)
225 http fetch GET 200 https://registry.npmjs.org/glob 479ms (cache miss)
226 http fetch GET 200 https://registry.npmjs.org/minimatch 583ms (cache miss)
227 timing idealTree:node_modules/tar-pack Completed in 667ms
228 silly placeDep ROOT ms@2.0.0 OK for: debug@2.6.9 want: 2.0.0
229 timing idealTree:node_modules/debug Completed in 14ms
230 silly placeDep ROOT mkdirp@0.5.6 OK for: fstream@1.0.12 want: >=0.5 0
231 silly fetch manifest minimist@^1.2.6
232 http fetch GET 200 https://registry.npmjs.org/minimist 164ms (cache miss)
233 timing idealTree:node_modules/fstream Completed in 188ms
234 silly placeDep ROOT minimatch@3.1.2 OK for: fstream-ignore@1.0.5 want: ^3.0.0
235 silly fetch manifest brace-expansion@^1.1.7
236 http fetch GET 200 https://registry.npmjs.org/brace-expansion 188ms (cache miss)
237 timing idealTree:node_modules/fstream-ignore Completed in 214ms
238 silly placeDep ROOT brace-expansion@1.1.11 OK for: minimatch@3.1.2 want: ^1.1.7
239 silly fetch manifest balanced-match@^1.0.0
240 silly fetch manifest concat-map@0.0.1
241 http fetch GET 200 https://registry.npmjs.org/balanced-match 167ms (cache miss)
242 http fetch GET 200 https://registry.npmjs.org/concat-map 174ms (cache miss)
243 timing idealTree:node_modules/minimatch Completed in 200ms
244 silly placeDep ROOT balanced-match@1.0.2 OK for: brace-expansion@1.1.11 want: ^1.0.0
245 silly placeDep ROOT concat-map@0.0.1 OK for: brace-expansion@1.1.11 want: 0.0.1
246 timing idealTree:node_modules/brace-expansion Completed in 19ms
247 timing idealTree:node_modules/balanced-match Completed in 0ms
248 timing idealTree:node_modules/concat-map Completed in 0ms
249 silly placeDep ROOT minimist@1.2.8 OK for: mkdirp@0.5.6 want: ^1.2.6
250 timing idealTree:node_modules/mkdirp Completed in 11ms
251 timing idealTree:node_modules/minimist Completed in 0ms
252 timing idealTree:node_modules/ms Completed in 0ms
253 silly placeDep ROOT wrappy@1.0.2 OK for: once@1.4.0 want: 1
254 timing idealTree:node_modules/once Completed in 10ms
255 silly placeDep ROOT glob@7.2.3 OK for: rimraf@2.7.1 want: ^7.1.3
256 silly fetch manifest fs.realpath@^1.0.0
257 silly fetch manifest inflight@^1.0.4
258 silly fetch manifest path-is-absolute@^1.0.0
259 http fetch GET 200 https://registry.npmjs.org/fs.realpath 165ms (cache miss)
260 http fetch GET 200 https://registry.npmjs.org/path-is-absolute 157ms (cache miss)
261 http fetch GET 200 https://registry.npmjs.org/inflight 169ms (cache miss)
262 timing idealTree:node_modules/rimraf Completed in 195ms
263 silly placeDep ROOT fs.realpath@1.0.0 OK for: glob@7.2.3 want: ^1.0.0
264 silly placeDep ROOT inflight@1.0.6 OK for: glob@7.2.3 want: ^1.0.4
265 silly placeDep ROOT path-is-absolute@1.0.1 OK for: glob@7.2.3 want: ^1.0.0
266 timing idealTree:node_modules/glob Completed in 29ms
267 timing idealTree:node_modules/fs.realpath Completed in 1ms
268 timing idealTree:node_modules/inflight Completed in 0ms
269 timing idealTree:node_modules/path-is-absolute Completed in 0ms
270 silly placeDep ROOT block-stream@0.0.9 OK for: tar@2.2.2 want: *
271 timing idealTree:node_modules/tar Completed in 10ms
272 timing idealTree:node_modules/block-stream Completed in 0ms
273 silly placeDep node_modules/through2 readable-stream@1.0.34 OK for: through2@0.6.5 want: >=1.0.33-1 <1.1.0-0
274 silly placeDep ROOT xtend@4.0.2 OK for: through2@0.6.5 want: >=4.0.0 <4.1.0-0
275 timing idealTree:node_modules/through2 Completed in 22ms
276 silly placeDep node_modules/tmp rimraf@3.0.2 OK for: tmp@0.2.1 want: ^3.0.0
277 timing idealTree:node_modules/tmp Completed in 10ms
278 timing idealTree:node_modules/uid-number Completed in 0ms
279 timing idealTree:node_modules/universalify Completed in 0ms
280 silly placeDep ROOT builtins@1.0.3 OK for: validate-npm-package-name@3.0.0 want: ^1.0.3
281 timing idealTree:node_modules/validate-npm-package-name Completed in 9ms
282 timing idealTree:node_modules/builtins Completed in 0ms
283 silly placeDep ROOT isexe@2.0.0 OK for: which@2.0.2 want: ^2.0.0
284 timing idealTree:node_modules/which Completed in 11ms
285 timing idealTree:node_modules/isexe Completed in 1ms
286 timing idealTree:node_modules/wrappy Completed in 0ms
287 timing idealTree:node_modules/xtend Completed in 1ms
288 timing idealTree:node_modules/yallist Completed in 0ms
289 silly placeDep node_modules/tar-pack isarray@1.0.0 OK for: readable-stream@2.3.8 want: ~1.0.0
290 silly placeDep ROOT process-nextick-args@2.0.1 OK for: readable-stream@2.3.8 want: ~2.0.0
291 silly placeDep ROOT safe-buffer@5.1.2 OK for: readable-stream@2.3.8 want: ~5.1.1
292 silly placeDep node_modules/tar-pack string_decoder@1.1.1 OK for: readable-stream@2.3.8 want: ~1.1.1
293 silly placeDep ROOT util-deprecate@1.0.2 OK for: readable-stream@2.3.8 want: ~1.0.1
294 timing idealTree:node_modules/tar-pack/node_modules/readable-stream Completed in 67ms
295 timing idealTree:node_modules/process-nextick-args Completed in 0ms
296 timing idealTree:node_modules/safe-buffer Completed in 0ms
297 timing idealTree:node_modules/util-deprecate Completed in 0ms
298 timing idealTree:node_modules/tar-pack/node_modules/isarray Completed in 0ms
299 timing idealTree:node_modules/tar-pack/node_modules/string_decoder Completed in 0ms
300 timing idealTree:node_modules/through2/node_modules/readable-stream Completed in 0ms
301 timing idealTree:node_modules/tmp/node_modules/rimraf Completed in 0ms
302 timing idealTree:buildDeps Completed in 7864ms
303 timing idealTree:fixDepFlags Completed in 9ms
304 timing idealTree Completed in 8020ms
305 timing reify:loadTrees Completed in 8028ms
306 timing reify:diffTrees Completed in 23ms
307 silly reify moves {}
308 timing reify:retireShallow Completed in 7ms
309 timing reify:createSparse Completed in 39ms
310 timing reify:loadBundles Completed in 0ms
311 silly audit bulk request {
311 silly audit   'js-tokens': [ '4.0.0' ],
311 silly audit   'loose-envify': [ '1.4.0' ],
311 silly audit   react: [ '18.2.0' ],
311 silly audit   'create-react-app': [ '5.0.1' ],
311 silly audit   chalk: [ '4.1.2' ],
311 silly audit   commander: [ '4.1.1' ],
311 silly audit   'cross-spawn': [ '7.0.3' ],
311 silly audit   envinfo: [ '7.10.0' ],
311 silly audit   'fs-extra': [ '10.1.0' ],
311 silly audit   hyperquest: [ '2.1.3' ],
311 silly audit   prompts: [ '2.4.2' ],
311 silly audit   semver: [ '7.5.4' ],
311 silly audit   'tar-pack': [ '3.4.1' ],
311 silly audit   tmp: [ '0.2.1' ],
311 silly audit   'validate-npm-package-name': [ '3.0.0' ],
311 silly audit   'ansi-styles': [ '4.3.0' ],
311 silly audit   'supports-color': [ '7.2.0' ],
311 silly audit   'color-convert': [ '2.0.1' ],
311 silly audit   'color-name': [ '1.1.4' ],
311 silly audit   'path-key': [ '3.1.1' ],
311 silly audit   'shebang-command': [ '2.0.0' ],
311 silly audit   which: [ '2.0.2' ],
311 silly audit   'graceful-fs': [ '4.2.11' ],
311 silly audit   jsonfile: [ '6.1.0' ],
311 silly audit   universalify: [ '2.0.0' ],
311 silly audit   'buffer-from': [ '0.1.2' ],
311 silly audit   duplexer2: [ '0.0.2' ],
311 silly audit   through2: [ '0.6.5' ],
311 silly audit   'readable-stream': [ '1.1.14', '2.3.8', '1.0.34' ],
311 silly audit   kleur: [ '3.0.3' ],
311 silly audit   sisteransi: [ '1.0.5' ],
311 silly audit   'core-util-is': [ '1.0.3' ],
311 silly audit   inherits: [ '2.0.4' ],
311 silly audit   isarray: [ '0.0.1', '1.0.0' ],
311 silly audit   string_decoder: [ '0.10.31', '1.1.1' ],
311 silly audit   'lru-cache': [ '6.0.0' ],
311 silly audit   yallist: [ '4.0.0' ],
311 silly audit   'shebang-regex': [ '3.0.0' ],
311 silly audit   'has-flag': [ '4.0.0' ],
311 silly audit   debug: [ '2.6.9' ],
311 silly audit   fstream: [ '1.0.12' ],
311 silly audit   'fstream-ignore': [ '1.0.5' ],
311 silly audit   once: [ '1.4.0' ],
311 silly audit   rimraf: [ '2.7.1', '3.0.2' ],
311 silly audit   tar: [ '2.2.2' ],
311 silly audit   'uid-number': [ '0.0.6' ],
311 silly audit   ms: [ '2.0.0' ],
311 silly audit   mkdirp: [ '0.5.6' ],
311 silly audit   minimatch: [ '3.1.2' ],
311 silly audit   'brace-expansion': [ '1.1.11' ],
311 silly audit   'balanced-match': [ '1.0.2' ],
311 silly audit   'concat-map': [ '0.0.1' ],
311 silly audit   minimist: [ '1.2.8' ],
311 silly audit   wrappy: [ '1.0.2' ],
311 silly audit   glob: [ '7.2.3' ],
311 silly audit   'fs.realpath': [ '1.0.0' ],
311 silly audit   inflight: [ '1.0.6' ],
311 silly audit   'path-is-absolute': [ '1.0.1' ],
311 silly audit   'block-stream': [ '0.0.9' ],
311 silly audit   xtend: [ '4.0.2' ],
311 silly audit   builtins: [ '1.0.3' ],
311 silly audit   isexe: [ '2.0.0' ],
311 silly audit   'process-nextick-args': [ '2.0.1' ],
311 silly audit   'safe-buffer': [ '5.1.2' ],
311 silly audit   'util-deprecate': [ '1.0.2' ]
311 silly audit }
312 silly tarball no local data for util-deprecate@https://registry.npmjs.org/util-deprecate/-/util-deprecate-1.0.2.tgz. Extracting by manifest.
313 silly tarball no local data for safe-buffer@https://registry.npmjs.org/safe-buffer/-/safe-buffer-5.1.2.tgz. Extracting by manifest.
314 silly tarball no local data for process-nextick-args@https://registry.npmjs.org/process-nextick-args/-/process-nextick-args-2.0.1.tgz. Extracting by manifest.
315 silly tarball no local data for isexe@https://registry.npmjs.org/isexe/-/isexe-2.0.0.tgz. Extracting by manifest.
316 silly tarball no local data for xtend@https://registry.npmjs.org/xtend/-/xtend-4.0.2.tgz. Extracting by manifest.
317 silly tarball no local data for builtins@https://registry.npmjs.org/builtins/-/builtins-1.0.3.tgz. Extracting by manifest.
318 silly tarball no local data for path-is-absolute@https://registry.npmjs.org/path-is-absolute/-/path-is-absolute-1.0.1.tgz. Extracting by manifest.
319 silly tarball no local data for fs.realpath@https://registry.npmjs.org/fs.realpath/-/fs.realpath-1.0.0.tgz. Extracting by manifest.
320 silly tarball no local data for glob@https://registry.npmjs.org/glob/-/glob-7.2.3.tgz. Extracting by manifest.
321 silly tarball no local data for inflight@https://registry.npmjs.org/inflight/-/inflight-1.0.6.tgz. Extracting by manifest.
322 silly tarball no local data for wrappy@https://registry.npmjs.org/wrappy/-/wrappy-1.0.2.tgz. Extracting by manifest.
323 silly tarball no local data for minimist@https://registry.npmjs.org/minimist/-/minimist-1.2.8.tgz. Extracting by manifest.
324 silly tarball no local data for concat-map@https://registry.npmjs.org/concat-map/-/concat-map-0.0.1.tgz. Extracting by manifest.
325 silly tarball no local data for balanced-match@https://registry.npmjs.org/balanced-match/-/balanced-match-1.0.2.tgz. Extracting by manifest.
326 silly tarball no local data for brace-expansion@https://registry.npmjs.org/brace-expansion/-/brace-expansion-1.1.11.tgz. Extracting by manifest.
327 silly tarball no local data for minimatch@https://registry.npmjs.org/minimatch/-/minimatch-3.1.2.tgz. Extracting by manifest.
328 silly tarball no local data for mkdirp@https://registry.npmjs.org/mkdirp/-/mkdirp-0.5.6.tgz. Extracting by manifest.
329 silly tarball no local data for ms@https://registry.npmjs.org/ms/-/ms-2.0.0.tgz. Extracting by manifest.
330 silly tarball no local data for uid-number@https://registry.npmjs.org/uid-number/-/uid-number-0.0.6.tgz. Extracting by manifest.
331 silly tarball no local data for tar@https://registry.npmjs.org/tar/-/tar-2.2.2.tgz. Extracting by manifest.
332 silly tarball no local data for rimraf@https://registry.npmjs.org/rimraf/-/rimraf-2.7.1.tgz. Extracting by manifest.
333 silly tarball no local data for once@https://registry.npmjs.org/once/-/once-1.4.0.tgz. Extracting by manifest.
334 silly tarball no local data for fstream-ignore@https://registry.npmjs.org/fstream-ignore/-/fstream-ignore-1.0.5.tgz. Extracting by manifest.
335 silly tarball no local data for fstream@https://registry.npmjs.org/fstream/-/fstream-1.0.12.tgz. Extracting by manifest.
336 silly tarball no local data for debug@https://registry.npmjs.org/debug/-/debug-2.6.9.tgz. Extracting by manifest.
337 silly tarball no local data for has-flag@https://registry.npmjs.org/has-flag/-/has-flag-4.0.0.tgz. Extracting by manifest.
338 silly tarball no local data for shebang-regex@https://registry.npmjs.org/shebang-regex/-/shebang-regex-3.0.0.tgz. Extracting by manifest.
339 silly tarball no local data for yallist@https://registry.npmjs.org/yallist/-/yallist-4.0.0.tgz. Extracting by manifest.
340 silly tarball no local data for lru-cache@https://registry.npmjs.org/lru-cache/-/lru-cache-6.0.0.tgz. Extracting by manifest.
341 silly tarball no local data for string_decoder@https://registry.npmjs.org/string_decoder/-/string_decoder-0.10.31.tgz. Extracting by manifest.
342 silly tarball no local data for isarray@https://registry.npmjs.org/isarray/-/isarray-0.0.1.tgz. Extracting by manifest.
343 silly tarball no local data for inherits@https://registry.npmjs.org/inherits/-/inherits-2.0.4.tgz. Extracting by manifest.
344 silly tarball no local data for sisteransi@https://registry.npmjs.org/sisteransi/-/sisteransi-1.0.5.tgz. Extracting by manifest.
345 silly tarball no local data for core-util-is@https://registry.npmjs.org/core-util-is/-/core-util-is-1.0.3.tgz. Extracting by manifest.
346 silly tarball no local data for kleur@https://registry.npmjs.org/kleur/-/kleur-3.0.3.tgz. Extracting by manifest.
347 silly tarball no local data for readable-stream@https://registry.npmjs.org/readable-stream/-/readable-stream-1.1.14.tgz. Extracting by manifest.
348 silly tarball no local data for through2@https://registry.npmjs.org/through2/-/through2-0.6.5.tgz. Extracting by manifest.
349 silly tarball no local data for duplexer2@https://registry.npmjs.org/duplexer2/-/duplexer2-0.0.2.tgz. Extracting by manifest.
350 silly tarball no local data for buffer-from@https://registry.npmjs.org/buffer-from/-/buffer-from-0.1.2.tgz. Extracting by manifest.
351 silly tarball no local data for universalify@https://registry.npmjs.org/universalify/-/universalify-2.0.0.tgz. Extracting by manifest.
352 silly tarball no local data for jsonfile@https://registry.npmjs.org/jsonfile/-/jsonfile-6.1.0.tgz. Extracting by manifest.
353 silly tarball no local data for graceful-fs@https://registry.npmjs.org/graceful-fs/-/graceful-fs-4.2.11.tgz. Extracting by manifest.
354 silly tarball no local data for which@https://registry.npmjs.org/which/-/which-2.0.2.tgz. Extracting by manifest.
355 silly tarball no local data for shebang-command@https://registry.npmjs.org/shebang-command/-/shebang-command-2.0.0.tgz. Extracting by manifest.
356 silly tarball no local data for path-key@https://registry.npmjs.org/path-key/-/path-key-3.1.1.tgz. Extracting by manifest.
357 silly tarball no local data for color-convert@https://registry.npmjs.org/color-convert/-/color-convert-2.0.1.tgz. Extracting by manifest.
358 silly tarball no local data for color-name@https://registry.npmjs.org/color-name/-/color-name-1.1.4.tgz. Extracting by manifest.
359 silly tarball no local data for supports-color@https://registry.npmjs.org/supports-color/-/supports-color-7.2.0.tgz. Extracting by manifest.
360 silly tarball no local data for tar-pack@https://registry.npmjs.org/tar-pack/-/tar-pack-3.4.1.tgz. Extracting by manifest.
361 silly tarball no local data for validate-npm-package-name@https://registry.npmjs.org/validate-npm-package-name/-/validate-npm-package-name-3.0.0.tgz. Extracting by manifest.
362 silly tarball no local data for semver@https://registry.npmjs.org/semver/-/semver-7.5.4.tgz. Extracting by manifest.
363 silly tarball no local data for ansi-styles@https://registry.npmjs.org/ansi-styles/-/ansi-styles-4.3.0.tgz. Extracting by manifest.
364 silly tarball no local data for tmp@https://registry.npmjs.org/tmp/-/tmp-0.2.1.tgz. Extracting by manifest.
365 silly tarball no local data for prompts@https://registry.npmjs.org/prompts/-/prompts-2.4.2.tgz. Extracting by manifest.
366 silly tarball no local data for hyperquest@https://registry.npmjs.org/hyperquest/-/hyperquest-2.1.3.tgz. Extracting by manifest.
367 silly tarball no local data for fs-extra@https://registry.npmjs.org/fs-extra/-/fs-extra-10.1.0.tgz. Extracting by manifest.
368 silly tarball no local data for envinfo@https://registry.npmjs.org/envinfo/-/envinfo-7.10.0.tgz. Extracting by manifest.
369 silly tarball no local data for cross-spawn@https://registry.npmjs.org/cross-spawn/-/cross-spawn-7.0.3.tgz. Extracting by manifest.
370 silly tarball no local data for commander@https://registry.npmjs.org/commander/-/commander-4.1.1.tgz. Extracting by manifest.
371 silly tarball no local data for chalk@https://registry.npmjs.org/chalk/-/chalk-4.1.2.tgz. Extracting by manifest.
372 silly tarball no local data for create-react-app@https://registry.npmjs.org/create-react-app/-/create-react-app-5.0.1.tgz. Extracting by manifest.
373 silly tarball no local data for readable-stream@https://registry.npmjs.org/readable-stream/-/readable-stream-1.0.34.tgz. Extracting by manifest.
374 silly tarball no local data for rimraf@https://registry.npmjs.org/rimraf/-/rimraf-3.0.2.tgz. Extracting by manifest.
375 silly tarball no local data for string_decoder@https://registry.npmjs.org/string_decoder/-/string_decoder-1.1.1.tgz. Extracting by manifest.
376 silly tarball no local data for readable-stream@https://registry.npmjs.org/readable-stream/-/readable-stream-2.3.8.tgz. Extracting by manifest.
377 silly tarball no local data for isarray@https://registry.npmjs.org/isarray/-/isarray-1.0.0.tgz. Extracting by manifest.
378 silly tarball no local data for block-stream@https://registry.npmjs.org/block-stream/-/block-stream-0.0.9.tgz. Extracting by manifest.
379 http fetch POST 200 https://registry.npmjs.org/-/npm/v1/security/advisories/bulk 1194ms
380 timing auditReport:getReport Completed in 1218ms
381 silly audit report {
381 silly audit report   tar: [
381 silly audit report     {
381 silly audit report       id: 1089685,
381 silly audit report       url: 'https://github.com/advisories/GHSA-3jfq-g458-7qm9',
381 silly audit report       title: 'Arbitrary File Creation/Overwrite due to insufficient absolute path sanitization',
381 silly audit report       severity: 'high',
381 silly audit report       vulnerable_versions: '<3.2.2',
381 silly audit report       cwe: [Array],
381 silly audit report       cvss: [Object]
381 silly audit report     },
381 silly audit report     {
381 silly audit report       id: 1091314,
381 silly audit report       url: 'https://github.com/advisories/GHSA-r628-mhmh-qjhw',
381 silly audit report       title: 'Arbitrary File Creation/Overwrite via insufficient symlink protection due to directory cache poisoning',
381 silly audit report       severity: 'high',
381 silly audit report       vulnerable_versions: '<3.2.3',
381 silly audit report       cwe: [Array],
381 silly audit report       cvss: [Object]
381 silly audit report     },
381 silly audit report     {
381 silly audit report       id: 1091343,
381 silly audit report       url: 'https://github.com/advisories/GHSA-9r2w-394v-53qc',
381 silly audit report       title: 'Arbitrary File Creation/Overwrite via insufficient symlink protection due to directory cache poisoning using symbolic links',
381 silly audit report       severity: 'high',
381 silly audit report       vulnerable_versions: '<4.4.16',
381 silly audit report       cwe: [Array],
381 silly audit report       cvss: [Object]
381 silly audit report     },
381 silly audit report     {
381 silly audit report       id: 1091346,
381 silly audit report       url: 'https://github.com/advisories/GHSA-5955-9wpr-37jh',
381 silly audit report       title: 'Arbitrary File Creation/Overwrite on Windows via insufficient relative path sanitization',
381 silly audit report       severity: 'high',
381 silly audit report       vulnerable_versions: '<4.4.18',
381 silly audit report       cwe: [Array],
381 silly audit report       cvss: [Object]
381 silly audit report     },
381 silly audit report     {
381 silly audit report       id: 1092992,
381 silly audit report       url: 'https://github.com/advisories/GHSA-qq89-hq3f-393p',
381 silly audit report       title: 'Arbitrary File Creation/Overwrite via insufficient symlink protection due to directory cache poisoning using symbolic links',
381 silly audit report       severity: 'high',
381 silly audit report       vulnerable_versions: '<4.4.18',
381 silly audit report       cwe: [Array],
381 silly audit report       cvss: [Object]
381 silly audit report     }
381 silly audit report   ]
381 silly audit report }
382 timing metavuln:packument:tar Completed in 7ms
383 timing metavuln:cache:get:security-advisory:tar:Oa066nJpV2ox85F6qnk1N5eWmAmoWAMU7byYhWk4oYfHYrQ8aGHfCKRikfcy0dHDcKWKiPRc7Nz7R9fxKkj0Yw== Completed in 144ms
384 timing metavuln:load:security-advisory:tar:1089685 Completed in 24ms
385 timing metavuln:cache:get:security-advisory:tar://v7gXY4srL0Vdj6ndv/W5RidNqQcJEzKPP7wzp8ldEeGt+rcrGXk7GHbv4gaxsVCuNoYWXEG3Q0o+8zvTa+bA== Completed in 169ms
386 timing metavuln:load:security-advisory:tar:1091314 Completed in 18ms
387 timing metavuln:cache:get:security-advisory:tar:6IrrInvFtCltpVhVG2VxuzkWZKyBFFz82q8vKUG6SlVafYLuCJzljuu4f8Lj65dXTwl03T5SLKe7fT6K17W2yg== Completed in 189ms
388 timing metavuln:load:security-advisory:tar:1091343 Completed in 15ms
389 timing metavuln:cache:get:security-advisory:tar:p0AhLehZPY5CdqjgwJhs5z5O0h0MqVniwTfTsAMaLNDQ/RkWBbPEEZS5yXBrO2vDkOIaucWVWkY+Xk5QvzhkDA== Completed in 207ms
390 timing metavuln:load:security-advisory:tar:1091346 Completed in 14ms
391 timing metavuln:cache:get:security-advisory:tar:iX22dkMRdz5sNHJkIH9BBcy6srHLXMg4rYGql4fiqoNHXvrVPvLqL3FL7m1C3wd5kX3Dp8hfJvPCxYFiRlWIpw== Completed in 221ms
392 timing metavuln:load:security-advisory:tar:1092992 Completed in 15ms
393 http fetch GET 200 https://registry.npmjs.org/process-nextick-args/-/process-nextick-args-2.0.1.tgz 2525ms (cache miss)
394 timing reifyNode:node_modules/process-nextick-args Completed in 2801ms
395 http fetch GET 200 https://registry.npmjs.org/isexe/-/isexe-2.0.0.tgz 2524ms (cache miss)
396 timing reifyNode:node_modules/isexe Completed in 2804ms
397 http fetch GET 200 https://registry.npmjs.org/xtend/-/xtend-4.0.2.tgz 2521ms (cache miss)
398 timing reifyNode:node_modules/xtend Completed in 2805ms
399 http fetch GET 200 https://registry.npmjs.org/inflight/-/inflight-1.0.6.tgz 2495ms (cache miss)
400 timing reifyNode:node_modules/inflight Completed in 2806ms
401 http fetch GET 200 https://registry.npmjs.org/balanced-match/-/balanced-match-1.0.2.tgz 2479ms (cache miss)
402 timing reifyNode:node_modules/balanced-match Completed in 2809ms
403 http fetch GET 200 https://registry.npmjs.org/wrappy/-/wrappy-1.0.2.tgz 2497ms (cache miss)
404 timing reifyNode:node_modules/wrappy Completed in 2811ms
405 timing metavuln:cache:put:security-advisory:tar:p0AhLehZPY5CdqjgwJhs5z5O0h0MqVniwTfTsAMaLNDQ/RkWBbPEEZS5yXBrO2vDkOIaucWVWkY+Xk5QvzhkDA== Completed in 1434ms
406 timing metavuln:calculate:security-advisory:tar:1091346 Completed in 1656ms
407 http fetch GET 200 https://registry.npmjs.org/builtins/-/builtins-1.0.3.tgz 2556ms (cache miss)
408 timing reifyNode:node_modules/builtins Completed in 2846ms
409 http fetch GET 200 https://registry.npmjs.org/uid-number/-/uid-number-0.0.6.tgz 2493ms (cache miss)
410 timing reifyNode:node_modules/uid-number Completed in 2845ms
411 http fetch GET 200 https://registry.npmjs.org/ms/-/ms-2.0.0.tgz 2502ms (cache miss)
412 timing reifyNode:node_modules/ms Completed in 2850ms
413 http fetch GET 200 https://registry.npmjs.org/once/-/once-1.4.0.tgz 2474ms (cache miss)
414 timing reifyNode:node_modules/once Completed in 2853ms
415 http fetch GET 200 https://registry.npmjs.org/util-deprecate/-/util-deprecate-1.0.2.tgz 2621ms (cache miss)
416 timing reifyNode:node_modules/util-deprecate Completed in 2888ms
417 http fetch GET 200 https://registry.npmjs.org/path-is-absolute/-/path-is-absolute-1.0.1.tgz 2590ms (cache miss)
418 timing reifyNode:node_modules/path-is-absolute Completed in 2885ms
419 http fetch GET 200 https://registry.npmjs.org/glob/-/glob-7.2.3.tgz 2583ms (cache miss)
420 timing reifyNode:node_modules/glob Completed in 2885ms
421 http fetch GET 200 https://registry.npmjs.org/concat-map/-/concat-map-0.0.1.tgz 2565ms (cache miss)
422 timing reifyNode:node_modules/concat-map Completed in 2888ms
423 http fetch GET 200 https://registry.npmjs.org/brace-expansion/-/brace-expansion-1.1.11.tgz 2558ms (cache miss)
424 timing reifyNode:node_modules/brace-expansion Completed in 2890ms
425 http fetch GET 200 https://registry.npmjs.org/inherits/-/inherits-2.0.4.tgz 2464ms (cache miss)
426 timing reifyNode:node_modules/inherits Completed in 2889ms
427 http fetch GET 200 https://registry.npmjs.org/kleur/-/kleur-3.0.3.tgz 2441ms (cache miss)
428 timing reifyNode:node_modules/kleur Completed in 2891ms
429 timing metavuln:cache:put:security-advisory:tar:6IrrInvFtCltpVhVG2VxuzkWZKyBFFz82q8vKUG6SlVafYLuCJzljuu4f8Lj65dXTwl03T5SLKe7fT6K17W2yg== Completed in 1529ms
430 timing metavuln:calculate:security-advisory:tar:1091343 Completed in 1735ms
431 timing metavuln:cache:put:security-advisory:tar:Oa066nJpV2ox85F6qnk1N5eWmAmoWAMU7byYhWk4oYfHYrQ8aGHfCKRikfcy0dHDcKWKiPRc7Nz7R9fxKkj0Yw== Completed in 1571ms
432 timing metavuln:calculate:security-advisory:tar:1089685 Completed in 1743ms
433 http fetch GET 200 https://registry.npmjs.org/fs.realpath/-/fs.realpath-1.0.0.tgz 2624ms (cache miss)
434 timing reifyNode:node_modules/fs.realpath Completed in 2923ms
435 http fetch GET 200 https://registry.npmjs.org/mkdirp/-/mkdirp-0.5.6.tgz 2581ms (cache miss)
436 timing reifyNode:node_modules/mkdirp Completed in 2923ms
437 http fetch GET 200 https://registry.npmjs.org/string_decoder/-/string_decoder-0.10.31.tgz 2509ms (cache miss)
438 timing reifyNode:node_modules/string_decoder Completed in 2925ms
439 http fetch GET 200 https://registry.npmjs.org/yallist/-/yallist-4.0.0.tgz 2522ms (cache miss)
440 timing reifyNode:node_modules/yallist Completed in 2929ms
441 http fetch GET 200 https://registry.npmjs.org/core-util-is/-/core-util-is-1.0.3.tgz 2484ms (cache miss)
442 timing reifyNode:node_modules/core-util-is Completed in 2930ms
443 http fetch GET 200 https://registry.npmjs.org/safe-buffer/-/safe-buffer-5.1.2.tgz 2693ms (cache miss)
444 timing reifyNode:node_modules/safe-buffer Completed in 2964ms
445 http fetch GET 200 https://registry.npmjs.org/fstream-ignore/-/fstream-ignore-1.0.5.tgz 2574ms (cache miss)
446 timing reifyNode:node_modules/fstream-ignore Completed in 2959ms
447 http fetch GET 200 https://registry.npmjs.org/isarray/-/isarray-0.0.1.tgz 2538ms (cache miss)
448 timing reifyNode:node_modules/isarray Completed in 2958ms
449 http fetch GET 200 https://registry.npmjs.org/sisteransi/-/sisteransi-1.0.5.tgz 2531ms (cache miss)
450 timing reifyNode:node_modules/sisteransi Completed in 2960ms
451 http fetch GET 200 https://registry.npmjs.org/has-flag/-/has-flag-4.0.0.tgz 2567ms (cache miss)
452 timing reifyNode:node_modules/has-flag Completed in 2965ms
453 http fetch GET 200 https://registry.npmjs.org/shebang-regex/-/shebang-regex-3.0.0.tgz 2565ms (cache miss)
454 timing reifyNode:node_modules/shebang-regex Completed in 2967ms
455 http fetch GET 200 https://registry.npmjs.org/color-convert/-/color-convert-2.0.1.tgz 2464ms (cache miss)
456 timing reifyNode:node_modules/color-convert Completed in 2966ms
457 http fetch GET 200 https://registry.npmjs.org/color-name/-/color-name-1.1.4.tgz 2462ms (cache miss)
458 timing reifyNode:node_modules/color-name Completed in 2969ms
459 timing metavuln:cache:put:security-advisory:tar:iX22dkMRdz5sNHJkIH9BBcy6srHLXMg4rYGql4fiqoNHXvrVPvLqL3FL7m1C3wd5kX3Dp8hfJvPCxYFiRlWIpw== Completed in 1579ms
460 timing metavuln:calculate:security-advisory:tar:1092992 Completed in 1817ms
461 timing metavuln:cache:put:security-advisory:tar://v7gXY4srL0Vdj6ndv/W5RidNqQcJEzKPP7wzp8ldEeGt+rcrGXk7GHbv4gaxsVCuNoYWXEG3Q0o+8zvTa+bA== Completed in 1631ms
462 timing metavuln:calculate:security-advisory:tar:1091314 Completed in 1821ms
463 timing metavuln:packument:tar-pack Completed in 2ms
464 http fetch GET 200 https://registry.npmjs.org/rimraf/-/rimraf-2.7.1.tgz 2634ms (cache miss)
465 timing reifyNode:node_modules/rimraf Completed in 3009ms
466 http fetch GET 200 https://registry.npmjs.org/minimatch/-/minimatch-3.1.2.tgz 2676ms (cache miss)
467 timing reifyNode:node_modules/minimatch Completed in 3014ms
468 http fetch GET 200 https://registry.npmjs.org/lru-cache/-/lru-cache-6.0.0.tgz 2601ms (cache miss)
469 timing reifyNode:node_modules/lru-cache Completed in 3013ms
470 http fetch GET 200 https://registry.npmjs.org/duplexer2/-/duplexer2-0.0.2.tgz 2549ms (cache miss)
471 timing reifyNode:node_modules/duplexer2 Completed in 3013ms
472 http fetch GET 200 https://registry.npmjs.org/buffer-from/-/buffer-from-0.1.2.tgz 2547ms (cache miss)
473 timing reifyNode:node_modules/buffer-from Completed in 3015ms
474 http fetch GET 200 https://registry.npmjs.org/jsonfile/-/jsonfile-6.1.0.tgz 2539ms (cache miss)
475 timing reifyNode:node_modules/jsonfile Completed in 3016ms
476 http fetch GET 200 https://registry.npmjs.org/shebang-command/-/shebang-command-2.0.0.tgz 2528ms (cache miss)
477 timing reifyNode:node_modules/shebang-command Completed in 3018ms
478 http fetch GET 200 https://registry.npmjs.org/supports-color/-/supports-color-7.2.0.tgz 2508ms (cache miss)
479 timing reifyNode:node_modules/supports-color Completed in 3020ms
480 http fetch GET 200 https://registry.npmjs.org/ansi-styles/-/ansi-styles-4.3.0.tgz 2489ms (cache miss)
481 timing reifyNode:node_modules/ansi-styles Completed in 3027ms
482 timing metavuln:cache:get:security-advisory:tar-pack:3KXljJwoAr/NHejfU6kg41RmjF3Pg6M28t7ViuMjk5SYV3kYL9qyGZ417dIFb1Y8K+hhpo0sBWpskxrKhsZQzQ== Completed in 49ms
483 timing metavuln:load:security-advisory:tar-pack:Oa066nJpV2ox85F6qnk1N5eWmAmoWAMU7byYhWk4oYfHYrQ8aGHfCKRikfcy0dHDcKWKiPRc7Nz7R9fxKkj0Yw== Completed in 21ms
484 http fetch GET 200 https://registry.npmjs.org/universalify/-/universalify-2.0.0.tgz 2604ms (cache miss)
485 timing reifyNode:node_modules/universalify Completed in 3077ms
486 http fetch GET 200 https://registry.npmjs.org/graceful-fs/-/graceful-fs-4.2.11.tgz 2597ms (cache miss)
487 timing reifyNode:node_modules/graceful-fs Completed in 3079ms
488 http fetch GET 200 https://registry.npmjs.org/which/-/which-2.0.2.tgz 2594ms (cache miss)
489 timing reifyNode:node_modules/which Completed in 3081ms
490 http fetch GET 200 https://registry.npmjs.org/path-key/-/path-key-3.1.1.tgz 2588ms (cache miss)
491 timing reifyNode:node_modules/path-key Completed in 3083ms
492 http fetch GET 200 https://registry.npmjs.org/validate-npm-package-name/-/validate-npm-package-name-3.0.0.tgz 2567ms (cache miss)
493 timing reifyNode:node_modules/validate-npm-package-name Completed in 3089ms
494 http fetch GET 200 https://registry.npmjs.org/tmp/-/tmp-0.2.1.tgz 2550ms (cache miss)
495 timing reifyNode:node_modules/tmp Completed in 3092ms
496 http fetch GET 200 https://registry.npmjs.org/readable-stream/-/readable-stream-1.0.34.tgz 2515ms (cache miss)
497 http fetch GET 200 https://registry.npmjs.org/through2/-/through2-0.6.5.tgz 2660ms (cache miss)
498 timing reifyNode:node_modules/through2 Completed in 3120ms
499 http fetch GET 200 https://registry.npmjs.org/string_decoder/-/string_decoder-1.1.1.tgz 2526ms (cache miss)
500 timing reifyNode:node_modules/tar-pack/node_modules/string_decoder Completed in 3122ms
501 http fetch GET 200 https://registry.npmjs.org/chalk/-/chalk-4.1.2.tgz 2568ms (cache miss)
502 timing reifyNode:node_modules/chalk Completed in 3141ms
503 http fetch GET 200 https://registry.npmjs.org/create-react-app/-/create-react-app-5.0.1.tgz 2565ms (cache miss)
504 timing reifyNode:node_modules/create-react-app Completed in 3143ms
505 http fetch GET 200 https://registry.npmjs.org/rimraf/-/rimraf-3.0.2.tgz 2566ms (cache miss)
506 timing reifyNode:node_modules/tmp/node_modules/rimraf Completed in 3157ms
507 http fetch GET 200 https://registry.npmjs.org/commander/-/commander-4.1.1.tgz 2593ms (cache miss)
508 timing reifyNode:node_modules/commander Completed in 3161ms
509 http fetch GET 200 https://registry.npmjs.org/cross-spawn/-/cross-spawn-7.0.3.tgz 2601ms (cache miss)
510 timing reifyNode:node_modules/cross-spawn Completed in 3164ms
511 http fetch GET 200 https://registry.npmjs.org/isarray/-/isarray-1.0.0.tgz 2555ms (cache miss)
512 timing reifyNode:node_modules/tar-pack/node_modules/isarray Completed in 3168ms
513 http fetch GET 200 https://registry.npmjs.org/block-stream/-/block-stream-0.0.9.tgz 2556ms (cache miss)
514 timing reifyNode:node_modules/block-stream Completed in 3191ms
515 http fetch GET 200 https://registry.npmjs.org/debug/-/debug-2.6.9.tgz 2798ms (cache miss)
516 http fetch GET 200 https://registry.npmjs.org/hyperquest/-/hyperquest-2.1.3.tgz 2645ms (cache miss)
517 http fetch GET 200 https://registry.npmjs.org/tar-pack/-/tar-pack-3.4.1.tgz 2681ms (cache miss)
518 timing reifyNode:node_modules/debug Completed in 3218ms
519 timing reifyNode:node_modules/tar-pack Completed in 3220ms
520 timing reifyNode:node_modules/through2/node_modules/readable-stream Completed in 3231ms
521 timing reifyNode:node_modules/hyperquest Completed in 3229ms
522 http fetch GET 200 https://registry.npmjs.org/minimist/-/minimist-1.2.8.tgz 2929ms (cache miss)
523 timing reifyNode:node_modules/minimist Completed in 3267ms
524 http fetch GET 200 https://registry.npmjs.org/readable-stream/-/readable-stream-1.1.14.tgz 2825ms (cache miss)
525 timing reifyNode:node_modules/readable-stream Completed in 3280ms
526 http fetch GET 200 https://registry.npmjs.org/envinfo/-/envinfo-7.10.0.tgz 2733ms (cache miss)
527 timing reifyNode:node_modules/envinfo Completed in 3293ms
528 timing metavuln:cache:put:security-advisory:tar-pack:3KXljJwoAr/NHejfU6kg41RmjF3Pg6M28t7ViuMjk5SYV3kYL9qyGZ417dIFb1Y8K+hhpo0sBWpskxrKhsZQzQ== Completed in 242ms
529 timing metavuln:calculate:security-advisory:tar-pack:Oa066nJpV2ox85F6qnk1N5eWmAmoWAMU7byYhWk4oYfHYrQ8aGHfCKRikfcy0dHDcKWKiPRc7Nz7R9fxKkj0Yw== Completed in 314ms
530 timing metavuln:packument:create-react-app Completed in 1ms
531 timing metavuln:cache:get:security-advisory:create-react-app:BAP5sjD/UipbJVBCija12WlnlurqvRCOfkHPDCK3St763W6JIxpLfRD1F9PMmW4GEaZmK6BFkh/Pye257xPpCw== Completed in 7ms
532 timing metavuln:load:security-advisory:create-react-app:3KXljJwoAr/NHejfU6kg41RmjF3Pg6M28t7ViuMjk5SYV3kYL9qyGZ417dIFb1Y8K+hhpo0sBWpskxrKhsZQzQ== Completed in 46ms
533 http fetch GET 200 https://registry.npmjs.org/readable-stream/-/readable-stream-2.3.8.tgz 2775ms (cache miss)
534 http fetch GET 200 https://registry.npmjs.org/fstream/-/fstream-1.0.12.tgz 3011ms (cache miss)
535 timing reifyNode:node_modules/fstream Completed in 3399ms
536 timing reifyNode:node_modules/tar-pack/node_modules/readable-stream Completed in 3395ms
537 timing metavuln:cache:put:security-advisory:create-react-app:BAP5sjD/UipbJVBCija12WlnlurqvRCOfkHPDCK3St763W6JIxpLfRD1F9PMmW4GEaZmK6BFkh/Pye257xPpCw== Completed in 126ms
538 timing metavuln:calculate:security-advisory:create-react-app:3KXljJwoAr/NHejfU6kg41RmjF3Pg6M28t7ViuMjk5SYV3kYL9qyGZ417dIFb1Y8K+hhpo0sBWpskxrKhsZQzQ== Completed in 179ms
539 timing auditReport:init Completed in 2327ms
540 timing reify:audit Completed in 3552ms
541 http fetch GET 200 https://registry.npmjs.org/fs-extra/-/fs-extra-10.1.0.tgz 2946ms (cache miss)
542 timing reifyNode:node_modules/fs-extra Completed in 3509ms
543 http fetch GET 200 https://registry.npmjs.org/semver/-/semver-7.5.4.tgz 3001ms (cache miss)
544 timing reifyNode:node_modules/semver Completed in 3539ms
545 http fetch GET 200 https://registry.npmjs.org/prompts/-/prompts-2.4.2.tgz 3074ms (cache miss)
546 timing reifyNode:node_modules/prompts Completed in 3624ms
547 http fetch GET 200 https://registry.npmjs.org/tar/-/tar-2.2.2.tgz 3389ms (cache miss)
548 warn deprecated tar@2.2.2: This version of tar is no longer supported, and will not receive security updates. Please upgrade asap.
549 timing reifyNode:node_modules/tar Completed in 3749ms
550 timing reify:unpack Completed in 3762ms
551 timing reify:unretire Completed in 1ms
552 timing build:queue Completed in 14ms
553 timing build:link:node_modules/create-react-app Completed in 31ms
554 timing build:link:node_modules/tmp/node_modules/rimraf Completed in 24ms
555 timing build:link:node_modules/rimraf Completed in 28ms
556 timing build:link:node_modules/mkdirp Completed in 28ms
557 timing build:link:node_modules/semver Completed in 27ms
558 timing build:link:node_modules/which Completed in 26ms
559 timing build:link:node_modules/envinfo Completed in 30ms
560 timing build:link Completed in 33ms
561 timing build:deps Completed in 50ms
562 timing build Completed in 51ms
563 timing reify:build Completed in 54ms
564 timing reify:trash Completed in 0ms
565 timing reify:save Completed in 176ms
566 timing reify Completed in 12270ms
567 silly ADD node_modules/util-deprecate
568 silly ADD node_modules/safe-buffer
569 silly ADD node_modules/process-nextick-args
570 silly ADD node_modules/isexe
571 silly ADD node_modules/builtins
572 silly ADD node_modules/xtend
573 silly ADD node_modules/block-stream
574 silly ADD node_modules/path-is-absolute
575 silly ADD node_modules/inflight
576 silly ADD node_modules/fs.realpath
577 silly ADD node_modules/glob
578 silly ADD node_modules/wrappy
579 silly ADD node_modules/minimist
580 silly ADD node_modules/concat-map
581 silly ADD node_modules/balanced-match
582 silly ADD node_modules/brace-expansion
583 silly ADD node_modules/minimatch
584 silly ADD node_modules/mkdirp
585 silly ADD node_modules/ms
586 silly ADD node_modules/uid-number
587 silly ADD node_modules/tar
588 silly ADD node_modules/rimraf
589 silly ADD node_modules/once
590 silly ADD node_modules/fstream-ignore
591 silly ADD node_modules/fstream
592 silly ADD node_modules/debug
593 silly ADD node_modules/has-flag
594 silly ADD node_modules/shebang-regex
595 silly ADD node_modules/yallist
596 silly ADD node_modules/lru-cache
597 silly ADD node_modules/string_decoder
598 silly ADD node_modules/isarray
599 silly ADD node_modules/inherits
600 silly ADD node_modules/core-util-is
601 silly ADD node_modules/sisteransi
602 silly ADD node_modules/kleur
603 silly ADD node_modules/readable-stream
604 silly ADD node_modules/through2
605 silly ADD node_modules/through2/node_modules/readable-stream
606 silly ADD node_modules/duplexer2
607 silly ADD node_modules/buffer-from
608 silly ADD node_modules/universalify
609 silly ADD node_modules/jsonfile
610 silly ADD node_modules/graceful-fs
611 silly ADD node_modules/which
612 silly ADD node_modules/shebang-command
613 silly ADD node_modules/path-key
614 silly ADD node_modules/color-name
615 silly ADD node_modules/color-convert
616 silly ADD node_modules/supports-color
617 silly ADD node_modules/ansi-styles
618 silly ADD node_modules/validate-npm-package-name
619 silly ADD node_modules/tmp
620 silly ADD node_modules/tmp/node_modules/rimraf
621 silly ADD node_modules/tar-pack
622 silly ADD node_modules/tar-pack/node_modules/string_decoder
623 silly ADD node_modules/tar-pack/node_modules/isarray
624 silly ADD node_modules/tar-pack/node_modules/readable-stream
625 silly ADD node_modules/semver
626 silly ADD node_modules/prompts
627 silly ADD node_modules/hyperquest
628 silly ADD node_modules/fs-extra
629 silly ADD node_modules/envinfo
630 silly ADD node_modules/cross-spawn
631 silly ADD node_modules/commander
632 silly ADD node_modules/chalk
633 silly ADD node_modules/create-react-app
634 timing command:install Completed in 12342ms
635 verbose exit 0
636 timing npm Completed in 15208ms
637 info ok
