0 verbose cli /data/data/com.termux/files/usr/bin/node /data/data/com.termux/files/usr/bin/npm
1 info using npm@9.6.6
2 info using node@v20.2.0
3 timing npm:load:whichnode Completed in 8ms
4 timing config:load:defaults Completed in 9ms
5 timing config:load:file:/data/data/com.termux/files/usr/lib/node_modules/npm/npmrc Completed in 3ms
6 timing config:load:builtin Completed in 5ms
7 timing config:load:cli Completed in 11ms
8 timing config:load:env Completed in 2ms
9 timing config:load:project Completed in 17ms
10 timing config:load:file:/data/data/com.termux/files/home/.npmrc Completed in 9ms
11 timing config:load:user Completed in 10ms
12 timing config:load:file:/data/data/com.termux/files/usr/etc/npmrc Completed in 1ms
13 timing config:load:global Completed in 3ms
14 timing config:load:setEnvs Completed in 6ms
15 timing config:load Completed in 69ms
16 timing npm:load:configload Completed in 70ms
17 timing npm:load:mkdirpcache Completed in 2ms
18 timing npm:load:mkdirplogs Completed in 2ms
19 verbose title npm install react
20 verbose argv "install" "react"
21 timing npm:load:setTitle Completed in 8ms
22 timing config:load:flatten Completed in 16ms
23 timing npm:load:display Completed in 21ms
24 verbose logfile logs-max:10 dir:/data/data/com.termux/files/home/.npm/_logs/2023-07-05T00_15_23_892Z-
25 verbose logfile /data/data/com.termux/files/home/.npm/_logs/2023-07-05T00_15_23_892Z-debug-0.log
26 timing npm:load:logFile Completed in 55ms
27 timing npm:load:timers Completed in 0ms
28 timing npm:load:configScope Completed in 1ms
29 timing npm:load Completed in 173ms
30 timing config:load:flatten Completed in 4ms
31 timing arborist:ctor Completed in 4ms
32 silly logfile done cleaning log files
33 timing arborist:ctor Completed in 1ms
34 timing idealTree:init Completed in 80ms
35 timing idealTree:userRequests Completed in 12ms
36 silly idealTree buildDeps
37 silly fetch manifest react@*
38 http fetch GET 200 https://registry.npmjs.org/npm 1331ms (cache miss)
39 http fetch GET 200 https://registry.npmjs.org/react 1275ms (cache miss)
40 silly placeDep ROOT react@18.2.0 OK for:  want: *
41 silly fetch manifest loose-envify@^1.1.0
42 http fetch GET 200 https://registry.npmjs.org/loose-envify 136ms (cache miss)
43 timing idealTree:#root Completed in 1522ms
44 silly placeDep ROOT loose-envify@1.4.0 OK for: react@18.2.0 want: ^1.1.0
45 silly fetch manifest js-tokens@^3.0.0 || ^4.0.0
46 http fetch GET 200 https://registry.npmjs.org/js-tokens 114ms (cache miss)
47 timing idealTree:node_modules/react Completed in 144ms
48 silly placeDep ROOT js-tokens@4.0.0 OK for: loose-envify@1.4.0 want: ^3.0.0 || ^4.0.0
49 timing idealTree:node_modules/loose-envify Completed in 15ms
50 timing idealTree:node_modules/js-tokens Completed in 0ms
51 timing idealTree:buildDeps Completed in 1689ms
52 timing idealTree:fixDepFlags Completed in 3ms
53 timing idealTree Completed in 1796ms
54 timing reify:loadTrees Completed in 1802ms
55 timing reify:diffTrees Completed in 5ms
56 silly reify moves {}
57 timing reify:retireShallow Completed in 6ms
58 timing reify:createSparse Completed in 8ms
59 timing reify:loadBundles Completed in 0ms
60 silly tarball no local data for js-tokens@https://registry.npmjs.org/js-tokens/-/js-tokens-4.0.0.tgz. Extracting by manifest.
61 silly tarball no local data for loose-envify@https://registry.npmjs.org/loose-envify/-/loose-envify-1.4.0.tgz. Extracting by manifest.
62 silly tarball no local data for react@https://registry.npmjs.org/react/-/react-18.2.0.tgz. Extracting by manifest.
63 http fetch GET 200 https://registry.npmjs.org/loose-envify/-/loose-envify-1.4.0.tgz 271ms (cache miss)
64 timing reifyNode:node_modules/loose-envify Completed in 345ms
65 http fetch GET 200 https://registry.npmjs.org/js-tokens/-/js-tokens-4.0.0.tgz 284ms (cache miss)
66 timing reifyNode:node_modules/js-tokens Completed in 350ms
67 http fetch GET 200 https://registry.npmjs.org/react/-/react-18.2.0.tgz 471ms (cache miss)
68 timing reifyNode:node_modules/react Completed in 549ms
69 timing reify:unpack Completed in 553ms
70 timing reify:unretire Completed in 1ms
71 timing build:queue Completed in 6ms
72 timing build:link:node_modules/loose-envify Completed in 14ms
73 timing build:link Completed in 15ms
74 timing build:deps Completed in 23ms
75 timing build Completed in 24ms
76 timing reify:build Completed in 25ms
77 timing reify:trash Completed in 0ms
78 timing reify:save Completed in 35ms
79 timing reify Completed in 2714ms
80 silly ADD node_modules/js-tokens
81 silly ADD node_modules/loose-envify
82 silly ADD node_modules/react
83 timing command:install Completed in 2749ms
84 notice
84 notice New [33mminor[39m version of npm available! [31m9.6.6[39m -> [32m9.7.2[39m
84 notice Changelog: [36mhttps://github.com/npm/cli/releases/tag/v9.7.2[39m
84 notice Run [32mnpm install -g npm@9.7.2[39m to update!
84 notice
85 verbose exit 0
86 timing npm Completed in 4665ms
87 info ok
