0 verbose cli /data/data/com.termux/files/usr/bin/node /data/data/com.termux/files/usr/bin/npm
1 info using npm@9.6.6
2 info using node@v20.2.0
3 timing npm:load:whichnode Completed in 10ms
4 timing config:load:defaults Completed in 10ms
5 timing config:load:file:/data/data/com.termux/files/usr/lib/node_modules/npm/npmrc Completed in 3ms
6 timing config:load:builtin Completed in 5ms
7 timing config:load:cli Completed in 19ms
8 timing config:load:env Completed in 1ms
9 timing config:load:file:/storage/emulated/0/.npmrc Completed in 1ms
10 timing config:load:project Completed in 32ms
11 timing config:load:file:/data/data/com.termux/files/home/.npmrc Completed in 16ms
12 timing config:load:user Completed in 19ms
13 timing config:load:file:/data/data/com.termux/files/usr/etc/npmrc Completed in 2ms
14 timing config:load:global Completed in 3ms
15 timing config:load:setEnvs Completed in 7ms
16 timing config:load Completed in 100ms
17 timing npm:load:configload Completed in 101ms
18 timing npm:load:mkdirpcache Completed in 3ms
19 timing npm:load:mkdirplogs Completed in 6ms
20 verbose title npm cache clean
21 verbose argv "cache" "clean" "--force"
22 timing npm:load:setTitle Completed in 8ms
23 timing config:load:flatten Completed in 16ms
24 timing npm:load:display Completed in 21ms
25 verbose logfile logs-max:10 dir:/data/data/com.termux/files/home/.npm/_logs/2023-08-18T13_51_21_639Z-
26 verbose logfile /data/data/com.termux/files/home/.npm/_logs/2023-08-18T13_51_21_639Z-debug-0.log
27 timing npm:load:logFile Completed in 68ms
28 timing npm:load:timers Completed in 0ms
29 timing npm:load:configScope Completed in 0ms
30 warn using --force Recommended protections disabled.
31 timing npm:load Completed in 232ms
32 silly logfile done cleaning log files
33 timing command:cache Completed in 802ms
34 verbose exit 0
35 timing npm Completed in 2810ms
36 info ok
