0 verbose cli /data/data/com.termux/files/usr/bin/node /data/data/com.termux/files/usr/bin/npm
1 info using npm@9.6.6
2 info using node@v20.2.0
3 timing npm:load:whichnode Completed in 12ms
4 timing config:load:defaults Completed in 13ms
5 timing config:load:file:/data/data/com.termux/files/usr/lib/node_modules/npm/npmrc Completed in 4ms
6 timing config:load:builtin Completed in 5ms
7 timing config:load:cli Completed in 14ms
8 timing config:load:env Completed in 2ms
9 timing config:load:project Completed in 17ms
10 timing config:load:file:/data/data/com.termux/files/home/.npmrc Completed in 14ms
11 timing config:load:user Completed in 16ms
12 timing config:load:file:/data/data/com.termux/files/usr/etc/npmrc Completed in 2ms
13 timing config:load:global Completed in 4ms
14 timing config:load:setEnvs Completed in 7ms
15 timing config:load Completed in 84ms
16 timing npm:load:configload Completed in 85ms
17 timing npm:load:mkdirpcache Completed in 4ms
18 timing npm:load:mkdirplogs Completed in 3ms
19 verbose title npm install create-react-app
20 verbose argv "install" "create-react-app"
21 timing npm:load:setTitle Completed in 9ms
22 timing config:load:flatten Completed in 18ms
23 timing npm:load:display Completed in 23ms
24 verbose logfile logs-max:10 dir:/data/data/com.termux/files/home/.npm/_logs/2023-07-05T18_48_29_757Z-
25 verbose logfile /data/data/com.termux/files/home/.npm/_logs/2023-07-05T18_48_29_757Z-debug-0.log
26 timing npm:load:logFile Completed in 59ms
27 timing npm:load:timers Completed in 0ms
28 timing npm:load:configScope Completed in 1ms
29 timing npm:load Completed in 201ms
30 timing arborist:ctor Completed in 5ms
31 silly logfile done cleaning log files
32 timing idealTree:init Completed in 139ms
33 timing idealTree:userRequests Completed in 9ms
34 silly idealTree buildDeps
35 silly fetch manifest create-react-app@*
36 timing arborist:ctor Completed in 2ms
