0 verbose cli /data/data/com.termux/files/usr/bin/node /data/data/com.termux/files/usr/bin/npm
1 info using npm@9.6.6
2 info using node@v20.2.0
3 timing npm:load:whichnode Completed in 9ms
4 timing config:load:defaults Completed in 9ms
5 timing config:load:file:/data/data/com.termux/files/usr/lib/node_modules/npm/npmrc Completed in 3ms
6 timing config:load:builtin Completed in 3ms
7 timing config:load:cli Completed in 15ms
8 timing config:load:env Completed in 1ms
9 timing config:load:project Completed in 8ms
10 timing config:load:file:/data/data/com.termux/files/home/.npmrc Completed in 11ms
11 timing config:load:user Completed in 12ms
12 timing config:load:file:/data/data/com.termux/files/usr/etc/npmrc Completed in 1ms
13 timing config:load:global Completed in 3ms
14 timing config:load:setEnvs Completed in 5ms
15 timing config:load Completed in 62ms
16 timing npm:load:configload Completed in 63ms
17 timing npm:load:mkdirpcache Completed in 2ms
18 timing npm:load:mkdirplogs Completed in 2ms
19 verbose title npm i create-react-app
20 verbose argv "i" "--global" "create-react-app"
21 timing npm:load:setTitle Completed in 10ms
22 timing config:load:flatten Completed in 21ms
23 timing npm:load:display Completed in 26ms
24 verbose logfile logs-max:10 dir:/data/data/com.termux/files/home/.npm/_logs/2023-08-18T22_24_41_586Z-
25 verbose logfile /data/data/com.termux/files/home/.npm/_logs/2023-08-18T22_24_41_586Z-debug-0.log
26 timing npm:load:logFile Completed in 66ms
27 timing npm:load:timers Completed in 0ms
28 timing npm:load:configScope Completed in 0ms
29 timing npm:load Completed in 184ms
30 timing config:load:flatten Completed in 5ms
31 timing arborist:ctor Completed in 4ms
32 silly logfile done cleaning log files
33 timing idealTree:init Completed in 35ms
34 timing idealTree:userRequests Completed in 22ms
35 silly idealTree buildDeps
36 silly fetch manifest create-react-app@*
37 http fetch GET 200 https://registry.npmjs.org/create-react-app 5798ms (cache miss)
38 silly placeDep ROOT create-react-app@5.0.1 OK for:  want: *
39 silly fetch manifest chalk@^4.1.2
40 silly fetch manifest commander@^4.1.1
41 silly fetch manifest cross-spawn@^7.0.3
42 silly fetch manifest envinfo@^7.8.1
43 silly fetch manifest fs-extra@^10.0.0
44 silly fetch manifest hyperquest@^2.1.3
45 silly fetch manifest prompts@^2.4.2
46 silly fetch manifest semver@^7.3.5
47 silly fetch manifest tar-pack@^3.4.1
48 silly fetch manifest tmp@^0.2.1
49 silly fetch manifest validate-npm-package-name@^3.0.0
50 http fetch GET 200 https://registry.npmjs.org/chalk 360ms (cache miss)
51 http fetch GET 200 https://registry.npmjs.org/cross-spawn 813ms (cache miss)
52 http fetch GET 200 https://registry.npmjs.org/tmp 1018ms (cache miss)
53 http fetch GET 200 https://registry.npmjs.org/fs-extra 1052ms (cache miss)
54 http fetch GET 200 https://registry.npmjs.org/commander 1131ms (cache miss)
55 http fetch GET 200 https://registry.npmjs.org/tar-pack 1111ms (cache miss)
56 http fetch GET 200 https://registry.npmjs.org/hyperquest 1139ms (cache miss)
57 http fetch GET 200 https://registry.npmjs.org/prompts 1149ms (cache miss)
58 http fetch GET 200 https://registry.npmjs.org/semver 1162ms (cache miss)
59 http fetch GET 200 https://registry.npmjs.org/envinfo 1199ms (cache miss)
60 http fetch GET 200 https://registry.npmjs.org/validate-npm-package-name 1319ms (cache miss)
61 timing idealTree:#root Completed in 7250ms
62 silly placeDep node_modules/create-react-app chalk@4.1.2 OK for: create-react-app@5.0.1 want: ^4.1.2
63 silly fetch manifest ansi-styles@^4.1.0
64 silly fetch manifest supports-color@^7.1.0
65 silly placeDep node_modules/create-react-app commander@4.1.1 OK for: create-react-app@5.0.1 want: ^4.1.1
66 silly placeDep node_modules/create-react-app cross-spawn@7.0.3 OK for: create-react-app@5.0.1 want: ^7.0.3
67 silly fetch manifest path-key@^3.1.0
68 silly fetch manifest shebang-command@^2.0.0
69 silly fetch manifest which@^2.0.1
70 silly placeDep node_modules/create-react-app envinfo@7.10.0 OK for: create-react-app@5.0.1 want: ^7.8.1
71 silly placeDep node_modules/create-react-app fs-extra@10.1.0 OK for: create-react-app@5.0.1 want: ^10.0.0
72 silly fetch manifest graceful-fs@^4.2.0
73 silly fetch manifest jsonfile@^6.0.1
74 silly fetch manifest universalify@^2.0.0
75 silly placeDep node_modules/create-react-app hyperquest@2.1.3 OK for: create-react-app@5.0.1 want: ^2.1.3
76 silly fetch manifest buffer-from@^0.1.1
77 silly fetch manifest duplexer2@~0.0.2
78 silly fetch manifest through2@~0.6.3
79 silly placeDep node_modules/create-react-app prompts@2.4.2 OK for: create-react-app@5.0.1 want: ^2.4.2
80 silly fetch manifest kleur@^3.0.3
81 silly fetch manifest sisteransi@^1.0.5
82 silly placeDep node_modules/create-react-app semver@7.5.4 OK for: create-react-app@5.0.1 want: ^7.3.5
83 silly fetch manifest lru-cache@^6.0.0
84 silly placeDep node_modules/create-react-app tar-pack@3.4.1 OK for: create-react-app@5.0.1 want: ^3.4.1
85 silly fetch manifest debug@^2.2.0
86 silly fetch manifest fstream@^1.0.10
87 silly fetch manifest fstream-ignore@^1.0.5
88 silly fetch manifest once@^1.3.3
89 silly fetch manifest readable-stream@^2.1.4
90 silly fetch manifest rimraf@^2.5.1
91 silly fetch manifest tar@^2.2.1
92 silly fetch manifest uid-number@^0.0.6
93 silly placeDep node_modules/create-react-app tmp@0.2.1 OK for: create-react-app@5.0.1 want: ^0.2.1
94 silly fetch manifest rimraf@^3.0.0
95 silly placeDep node_modules/create-react-app validate-npm-package-name@3.0.0 OK for: create-react-app@5.0.1 want: ^3.0.0
96 silly fetch manifest builtins@^1.0.3
97 http fetch GET 200 https://registry.npmjs.org/path-key 510ms (cache miss)
98 http fetch GET 200 https://registry.npmjs.org/supports-color 538ms (cache miss)
99 http fetch GET 200 https://registry.npmjs.org/ansi-styles 560ms (cache miss)
100 http fetch GET 200 https://registry.npmjs.org/graceful-fs 879ms (cache miss)
101 http fetch GET 200 https://registry.npmjs.org/buffer-from 942ms (cache miss)
102 http fetch GET 200 https://registry.npmjs.org/jsonfile 961ms (cache miss)
103 http fetch GET 200 https://registry.npmjs.org/universalify 1039ms (cache miss)
104 http fetch GET 200 https://registry.npmjs.org/through2 1066ms (cache miss)
105 http fetch GET 200 https://registry.npmjs.org/which 1165ms (cache miss)
106 http fetch GET 200 https://registry.npmjs.org/shebang-command 1211ms (cache miss)
107 http fetch GET 200 https://registry.npmjs.org/once 1119ms (cache miss)
108 http fetch GET 200 https://registry.npmjs.org/duplexer2 1186ms (cache miss)
109 http fetch GET 200 https://registry.npmjs.org/fstream-ignore 1201ms (cache miss)
110 http fetch GET 200 https://registry.npmjs.org/fstream 1227ms (cache miss)
111 http fetch GET 200 https://registry.npmjs.org/builtins 1179ms (cache miss)
112 http fetch GET 200 https://registry.npmjs.org/rimraf 1222ms (cache miss)
113 http fetch GET 200 https://registry.npmjs.org/rimraf 1317ms (cache miss)
114 http fetch GET 200 https://registry.npmjs.org/readable-stream 1370ms (cache miss)
115 http fetch GET 200 https://registry.npmjs.org/uid-number 1390ms (cache miss)
116 http fetch GET 200 https://registry.npmjs.org/tar 1399ms (cache miss)
117 http fetch GET 200 https://registry.npmjs.org/kleur 1495ms (cache miss)
118 http fetch GET 200 https://registry.npmjs.org/sisteransi 13897ms attempt #2 (cache miss)
119 http fetch GET 200 https://registry.npmjs.org/debug 14000ms attempt #2 (cache miss)
120 http fetch GET 200 https://registry.npmjs.org/lru-cache 14046ms attempt #2 (cache miss)
121 timing idealTree:node_modules/create-react-app Completed in 14257ms
122 silly placeDep node_modules/create-react-app ansi-styles@4.3.0 OK for: chalk@4.1.2 want: ^4.1.0
123 silly fetch manifest color-convert@^2.0.1
124 silly placeDep node_modules/create-react-app supports-color@7.2.0 OK for: chalk@4.1.2 want: ^7.1.0
125 silly fetch manifest has-flag@^4.0.0
126 http fetch GET 200 https://registry.npmjs.org/color-convert 203ms (cache miss)
127 http fetch GET 200 https://registry.npmjs.org/has-flag 204ms (cache miss)
128 timing idealTree:node_modules/create-react-app/node_modules/chalk Completed in 275ms
129 silly placeDep node_modules/create-react-app color-convert@2.0.1 OK for: ansi-styles@4.3.0 want: ^2.0.1
130 silly fetch manifest color-name@~1.1.4
131 http fetch GET 200 https://registry.npmjs.org/color-name 274ms (cache miss)
132 timing idealTree:node_modules/create-react-app/node_modules/ansi-styles Completed in 299ms
133 silly placeDep node_modules/create-react-app color-name@1.1.4 OK for: color-convert@2.0.1 want: ~1.1.4
134 timing idealTree:node_modules/create-react-app/node_modules/color-convert Completed in 19ms
135 timing idealTree:node_modules/create-react-app/node_modules/color-name Completed in 1ms
136 timing idealTree:node_modules/create-react-app/node_modules/commander Completed in 5ms
137 silly placeDep node_modules/create-react-app path-key@3.1.1 OK for: cross-spawn@7.0.3 want: ^3.1.0
138 silly placeDep node_modules/create-react-app shebang-command@2.0.0 OK for: cross-spawn@7.0.3 want: ^2.0.0
139 silly fetch manifest shebang-regex@^3.0.0
140 silly placeDep node_modules/create-react-app which@2.0.2 OK for: cross-spawn@7.0.3 want: ^2.0.1
141 silly fetch manifest isexe@^2.0.0
142 http fetch GET 200 https://registry.npmjs.org/isexe 143ms (cache miss)
143 http fetch GET 200 https://registry.npmjs.org/shebang-regex 276ms (cache miss)
144 timing idealTree:node_modules/create-react-app/node_modules/cross-spawn Completed in 327ms
145 timing idealTree:node_modules/create-react-app/node_modules/envinfo Completed in 0ms
146 silly placeDep node_modules/create-react-app graceful-fs@4.2.11 OK for: fs-extra@10.1.0 want: ^4.2.0
147 silly placeDep node_modules/create-react-app jsonfile@6.1.0 OK for: fs-extra@10.1.0 want: ^6.0.1
148 silly placeDep node_modules/create-react-app universalify@2.0.0 OK for: fs-extra@10.1.0 want: ^2.0.0
149 timing idealTree:node_modules/create-react-app/node_modules/fs-extra Completed in 47ms
150 timing idealTree:node_modules/create-react-app/node_modules/graceful-fs Completed in 0ms
151 silly placeDep node_modules/create-react-app buffer-from@0.1.2 OK for: hyperquest@2.1.3 want: ^0.1.1
152 silly placeDep node_modules/create-react-app duplexer2@0.0.2 OK for: hyperquest@2.1.3 want: ~0.0.2
153 silly fetch manifest readable-stream@~1.1.9
154 silly placeDep node_modules/create-react-app through2@0.6.5 OK for: hyperquest@2.1.3 want: ~0.6.3
155 silly fetch manifest readable-stream@>=1.0.33-1 <1.1.0-0
156 silly fetch manifest xtend@>=4.0.0 <4.1.0-0
157 http fetch GET 200 https://registry.npmjs.org/xtend 321ms (cache miss)
158 timing idealTree:node_modules/create-react-app/node_modules/hyperquest Completed in 375ms
159 timing idealTree:node_modules/create-react-app/node_modules/buffer-from Completed in 0ms
160 silly placeDep node_modules/create-react-app readable-stream@1.1.14 OK for: duplexer2@0.0.2 want: ~1.1.9
161 silly fetch manifest core-util-is@~1.0.0
162 silly fetch manifest isarray@0.0.1
163 silly fetch manifest string_decoder@~0.10.x
164 silly fetch manifest inherits@~2.0.1
165 http fetch GET 200 https://registry.npmjs.org/isarray 184ms (cache miss)
166 http fetch GET 200 https://registry.npmjs.org/core-util-is 231ms (cache miss)
167 http fetch GET 200 https://registry.npmjs.org/inherits 269ms (cache miss)
168 http fetch GET 200 https://registry.npmjs.org/string_decoder 285ms (cache miss)
169 timing idealTree:node_modules/create-react-app/node_modules/duplexer2 Completed in 332ms
170 timing idealTree:node_modules/create-react-app/node_modules/jsonfile Completed in 0ms
171 timing idealTree:node_modules/create-react-app/node_modules/path-key Completed in 0ms
172 silly placeDep node_modules/create-react-app kleur@3.0.3 OK for: prompts@2.4.2 want: ^3.0.3
173 silly placeDep node_modules/create-react-app sisteransi@1.0.5 OK for: prompts@2.4.2 want: ^1.0.5
174 timing idealTree:node_modules/create-react-app/node_modules/prompts Completed in 24ms
175 timing idealTree:node_modules/create-react-app/node_modules/kleur Completed in 0ms
176 silly placeDep node_modules/create-react-app core-util-is@1.0.3 OK for: readable-stream@1.1.14 want: ~1.0.0
177 silly placeDep node_modules/create-react-app inherits@2.0.4 OK for: readable-stream@1.1.14 want: ~2.0.1
178 silly placeDep node_modules/create-react-app isarray@0.0.1 OK for: readable-stream@1.1.14 want: 0.0.1
179 silly placeDep node_modules/create-react-app string_decoder@0.10.31 OK for: readable-stream@1.1.14 want: ~0.10.x
180 timing idealTree:node_modules/create-react-app/node_modules/readable-stream Completed in 40ms
181 timing idealTree:node_modules/create-react-app/node_modules/core-util-is Completed in 0ms
182 timing idealTree:node_modules/create-react-app/node_modules/inherits Completed in 0ms
183 timing idealTree:node_modules/create-react-app/node_modules/isarray Completed in 0ms
184 silly placeDep node_modules/create-react-app lru-cache@6.0.0 OK for: semver@7.5.4 want: ^6.0.0
185 silly fetch manifest yallist@^4.0.0
186 http fetch GET 200 https://registry.npmjs.org/yallist 135ms (cache miss)
187 timing idealTree:node_modules/create-react-app/node_modules/semver Completed in 155ms
188 silly placeDep node_modules/create-react-app yallist@4.0.0 OK for: lru-cache@6.0.0 want: ^4.0.0
189 timing idealTree:node_modules/create-react-app/node_modules/lru-cache Completed in 17ms
190 silly placeDep node_modules/create-react-app shebang-regex@3.0.0 OK for: shebang-command@2.0.0 want: ^3.0.0
191 timing idealTree:node_modules/create-react-app/node_modules/shebang-command Completed in 16ms
192 timing idealTree:node_modules/create-react-app/node_modules/shebang-regex Completed in 0ms
193 timing idealTree:node_modules/create-react-app/node_modules/sisteransi Completed in 0ms
194 timing idealTree:node_modules/create-react-app/node_modules/string_decoder Completed in 0ms
195 silly placeDep node_modules/create-react-app has-flag@4.0.0 OK for: supports-color@7.2.0 want: ^4.0.0
196 timing idealTree:node_modules/create-react-app/node_modules/supports-color Completed in 17ms
197 timing idealTree:node_modules/create-react-app/node_modules/has-flag Completed in 1ms
198 silly placeDep node_modules/create-react-app debug@2.6.9 OK for: tar-pack@3.4.1 want: ^2.2.0
199 silly fetch manifest ms@2.0.0
200 silly placeDep node_modules/create-react-app fstream@1.0.12 OK for: tar-pack@3.4.1 want: ^1.0.10
201 silly fetch manifest mkdirp@>=0.5 0
202 silly fetch manifest rimraf@2
203 silly placeDep node_modules/create-react-app fstream-ignore@1.0.5 OK for: tar-pack@3.4.1 want: ^1.0.5
204 silly fetch manifest minimatch@^3.0.0
205 silly placeDep node_modules/create-react-app once@1.4.0 OK for: tar-pack@3.4.1 want: ^1.3.3
206 silly fetch manifest wrappy@1
207 silly placeDep node_modules/create-react-app/node_modules/tar-pack readable-stream@2.3.8 OK for: tar-pack@3.4.1 want: ^2.1.4
208 silly fetch manifest isarray@~1.0.0
209 silly fetch manifest process-nextick-args@~2.0.0
210 silly fetch manifest safe-buffer@~5.1.1
211 silly fetch manifest string_decoder@~1.1.1
212 silly fetch manifest util-deprecate@~1.0.1
213 silly placeDep node_modules/create-react-app rimraf@2.7.1 OK for: tar-pack@3.4.1 want: ^2.5.1
214 silly fetch manifest glob@^7.1.3
215 silly placeDep node_modules/create-react-app tar@2.2.2 OK for: tar-pack@3.4.1 want: ^2.2.1
216 silly fetch manifest block-stream@*
217 silly placeDep node_modules/create-react-app uid-number@0.0.6 OK for: tar-pack@3.4.1 want: ^0.0.6
218 http fetch GET 200 https://registry.npmjs.org/ms 586ms (cache miss)
219 http fetch GET 200 https://registry.npmjs.org/mkdirp 563ms (cache miss)
220 http fetch GET 200 https://registry.npmjs.org/wrappy 531ms (cache miss)
221 http fetch GET 200 https://registry.npmjs.org/minimatch 584ms (cache miss)
222 http fetch GET 200 https://registry.npmjs.org/util-deprecate 1013ms (cache miss)
223 http fetch GET 200 https://registry.npmjs.org/block-stream 979ms (cache miss)
224 http fetch GET 200 https://registry.npmjs.org/process-nextick-args 1063ms (cache miss)
225 http fetch GET 200 https://registry.npmjs.org/safe-buffer 1064ms (cache miss)
226 http fetch GET 200 https://registry.npmjs.org/glob 1033ms (cache miss)
227 timing idealTree:node_modules/create-react-app/node_modules/tar-pack Completed in 1306ms
228 silly placeDep node_modules/create-react-app ms@2.0.0 OK for: debug@2.6.9 want: 2.0.0
229 timing idealTree:node_modules/create-react-app/node_modules/debug Completed in 48ms
230 silly placeDep node_modules/create-react-app mkdirp@0.5.6 OK for: fstream@1.0.12 want: >=0.5 0
231 silly fetch manifest minimist@^1.2.6
232 http fetch GET 200 https://registry.npmjs.org/minimist 1100ms (cache miss)
233 timing idealTree:node_modules/create-react-app/node_modules/fstream Completed in 1144ms
234 silly placeDep node_modules/create-react-app minimatch@3.1.2 OK for: fstream-ignore@1.0.5 want: ^3.0.0
235 silly fetch manifest brace-expansion@^1.1.7
236 http fetch GET 200 https://registry.npmjs.org/brace-expansion 576ms (cache miss)
237 timing idealTree:node_modules/create-react-app/node_modules/fstream-ignore Completed in 608ms
238 silly placeDep node_modules/create-react-app brace-expansion@1.1.11 OK for: minimatch@3.1.2 want: ^1.1.7
239 silly fetch manifest balanced-match@^1.0.0
240 silly fetch manifest concat-map@0.0.1
241 http fetch GET 200 https://registry.npmjs.org/concat-map 253ms (cache miss)
242 http fetch GET 200 https://registry.npmjs.org/balanced-match 269ms (cache miss)
243 timing idealTree:node_modules/create-react-app/node_modules/minimatch Completed in 292ms
244 silly placeDep node_modules/create-react-app balanced-match@1.0.2 OK for: brace-expansion@1.1.11 want: ^1.0.0
245 silly placeDep node_modules/create-react-app concat-map@0.0.1 OK for: brace-expansion@1.1.11 want: 0.0.1
246 timing idealTree:node_modules/create-react-app/node_modules/brace-expansion Completed in 24ms
247 timing idealTree:node_modules/create-react-app/node_modules/balanced-match Completed in 1ms
248 timing idealTree:node_modules/create-react-app/node_modules/concat-map Completed in 0ms
249 silly placeDep node_modules/create-react-app minimist@1.2.8 OK for: mkdirp@0.5.6 want: ^1.2.6
250 timing idealTree:node_modules/create-react-app/node_modules/mkdirp Completed in 15ms
251 timing idealTree:node_modules/create-react-app/node_modules/minimist Completed in 0ms
252 timing idealTree:node_modules/create-react-app/node_modules/ms Completed in 0ms
253 silly placeDep node_modules/create-react-app wrappy@1.0.2 OK for: once@1.4.0 want: 1
254 timing idealTree:node_modules/create-react-app/node_modules/once Completed in 14ms
255 silly placeDep node_modules/create-react-app glob@7.2.3 OK for: rimraf@2.7.1 want: ^7.1.3
256 silly fetch manifest fs.realpath@^1.0.0
257 silly fetch manifest inflight@^1.0.4
258 silly fetch manifest path-is-absolute@^1.0.0
259 http fetch GET 200 https://registry.npmjs.org/path-is-absolute 172ms (cache miss)
260 http fetch GET 200 https://registry.npmjs.org/fs.realpath 192ms (cache miss)
261 http fetch GET 200 https://registry.npmjs.org/inflight 189ms (cache miss)
262 timing idealTree:node_modules/create-react-app/node_modules/rimraf Completed in 235ms
263 silly placeDep node_modules/create-react-app fs.realpath@1.0.0 OK for: glob@7.2.3 want: ^1.0.0
264 silly placeDep node_modules/create-react-app inflight@1.0.6 OK for: glob@7.2.3 want: ^1.0.4
265 silly placeDep node_modules/create-react-app path-is-absolute@1.0.1 OK for: glob@7.2.3 want: ^1.0.0
266 timing idealTree:node_modules/create-react-app/node_modules/glob Completed in 55ms
267 timing idealTree:node_modules/create-react-app/node_modules/fs.realpath Completed in 1ms
268 timing idealTree:node_modules/create-react-app/node_modules/inflight Completed in 1ms
269 timing idealTree:node_modules/create-react-app/node_modules/path-is-absolute Completed in 1ms
270 silly placeDep node_modules/create-react-app block-stream@0.0.9 OK for: tar@2.2.2 want: *
271 timing idealTree:node_modules/create-react-app/node_modules/tar Completed in 21ms
272 timing idealTree:node_modules/create-react-app/node_modules/block-stream Completed in 1ms
273 silly placeDep node_modules/create-react-app/node_modules/through2 readable-stream@1.0.34 OK for: through2@0.6.5 want: >=1.0.33-1 <1.1.0-0
274 silly placeDep node_modules/create-react-app xtend@4.0.2 OK for: through2@0.6.5 want: >=4.0.0 <4.1.0-0
275 timing idealTree:node_modules/create-react-app/node_modules/through2 Completed in 41ms
276 silly placeDep node_modules/create-react-app/node_modules/tmp rimraf@3.0.2 OK for: tmp@0.2.1 want: ^3.0.0
277 timing idealTree:node_modules/create-react-app/node_modules/tmp Completed in 22ms
278 timing idealTree:node_modules/create-react-app/node_modules/uid-number Completed in 0ms
279 timing idealTree:node_modules/create-react-app/node_modules/universalify Completed in 1ms
280 silly placeDep node_modules/create-react-app builtins@1.0.3 OK for: validate-npm-package-name@3.0.0 want: ^1.0.3
281 timing idealTree:node_modules/create-react-app/node_modules/validate-npm-package-name Completed in 15ms
282 timing idealTree:node_modules/create-react-app/node_modules/builtins Completed in 0ms
283 silly placeDep node_modules/create-react-app isexe@2.0.0 OK for: which@2.0.2 want: ^2.0.0
284 timing idealTree:node_modules/create-react-app/node_modules/which Completed in 16ms
285 timing idealTree:node_modules/create-react-app/node_modules/isexe Completed in 0ms
286 timing idealTree:node_modules/create-react-app/node_modules/wrappy Completed in 0ms
287 timing idealTree:node_modules/create-react-app/node_modules/xtend Completed in 1ms
288 timing idealTree:node_modules/create-react-app/node_modules/yallist Completed in 0ms
289 silly placeDep node_modules/create-react-app/node_modules/tar-pack isarray@1.0.0 OK for: readable-stream@2.3.8 want: ~1.0.0
290 silly placeDep node_modules/create-react-app process-nextick-args@2.0.1 OK for: readable-stream@2.3.8 want: ~2.0.0
291 silly placeDep node_modules/create-react-app safe-buffer@5.1.2 OK for: readable-stream@2.3.8 want: ~5.1.1
292 silly placeDep node_modules/create-react-app/node_modules/tar-pack string_decoder@1.1.1 OK for: readable-stream@2.3.8 want: ~1.1.1
293 silly placeDep node_modules/create-react-app util-deprecate@1.0.2 OK for: readable-stream@2.3.8 want: ~1.0.1
294 timing idealTree:node_modules/create-react-app/node_modules/tar-pack/node_modules/readable-stream Completed in 98ms
295 timing idealTree:node_modules/create-react-app/node_modules/process-nextick-args Completed in 0ms
296 timing idealTree:node_modules/create-react-app/node_modules/safe-buffer Completed in 0ms
297 timing idealTree:node_modules/create-react-app/node_modules/util-deprecate Completed in 1ms
298 timing idealTree:node_modules/create-react-app/node_modules/tar-pack/node_modules/isarray Completed in 1ms
299 timing idealTree:node_modules/create-react-app/node_modules/tar-pack/node_modules/string_decoder Completed in 0ms
300 timing idealTree:node_modules/create-react-app/node_modules/through2/node_modules/readable-stream Completed in 1ms
301 timing idealTree:node_modules/create-react-app/node_modules/tmp/node_modules/rimraf Completed in 0ms
302 timing idealTree:buildDeps Completed in 27578ms
303 timing idealTree:fixDepFlags Completed in 15ms
304 timing idealTree Completed in 27684ms
305 timing reify:loadTrees Completed in 28377ms
306 timing reify:diffTrees Completed in 258ms
307 silly reify mark retired [
307 silly reify   '/data/data/com.termux/files/usr/lib/node_modules/create-react-app',
307 silly reify   '/data/data/com.termux/files/usr/bin/create-react-app'
307 silly reify ]
308 silly reify moves {
308 silly reify   '/data/data/com.termux/files/usr/lib/node_modules/create-react-app': '/data/data/com.termux/files/usr/lib/node_modules/.create-react-app-A18LByNq',
308 silly reify   '/data/data/com.termux/files/usr/bin/create-react-app': '/data/data/com.termux/files/usr/bin/.create-react-app-BnDAP87M'
308 silly reify }
309 timing reify:retireShallow Completed in 76ms
310 timing reify:createSparse Completed in 62ms
311 timing reify:loadBundles Completed in 0ms
312 silly tarball no local data for create-react-app@https://registry.npmjs.org/create-react-app/-/create-react-app-5.0.1.tgz. Extracting by manifest.
313 silly tarball no local data for wrappy@https://registry.npmjs.org/wrappy/-/wrappy-1.0.2.tgz. Extracting by manifest.
314 silly tarball no local data for xtend@https://registry.npmjs.org/xtend/-/xtend-4.0.2.tgz. Extracting by manifest.
315 silly tarball no local data for validate-npm-package-name@https://registry.npmjs.org/validate-npm-package-name/-/validate-npm-package-name-3.0.0.tgz. Extracting by manifest.
316 silly tarball no local data for yallist@https://registry.npmjs.org/yallist/-/yallist-4.0.0.tgz. Extracting by manifest.
317 silly tarball no local data for util-deprecate@https://registry.npmjs.org/util-deprecate/-/util-deprecate-1.0.2.tgz. Extracting by manifest.
318 silly tarball no local data for which@https://registry.npmjs.org/which/-/which-2.0.2.tgz. Extracting by manifest.
319 silly tarball no local data for uid-number@https://registry.npmjs.org/uid-number/-/uid-number-0.0.6.tgz. Extracting by manifest.
320 silly tarball no local data for universalify@https://registry.npmjs.org/universalify/-/universalify-2.0.0.tgz. Extracting by manifest.
321 silly tarball no local data for through2@https://registry.npmjs.org/through2/-/through2-0.6.5.tgz. Extracting by manifest.
322 silly tarball no local data for shebang-regex@https://registry.npmjs.org/shebang-regex/-/shebang-regex-3.0.0.tgz. Extracting by manifest.
323 silly tarball no local data for readable-stream@https://registry.npmjs.org/readable-stream/-/readable-stream-1.0.34.tgz. Extracting by manifest.
324 silly tarball no local data for tmp@https://registry.npmjs.org/tmp/-/tmp-0.2.1.tgz. Extracting by manifest.
325 silly tarball no local data for rimraf@https://registry.npmjs.org/rimraf/-/rimraf-3.0.2.tgz. Extracting by manifest.
326 silly tarball no local data for tar-pack@https://registry.npmjs.org/tar-pack/-/tar-pack-3.4.1.tgz. Extracting by manifest.
327 silly tarball no local data for string_decoder@https://registry.npmjs.org/string_decoder/-/string_decoder-1.1.1.tgz. Extracting by manifest.
328 silly tarball no local data for readable-stream@https://registry.npmjs.org/readable-stream/-/readable-stream-2.3.8.tgz. Extracting by manifest.
329 silly tarball no local data for shebang-command@https://registry.npmjs.org/shebang-command/-/shebang-command-2.0.0.tgz. Extracting by manifest.
330 silly tarball no local data for isarray@https://registry.npmjs.org/isarray/-/isarray-1.0.0.tgz. Extracting by manifest.
331 silly tarball no local data for tar@https://registry.npmjs.org/tar/-/tar-2.2.2.tgz. Extracting by manifest.
332 silly tarball no local data for sisteransi@https://registry.npmjs.org/sisteransi/-/sisteransi-1.0.5.tgz. Extracting by manifest.
333 silly tarball no local data for string_decoder@https://registry.npmjs.org/string_decoder/-/string_decoder-0.10.31.tgz. Extracting by manifest.
334 silly tarball no local data for supports-color@https://registry.npmjs.org/supports-color/-/supports-color-7.2.0.tgz. Extracting by manifest.
335 silly tarball no local data for semver@https://registry.npmjs.org/semver/-/semver-7.5.4.tgz. Extracting by manifest.
336 silly tarball no local data for safe-buffer@https://registry.npmjs.org/safe-buffer/-/safe-buffer-5.1.2.tgz. Extracting by manifest.
337 silly tarball no local data for rimraf@https://registry.npmjs.org/rimraf/-/rimraf-2.7.1.tgz. Extracting by manifest.
338 silly tarball no local data for path-is-absolute@https://registry.npmjs.org/path-is-absolute/-/path-is-absolute-1.0.1.tgz. Extracting by manifest.
339 silly tarball no local data for readable-stream@https://registry.npmjs.org/readable-stream/-/readable-stream-1.1.14.tgz. Extracting by manifest.
340 silly tarball no local data for prompts@https://registry.npmjs.org/prompts/-/prompts-2.4.2.tgz. Extracting by manifest.
341 silly tarball no local data for path-key@https://registry.npmjs.org/path-key/-/path-key-3.1.1.tgz. Extracting by manifest.
342 silly tarball no local data for mkdirp@https://registry.npmjs.org/mkdirp/-/mkdirp-0.5.6.tgz. Extracting by manifest.
343 silly tarball no local data for process-nextick-args@https://registry.npmjs.org/process-nextick-args/-/process-nextick-args-2.0.1.tgz. Extracting by manifest.
344 silly tarball no local data for once@https://registry.npmjs.org/once/-/once-1.4.0.tgz. Extracting by manifest.
345 silly tarball no local data for minimatch@https://registry.npmjs.org/minimatch/-/minimatch-3.1.2.tgz. Extracting by manifest.
346 silly tarball no local data for minimist@https://registry.npmjs.org/minimist/-/minimist-1.2.8.tgz. Extracting by manifest.
347 silly tarball no local data for ms@https://registry.npmjs.org/ms/-/ms-2.0.0.tgz. Extracting by manifest.
348 silly tarball no local data for lru-cache@https://registry.npmjs.org/lru-cache/-/lru-cache-6.0.0.tgz. Extracting by manifest.
349 silly tarball no local data for kleur@https://registry.npmjs.org/kleur/-/kleur-3.0.3.tgz. Extracting by manifest.
350 silly tarball no local data for jsonfile@https://registry.npmjs.org/jsonfile/-/jsonfile-6.1.0.tgz. Extracting by manifest.
351 silly tarball no local data for hyperquest@https://registry.npmjs.org/hyperquest/-/hyperquest-2.1.3.tgz. Extracting by manifest.
352 silly tarball no local data for inflight@https://registry.npmjs.org/inflight/-/inflight-1.0.6.tgz. Extracting by manifest.
353 silly tarball no local data for isexe@https://registry.npmjs.org/isexe/-/isexe-2.0.0.tgz. Extracting by manifest.
354 silly tarball no local data for isarray@https://registry.npmjs.org/isarray/-/isarray-0.0.1.tgz. Extracting by manifest.
355 silly tarball no local data for fstream@https://registry.npmjs.org/fstream/-/fstream-1.0.12.tgz. Extracting by manifest.
356 silly tarball no local data for inherits@https://registry.npmjs.org/inherits/-/inherits-2.0.4.tgz. Extracting by manifest.
357 silly tarball no local data for has-flag@https://registry.npmjs.org/has-flag/-/has-flag-4.0.0.tgz. Extracting by manifest.
358 silly tarball no local data for fs.realpath@https://registry.npmjs.org/fs.realpath/-/fs.realpath-1.0.0.tgz. Extracting by manifest.
359 silly tarball no local data for glob@https://registry.npmjs.org/glob/-/glob-7.2.3.tgz. Extracting by manifest.
360 silly tarball no local data for fstream-ignore@https://registry.npmjs.org/fstream-ignore/-/fstream-ignore-1.0.5.tgz. Extracting by manifest.
361 silly tarball no local data for envinfo@https://registry.npmjs.org/envinfo/-/envinfo-7.10.0.tgz. Extracting by manifest.
362 silly tarball no local data for fs-extra@https://registry.npmjs.org/fs-extra/-/fs-extra-10.1.0.tgz. Extracting by manifest.
363 silly tarball no local data for debug@https://registry.npmjs.org/debug/-/debug-2.6.9.tgz. Extracting by manifest.
364 silly tarball no local data for graceful-fs@https://registry.npmjs.org/graceful-fs/-/graceful-fs-4.2.11.tgz. Extracting by manifest.
365 silly tarball no local data for cross-spawn@https://registry.npmjs.org/cross-spawn/-/cross-spawn-7.0.3.tgz. Extracting by manifest.
366 silly tarball no local data for duplexer2@https://registry.npmjs.org/duplexer2/-/duplexer2-0.0.2.tgz. Extracting by manifest.
367 silly tarball no local data for chalk@https://registry.npmjs.org/chalk/-/chalk-4.1.2.tgz. Extracting by manifest.
368 silly tarball no local data for color-convert@https://registry.npmjs.org/color-convert/-/color-convert-2.0.1.tgz. Extracting by manifest.
369 silly tarball no local data for color-name@https://registry.npmjs.org/color-name/-/color-name-1.1.4.tgz. Extracting by manifest.
370 silly tarball no local data for core-util-is@https://registry.npmjs.org/core-util-is/-/core-util-is-1.0.3.tgz. Extracting by manifest.
371 silly tarball no local data for commander@https://registry.npmjs.org/commander/-/commander-4.1.1.tgz. Extracting by manifest.
372 silly tarball no local data for balanced-match@https://registry.npmjs.org/balanced-match/-/balanced-match-1.0.2.tgz. Extracting by manifest.
373 silly tarball no local data for brace-expansion@https://registry.npmjs.org/brace-expansion/-/brace-expansion-1.1.11.tgz. Extracting by manifest.
374 silly tarball no local data for concat-map@https://registry.npmjs.org/concat-map/-/concat-map-0.0.1.tgz. Extracting by manifest.
375 silly tarball no local data for builtins@https://registry.npmjs.org/builtins/-/builtins-1.0.3.tgz. Extracting by manifest.
376 silly tarball no local data for buffer-from@https://registry.npmjs.org/buffer-from/-/buffer-from-0.1.2.tgz. Extracting by manifest.
377 silly tarball no local data for ansi-styles@https://registry.npmjs.org/ansi-styles/-/ansi-styles-4.3.0.tgz. Extracting by manifest.
378 silly tarball no local data for block-stream@https://registry.npmjs.org/block-stream/-/block-stream-0.0.9.tgz. Extracting by manifest.
379 http fetch GET 200 https://registry.npmjs.org/validate-npm-package-name/-/validate-npm-package-name-3.0.0.tgz 4962ms (cache miss)
380 timing reifyNode:node_modules/create-react-app/node_modules/validate-npm-package-name Completed in 5484ms
381 http fetch GET 200 https://registry.npmjs.org/shebang-command/-/shebang-command-2.0.0.tgz 4887ms (cache miss)
382 timing reifyNode:node_modules/create-react-app/node_modules/shebang-command Completed in 5472ms
383 http fetch GET 200 https://registry.npmjs.org/uid-number/-/uid-number-0.0.6.tgz 5000ms (cache miss)
384 timing reifyNode:node_modules/create-react-app/node_modules/uid-number Completed in 5535ms
385 http fetch GET 200 https://registry.npmjs.org/wrappy/-/wrappy-1.0.2.tgz 5045ms (cache miss)
386 timing reifyNode:node_modules/create-react-app/node_modules/wrappy Completed in 5542ms
387 http fetch GET 200 https://registry.npmjs.org/xtend/-/xtend-4.0.2.tgz 5041ms (cache miss)
388 timing reifyNode:node_modules/create-react-app/node_modules/xtend Completed in 5547ms
389 http fetch GET 200 https://registry.npmjs.org/universalify/-/universalify-2.0.0.tgz 5006ms (cache miss)
390 timing reifyNode:node_modules/create-react-app/node_modules/universalify Completed in 5547ms
391 http fetch GET 200 https://registry.npmjs.org/util-deprecate/-/util-deprecate-1.0.2.tgz 5078ms (cache miss)
392 timing reifyNode:node_modules/create-react-app/node_modules/util-deprecate Completed in 5601ms
393 http fetch GET 200 https://registry.npmjs.org/which/-/which-2.0.2.tgz 5074ms (cache miss)
394 timing reifyNode:node_modules/create-react-app/node_modules/which Completed in 5604ms
395 http fetch GET 200 https://registry.npmjs.org/yallist/-/yallist-4.0.0.tgz 5094ms (cache miss)
396 timing reifyNode:node_modules/create-react-app/node_modules/yallist Completed in 5616ms
397 http fetch GET 200 https://registry.npmjs.org/rimraf/-/rimraf-3.0.2.tgz 5089ms (cache miss)
398 timing reifyNode:node_modules/create-react-app/node_modules/tmp/node_modules/rimraf Completed in 5639ms
399 http fetch GET 200 https://registry.npmjs.org/isarray/-/isarray-1.0.0.tgz 5053ms (cache miss)
400 timing reifyNode:node_modules/create-react-app/node_modules/tar-pack/node_modules/isarray Completed in 5641ms
401 http fetch GET 200 https://registry.npmjs.org/sisteransi/-/sisteransi-1.0.5.tgz 5045ms (cache miss)
402 timing reifyNode:node_modules/create-react-app/node_modules/sisteransi Completed in 5645ms
403 http fetch GET 200 https://registry.npmjs.org/string_decoder/-/string_decoder-1.1.1.tgz 5078ms (cache miss)
404 timing reifyNode:node_modules/create-react-app/node_modules/tar-pack/node_modules/string_decoder Completed in 5649ms
405 http fetch GET 200 https://registry.npmjs.org/kleur/-/kleur-3.0.3.tgz 4987ms (cache miss)
406 timing reifyNode:node_modules/create-react-app/node_modules/kleur Completed in 5700ms
407 http fetch GET 200 https://registry.npmjs.org/process-nextick-args/-/process-nextick-args-2.0.1.tgz 5050ms (cache miss)
408 timing reifyNode:node_modules/create-react-app/node_modules/process-nextick-args Completed in 5724ms
409 http fetch GET 200 https://registry.npmjs.org/string_decoder/-/string_decoder-0.10.31.tgz 5129ms (cache miss)
410 timing reifyNode:node_modules/create-react-app/node_modules/string_decoder Completed in 5734ms
411 http fetch GET 200 https://registry.npmjs.org/supports-color/-/supports-color-7.2.0.tgz 5133ms (cache miss)
412 timing reifyNode:node_modules/create-react-app/node_modules/supports-color Completed in 5743ms
413 http fetch GET 200 https://registry.npmjs.org/path-is-absolute/-/path-is-absolute-1.0.1.tgz 5116ms (cache miss)
414 timing reifyNode:node_modules/create-react-app/node_modules/path-is-absolute Completed in 5747ms
415 http fetch GET 200 https://registry.npmjs.org/once/-/once-1.4.0.tgz 5073ms (cache miss)
416 timing reifyNode:node_modules/create-react-app/node_modules/once Completed in 5753ms
417 http fetch GET 200 https://registry.npmjs.org/lru-cache/-/lru-cache-6.0.0.tgz 5054ms (cache miss)
418 timing reifyNode:node_modules/create-react-app/node_modules/lru-cache Completed in 5759ms
419 http fetch GET 200 https://registry.npmjs.org/ms/-/ms-2.0.0.tgz 5064ms (cache miss)
420 timing reifyNode:node_modules/create-react-app/node_modules/ms Completed in 5763ms
421 http fetch GET 200 https://registry.npmjs.org/rimraf/-/rimraf-2.7.1.tgz 5176ms (cache miss)
422 timing reifyNode:node_modules/create-react-app/node_modules/rimraf Completed in 5800ms
423 http fetch GET 200 https://registry.npmjs.org/path-key/-/path-key-3.1.1.tgz 5142ms (cache miss)
424 timing reifyNode:node_modules/create-react-app/node_modules/path-key Completed in 5803ms
425 http fetch GET 200 https://registry.npmjs.org/mkdirp/-/mkdirp-0.5.6.tgz 5141ms (cache miss)
426 timing reifyNode:node_modules/create-react-app/node_modules/mkdirp Completed in 5807ms
427 http fetch GET 200 https://registry.npmjs.org/jsonfile/-/jsonfile-6.1.0.tgz 5090ms (cache miss)
428 timing reifyNode:node_modules/create-react-app/node_modules/jsonfile Completed in 5809ms
429 http fetch GET 200 https://registry.npmjs.org/inflight/-/inflight-1.0.6.tgz 5085ms (cache miss)
430 timing reifyNode:node_modules/create-react-app/node_modules/inflight Completed in 5817ms
431 http fetch GET 200 https://registry.npmjs.org/has-flag/-/has-flag-4.0.0.tgz 5062ms (cache miss)
432 timing reifyNode:node_modules/create-react-app/node_modules/has-flag Completed in 5828ms
433 http fetch GET 200 https://registry.npmjs.org/balanced-match/-/balanced-match-1.0.2.tgz 4963ms (cache miss)
434 timing reifyNode:node_modules/create-react-app/node_modules/balanced-match Completed in 5832ms
435 http fetch GET 200 https://registry.npmjs.org/builtins/-/builtins-1.0.3.tgz 4943ms (cache miss)
436 timing reifyNode:node_modules/create-react-app/node_modules/builtins Completed in 5840ms
437 http fetch GET 200 https://registry.npmjs.org/shebang-regex/-/shebang-regex-3.0.0.tgz 5344ms (cache miss)
438 timing reifyNode:node_modules/create-react-app/node_modules/shebang-regex Completed in 5877ms
439 http fetch GET 200 https://registry.npmjs.org/through2/-/through2-0.6.5.tgz 5354ms (cache miss)
440 timing reifyNode:node_modules/create-react-app/node_modules/through2 Completed in 5883ms
441 http fetch GET 200 https://registry.npmjs.org/inherits/-/inherits-2.0.4.tgz 5108ms (cache miss)
442 timing reifyNode:node_modules/create-react-app/node_modules/inherits Completed in 5868ms
443 http fetch GET 200 https://registry.npmjs.org/duplexer2/-/duplexer2-0.0.2.tgz 5052ms (cache miss)
444 timing reifyNode:node_modules/create-react-app/node_modules/duplexer2 Completed in 5885ms
445 http fetch GET 200 https://registry.npmjs.org/fs.realpath/-/fs.realpath-1.0.0.tgz 5134ms (cache miss)
446 timing reifyNode:node_modules/create-react-app/node_modules/fs.realpath Completed in 5917ms
447 http fetch GET 200 https://registry.npmjs.org/buffer-from/-/buffer-from-0.1.2.tgz 5014ms (cache miss)
448 timing reifyNode:node_modules/create-react-app/node_modules/buffer-from Completed in 5917ms
449 http fetch GET 200 https://registry.npmjs.org/core-util-is/-/core-util-is-1.0.3.tgz 5070ms (cache miss)
450 timing reifyNode:node_modules/create-react-app/node_modules/core-util-is Completed in 5929ms
451 http fetch GET 200 https://registry.npmjs.org/color-name/-/color-name-1.1.4.tgz 5079ms (cache miss)
452 timing reifyNode:node_modules/create-react-app/node_modules/color-name Completed in 5930ms
453 http fetch GET 200 https://registry.npmjs.org/concat-map/-/concat-map-0.0.1.tgz 5043ms (cache miss)
454 timing reifyNode:node_modules/create-react-app/node_modules/concat-map Completed in 5939ms
455 http fetch GET 200 https://registry.npmjs.org/tar-pack/-/tar-pack-3.4.1.tgz 5408ms (cache miss)
456 http fetch GET 200 https://registry.npmjs.org/isarray/-/isarray-0.0.1.tgz 5216ms (cache miss)
457 timing reifyNode:node_modules/create-react-app/node_modules/isarray Completed in 5962ms
458 http fetch GET 200 https://registry.npmjs.org/create-react-app/-/create-react-app-5.0.1.tgz 5548ms (cache miss)
459 timing reifyNode:node_modules/create-react-app Completed in 6033ms
460 http fetch GET 200 https://registry.npmjs.org/isexe/-/isexe-2.0.0.tgz 5255ms (cache miss)
461 timing reifyNode:node_modules/create-react-app/node_modules/isexe Completed in 5994ms
462 http fetch GET 200 https://registry.npmjs.org/fstream-ignore/-/fstream-ignore-1.0.5.tgz 5202ms (cache miss)
463 timing reifyNode:node_modules/create-react-app/node_modules/fstream-ignore Completed in 5996ms
464 http fetch GET 200 https://registry.npmjs.org/cross-spawn/-/cross-spawn-7.0.3.tgz 5173ms (cache miss)
465 timing reifyNode:node_modules/create-react-app/node_modules/cross-spawn Completed in 6000ms
466 http fetch GET 200 https://registry.npmjs.org/chalk/-/chalk-4.1.2.tgz 5167ms (cache miss)
467 timing reifyNode:node_modules/create-react-app/node_modules/chalk Completed in 6005ms
468 http fetch GET 200 https://registry.npmjs.org/brace-expansion/-/brace-expansion-1.1.11.tgz 5163ms (cache miss)
469 timing reifyNode:node_modules/create-react-app/node_modules/brace-expansion Completed in 6039ms
470 timing reifyNode:node_modules/create-react-app/node_modules/tar-pack Completed in 6063ms
471 http fetch GET 200 https://registry.npmjs.org/glob/-/glob-7.2.3.tgz 5271ms (cache miss)
472 timing reifyNode:node_modules/create-react-app/node_modules/glob Completed in 6058ms
473 http fetch GET 200 https://registry.npmjs.org/readable-stream/-/readable-stream-1.1.14.tgz 5436ms (cache miss)
474 http fetch GET 200 https://registry.npmjs.org/ansi-styles/-/ansi-styles-4.3.0.tgz 5182ms (cache miss)
475 timing reifyNode:node_modules/create-react-app/node_modules/ansi-styles Completed in 6090ms
476 http fetch GET 200 https://registry.npmjs.org/block-stream/-/block-stream-0.0.9.tgz 5179ms (cache miss)
477 timing reifyNode:node_modules/create-react-app/node_modules/block-stream Completed in 6093ms
478 http fetch GET 200 https://registry.npmjs.org/safe-buffer/-/safe-buffer-5.1.2.tgz 5499ms (cache miss)
479 timing reifyNode:node_modules/create-react-app/node_modules/safe-buffer Completed in 6118ms
480 http fetch GET 200 https://registry.npmjs.org/minimatch/-/minimatch-3.1.2.tgz 5431ms (cache miss)
481 timing reifyNode:node_modules/create-react-app/node_modules/minimatch Completed in 6117ms
482 timing reifyNode:node_modules/create-react-app/node_modules/readable-stream Completed in 6132ms
483 http fetch GET 200 https://registry.npmjs.org/tmp/-/tmp-0.2.1.tgz 5603ms (cache miss)
484 timing reifyNode:node_modules/create-react-app/node_modules/tmp Completed in 6148ms
485 http fetch GET 200 https://registry.npmjs.org/hyperquest/-/hyperquest-2.1.3.tgz 5419ms (cache miss)
486 http fetch GET 200 https://registry.npmjs.org/graceful-fs/-/graceful-fs-4.2.11.tgz 5339ms (cache miss)
487 timing reifyNode:node_modules/create-react-app/node_modules/graceful-fs Completed in 6163ms
488 timing reifyNode:node_modules/create-react-app/node_modules/hyperquest Completed in 6185ms
489 http fetch GET 200 https://registry.npmjs.org/color-convert/-/color-convert-2.0.1.tgz 5342ms (cache miss)
490 timing reifyNode:node_modules/create-react-app/node_modules/color-convert Completed in 6186ms
491 http fetch GET 200 https://registry.npmjs.org/commander/-/commander-4.1.1.tgz 5345ms (cache miss)
492 timing reifyNode:node_modules/create-react-app/node_modules/commander Completed in 6208ms
493 http fetch GET 200 https://registry.npmjs.org/fstream/-/fstream-1.0.12.tgz 5514ms (cache miss)
494 timing reifyNode:node_modules/create-react-app/node_modules/fstream Completed in 6290ms
495 http fetch GET 200 https://registry.npmjs.org/readable-stream/-/readable-stream-1.0.34.tgz 5782ms (cache miss)
496 timing reifyNode:node_modules/create-react-app/node_modules/through2/node_modules/readable-stream Completed in 6323ms
497 http fetch GET 200 https://registry.npmjs.org/envinfo/-/envinfo-7.10.0.tgz 5528ms (cache miss)
498 timing reifyNode:node_modules/create-react-app/node_modules/envinfo Completed in 6329ms
499 http fetch GET 200 https://registry.npmjs.org/debug/-/debug-2.6.9.tgz 5523ms (cache miss)
500 timing reifyNode:node_modules/create-react-app/node_modules/debug Completed in 6338ms
501 http fetch GET 200 https://registry.npmjs.org/readable-stream/-/readable-stream-2.3.8.tgz 5794ms (cache miss)
502 timing reifyNode:node_modules/create-react-app/node_modules/tar-pack/node_modules/readable-stream Completed in 6371ms
503 http fetch GET 200 https://registry.npmjs.org/minimist/-/minimist-1.2.8.tgz 5725ms (cache miss)
504 timing reifyNode:node_modules/create-react-app/node_modules/minimist Completed in 6416ms
505 http fetch GET 200 https://registry.npmjs.org/fs-extra/-/fs-extra-10.1.0.tgz 5795ms (cache miss)
506 timing reifyNode:node_modules/create-react-app/node_modules/fs-extra Completed in 6604ms
507 http fetch GET 200 https://registry.npmjs.org/semver/-/semver-7.5.4.tgz 6005ms (cache miss)
508 timing reifyNode:node_modules/create-react-app/node_modules/semver Completed in 6620ms
509 http fetch GET 200 https://registry.npmjs.org/prompts/-/prompts-2.4.2.tgz 6101ms (cache miss)
510 timing reifyNode:node_modules/create-react-app/node_modules/prompts Completed in 6743ms
511 http fetch GET 200 https://registry.npmjs.org/tar/-/tar-2.2.2.tgz 6368ms (cache miss)
512 warn deprecated tar@2.2.2: This version of tar is no longer supported, and will not receive security updates. Please upgrade asap.
513 timing reifyNode:node_modules/create-react-app/node_modules/tar Completed in 6990ms
514 timing reify:unpack Completed in 7076ms
515 timing reify:unretire Completed in 12ms
516 timing build:queue Completed in 143ms
517 timing build:link:node_modules/create-react-app Completed in 72ms
518 timing build:link:node_modules/create-react-app/node_modules/envinfo Completed in 68ms
519 timing build:link:node_modules/create-react-app/node_modules/tmp/node_modules/rimraf Completed in 64ms
520 timing build:link:node_modules/create-react-app/node_modules/semver Completed in 67ms
521 timing build:link:node_modules/create-react-app/node_modules/rimraf Completed in 67ms
522 timing build:link:node_modules/create-react-app/node_modules/mkdirp Completed in 69ms
523 timing build:link:node_modules/create-react-app/node_modules/which Completed in 68ms
524 timing build:link Completed in 79ms
525 timing build:deps Completed in 227ms
526 timing build Completed in 232ms
527 timing reify:build Completed in 244ms
528 timing reify:trash Completed in 869ms
529 timing reify Completed in 37102ms
530 silly CHANGE node_modules/create-react-app
531 silly CHANGE node_modules/create-react-app/node_modules/yallist
532 silly CHANGE node_modules/create-react-app/node_modules/xtend
533 silly CHANGE node_modules/create-react-app/node_modules/wrappy
534 silly CHANGE node_modules/create-react-app/node_modules/validate-npm-package-name
535 silly CHANGE node_modules/create-react-app/node_modules/util-deprecate
536 silly CHANGE node_modules/create-react-app/node_modules/which
537 silly CHANGE node_modules/create-react-app/node_modules/uid-number
538 silly CHANGE node_modules/create-react-app/node_modules/universalify
539 silly CHANGE node_modules/create-react-app/node_modules/through2
540 silly CHANGE node_modules/create-react-app/node_modules/through2/node_modules/readable-stream
541 silly CHANGE node_modules/create-react-app/node_modules/shebang-regex
542 silly CHANGE node_modules/create-react-app/node_modules/tmp
543 silly CHANGE node_modules/create-react-app/node_modules/tmp/node_modules/rimraf
544 silly CHANGE node_modules/create-react-app/node_modules/tar
545 silly CHANGE node_modules/create-react-app/node_modules/shebang-command
546 silly CHANGE node_modules/create-react-app/node_modules/tar-pack
547 silly CHANGE node_modules/create-react-app/node_modules/tar-pack/node_modules/string_decoder
548 silly CHANGE node_modules/create-react-app/node_modules/tar-pack/node_modules/readable-stream
549 silly CHANGE node_modules/create-react-app/node_modules/tar-pack/node_modules/isarray
550 silly CHANGE node_modules/create-react-app/node_modules/sisteransi
551 silly CHANGE node_modules/create-react-app/node_modules/string_decoder
552 silly CHANGE node_modules/create-react-app/node_modules/supports-color
553 silly CHANGE node_modules/create-react-app/node_modules/semver
554 silly CHANGE node_modules/create-react-app/node_modules/safe-buffer
555 silly CHANGE node_modules/create-react-app/node_modules/rimraf
556 silly CHANGE node_modules/create-react-app/node_modules/prompts
557 silly CHANGE node_modules/create-react-app/node_modules/path-is-absolute
558 silly CHANGE node_modules/create-react-app/node_modules/readable-stream
559 silly CHANGE node_modules/create-react-app/node_modules/once
560 silly CHANGE node_modules/create-react-app/node_modules/process-nextick-args
561 silly CHANGE node_modules/create-react-app/node_modules/path-key
562 silly CHANGE node_modules/create-react-app/node_modules/mkdirp
563 silly CHANGE node_modules/create-react-app/node_modules/ms
564 silly CHANGE node_modules/create-react-app/node_modules/minimatch
565 silly CHANGE node_modules/create-react-app/node_modules/minimist
566 silly CHANGE node_modules/create-react-app/node_modules/lru-cache
567 silly CHANGE node_modules/create-react-app/node_modules/kleur
568 silly CHANGE node_modules/create-react-app/node_modules/jsonfile
569 silly CHANGE node_modules/create-react-app/node_modules/hyperquest
570 silly CHANGE node_modules/create-react-app/node_modules/inflight
571 silly CHANGE node_modules/create-react-app/node_modules/isexe
572 silly CHANGE node_modules/create-react-app/node_modules/isarray
573 silly CHANGE node_modules/create-react-app/node_modules/fstream
574 silly CHANGE node_modules/create-react-app/node_modules/inherits
575 silly CHANGE node_modules/create-react-app/node_modules/has-flag
576 silly CHANGE node_modules/create-react-app/node_modules/graceful-fs
577 silly CHANGE node_modules/create-react-app/node_modules/fs.realpath
578 silly CHANGE node_modules/create-react-app/node_modules/glob
579 silly CHANGE node_modules/create-react-app/node_modules/fstream-ignore
580 silly CHANGE node_modules/create-react-app/node_modules/fs-extra
581 silly CHANGE node_modules/create-react-app/node_modules/envinfo
582 silly CHANGE node_modules/create-react-app/node_modules/core-util-is
583 silly CHANGE node_modules/create-react-app/node_modules/debug
584 silly CHANGE node_modules/create-react-app/node_modules/cross-spawn
585 silly CHANGE node_modules/create-react-app/node_modules/duplexer2
586 silly CHANGE node_modules/create-react-app/node_modules/chalk
587 silly CHANGE node_modules/create-react-app/node_modules/concat-map
588 silly CHANGE node_modules/create-react-app/node_modules/color-convert
589 silly CHANGE node_modules/create-react-app/node_modules/color-name
590 silly CHANGE node_modules/create-react-app/node_modules/commander
591 silly CHANGE node_modules/create-react-app/node_modules/balanced-match
592 silly CHANGE node_modules/create-react-app/node_modules/brace-expansion
593 silly CHANGE node_modules/create-react-app/node_modules/builtins
594 silly CHANGE node_modules/create-react-app/node_modules/buffer-from
595 silly CHANGE node_modules/create-react-app/node_modules/ansi-styles
596 silly CHANGE node_modules/create-react-app/node_modules/block-stream
597 timing command:i Completed in 37357ms
598 verbose exit 0
599 timing npm Completed in 39702ms
600 info ok
