0 verbose cli /data/data/com.termux/files/usr/bin/node /data/data/com.termux/files/usr/bin/npm
1 info using npm@9.6.6
2 info using node@v20.2.0
3 timing npm:load:whichnode Completed in 7ms
4 timing config:load:defaults Completed in 11ms
5 timing config:load:file:/data/data/com.termux/files/usr/lib/node_modules/npm/npmrc Completed in 3ms
6 timing config:load:builtin Completed in 4ms
7 timing config:load:cli Completed in 13ms
8 timing config:load:env Completed in 2ms
9 timing config:load:file:/data/data/com.termux/files/home/storage/my_app3/.npmrc Completed in 1ms
10 timing config:load:project Completed in 22ms
11 timing config:load:file:/data/data/com.termux/files/home/.npmrc Completed in 5ms
12 timing config:load:user Completed in 6ms
13 timing config:load:file:/data/data/com.termux/files/usr/etc/npmrc Completed in 2ms
14 timing config:load:global Completed in 2ms
15 timing config:load:setEnvs Completed in 5ms
16 timing config:load Completed in 71ms
17 timing npm:load:configload Completed in 73ms
18 timing npm:load:mkdirpcache Completed in 1ms
19 timing npm:load:mkdirplogs Completed in 2ms
20 verbose title npm start
21 verbose argv "start"
22 timing npm:load:setTitle Completed in 5ms
23 timing config:load:flatten Completed in 15ms
24 timing npm:load:display Completed in 20ms
25 verbose logfile logs-max:10 dir:/data/data/com.termux/files/home/.npm/_logs/2023-08-17T01_08_39_640Z-
26 verbose logfile /data/data/com.termux/files/home/.npm/_logs/2023-08-17T01_08_39_640Z-debug-0.log
27 timing npm:load:logFile Completed in 53ms
28 timing npm:load:timers Completed in 1ms
29 timing npm:load:configScope Completed in 0ms
30 timing npm:load Completed in 167ms
31 silly logfile done cleaning log files
32 timing command:run-script Completed in 43ms
33 timing command:start Completed in 102ms
34 verbose stack Error: Missing script: "start"
34 verbose stack
34 verbose stack Did you mean one of these?
34 verbose stack     npm star # Mark your favorite packages
34 verbose stack     npm stars # View packages marked as favorites
34 verbose stack
34 verbose stack To see a list of scripts, run:
34 verbose stack   npm run
34 verbose stack     at RunScript.run (/data/data/com.termux/files/usr/lib/node_modules/npm/lib/commands/run-script.js:93:13)
34 verbose stack     at async module.exports (/data/data/com.termux/files/usr/lib/node_modules/npm/lib/cli.js:89:5)
35 verbose cwd /data/data/com.termux/files/home/storage/my_app3
36 verbose Linux 4.9.190-perf-ge23fb46
37 verbose node v20.2.0
38 verbose npm  v9.6.6
39 error Missing script: "start"
39 error
39 error Did you mean one of these?
39 error     npm star # Mark your favorite packages
39 error     npm stars # View packages marked as favorites
39 error
39 error To see a list of scripts, run:
39 error   npm run
40 verbose exit 1
41 timing npm Completed in 347ms
42 verbose code 1
43 error A complete log of this run can be found in: /data/data/com.termux/files/home/.npm/_logs/2023-08-17T01_08_39_640Z-debug-0.log
