0 verbose cli /data/data/com.termux/files/usr/bin/node /data/data/com.termux/files/usr/bin/npm
1 info using npm@9.6.6
2 info using node@v20.2.0
3 timing npm:load:whichnode Completed in 26ms
4 timing config:load:defaults Completed in 13ms
5 timing config:load:file:/data/data/com.termux/files/usr/lib/node_modules/npm/npmrc Completed in 2ms
6 timing config:load:builtin Completed in 4ms
7 timing config:load:cli Completed in 15ms
8 timing config:load:env Completed in 2ms
9 timing config:load:file:/storage/emulated/0/.npmrc Completed in 1ms
10 timing config:load:project Completed in 28ms
11 timing config:load:file:/data/data/com.termux/files/home/.npmrc Completed in 19ms
12 timing config:load:user Completed in 21ms
13 timing config:load:file:/data/data/com.termux/files/usr/etc/npmrc Completed in 1ms
14 timing config:load:global Completed in 2ms
15 timing config:load:setEnvs Completed in 8ms
16 timing config:load Completed in 99ms
17 timing npm:load:configload Completed in 100ms
18 timing npm:load:mkdirpcache Completed in 6ms
19 timing npm:load:mkdirplogs Completed in 2ms
20 verbose title npm create vue@latest
21 verbose argv "create" "vue@latest"
22 timing npm:load:setTitle Completed in 7ms
23 timing config:load:flatten Completed in 30ms
24 timing npm:load:display Completed in 37ms
25 verbose logfile logs-max:10 dir:/data/data/com.termux/files/home/.npm/_logs/2023-08-17T22_29_32_872Z-
26 verbose logfile /data/data/com.termux/files/home/.npm/_logs/2023-08-17T22_29_32_872Z-debug-0.log
27 timing npm:load:logFile Completed in 89ms
28 timing npm:load:timers Completed in 1ms
29 timing npm:load:configScope Completed in 1ms
30 timing npm:load Completed in 279ms
31 silly logfile done cleaning log files
32 timing arborist:ctor Completed in 5ms
33 http fetch GET 200 https://registry.npmjs.org/create-vue 6553ms (cache revalidated)
34 timing arborist:ctor Completed in 2ms
35 timing arborist:ctor Completed in 0ms
36 timing command:create Completed in 22534ms
37 verbose stack Error: command failed
37 verbose stack     at ChildProcess.<anonymous> (/data/data/com.termux/files/usr/lib/node_modules/npm/node_modules/@npmcli/promise-spawn/lib/index.js:53:27)
37 verbose stack     at ChildProcess.emit (node:events:511:28)
37 verbose stack     at maybeClose (node:internal/child_process:1098:16)
37 verbose stack     at ChildProcess._handle.onexit (node:internal/child_process:304:5)
38 verbose cwd /storage/emulated/0
39 verbose Linux 4.9.190-perf-ge23fb46
40 verbose node v20.2.0
41 verbose npm  v9.6.6
42 error code 1
43 error path /storage/emulated/0
44 error command failed
45 error command sh -c create-vue
46 verbose exit 1
47 timing npm Completed in 25566ms
48 verbose code 1
49 error A complete log of this run can be found in: /data/data/com.termux/files/home/.npm/_logs/2023-08-17T22_29_32_872Z-debug-0.log
