0 verbose cli /data/data/com.termux/files/usr/bin/node /data/data/com.termux/files/usr/lib/node_modules/npm/bin/npm-cli.js
1 info using npm@9.6.6
2 info using node@v20.2.0
3 timing npm:load:whichnode Completed in 7ms
4 timing config:load:defaults Completed in 8ms
5 timing config:load:file:/data/data/com.termux/files/usr/lib/node_modules/npm/npmrc Completed in 2ms
6 timing config:load:builtin Completed in 4ms
7 timing config:load:cli Completed in 11ms
8 timing config:load:env Completed in 2ms
9 timing config:load:project Completed in 12ms
10 timing config:load:file:/data/data/com.termux/files/home/.npmrc Completed in 10ms
11 timing config:load:user Completed in 11ms
12 timing config:load:file:/data/data/com.termux/files/usr/etc/npmrc Completed in 2ms
13 timing config:load:global Completed in 2ms
14 timing config:load:setEnvs Completed in 5ms
15 timing config:load Completed in 61ms
16 timing npm:load:configload Completed in 62ms
17 timing npm:load:mkdirpcache Completed in 3ms
18 timing npm:load:mkdirplogs Completed in 3ms
19 verbose title npm exec tailwindcss init
20 verbose argv "exec" "--" "tailwindcss" "init"
21 timing npm:load:setTitle Completed in 8ms
22 timing config:load:flatten Completed in 14ms
23 timing npm:load:display Completed in 19ms
24 verbose logfile logs-max:10 dir:/data/data/com.termux/files/home/.npm/_logs/2023-08-13T20_07_30_105Z-
25 verbose logfile /data/data/com.termux/files/home/.npm/_logs/2023-08-13T20_07_30_105Z-debug-0.log
26 timing npm:load:logFile Completed in 55ms
27 timing npm:load:timers Completed in 1ms
28 timing npm:load:configScope Completed in 0ms
29 timing npm:load Completed in 160ms
30 silly logfile done cleaning log files
31 timing command:exec Completed in 3280ms
32 verbose exit 0
33 timing npm Completed in 5278ms
34 info ok
