0 verbose cli /data/data/com.termux/files/usr/bin/node /data/data/com.termux/files/usr/bin/npm
1 info using npm@9.6.6
2 info using node@v20.2.0
3 timing npm:load:whichnode Completed in 13ms
4 timing config:load:defaults Completed in 13ms
5 timing config:load:file:/data/data/com.termux/files/usr/lib/node_modules/npm/npmrc Completed in 3ms
6 timing config:load:builtin Completed in 5ms
7 timing config:load:cli Completed in 21ms
8 timing config:load:env Completed in 2ms
9 timing config:load:file:(unreachable)/0/(unreachable)/0/.npmrc Completed in 1ms
10 timing config:load:project Completed in 26ms
11 timing config:load:file:/data/data/com.termux/files/home/.npmrc Completed in 17ms
12 timing config:load:user Completed in 20ms
13 timing config:load:file:/data/data/com.termux/files/usr/etc/npmrc Completed in 2ms
14 timing config:load:global Completed in 3ms
15 timing config:load:setEnvs Completed in 8ms
16 timing config:load Completed in 106ms
17 timing npm:load:configload Completed in 107ms
18 timing npm:load:mkdirpcache Completed in 4ms
19 timing npm:load:mkdirplogs Completed in 3ms
20 verbose title npm install react react-dom react-scripts cra-template
21 verbose argv "install" "--no-audit" "--save" "--save-exact" "--loglevel" "error" "react" "react-dom" "react-scripts" "cra-template"
22 timing npm:load:setTitle Completed in 13ms
23 timing config:load:flatten Completed in 21ms
24 timing npm:load:display Completed in 27ms
25 verbose logfile logs-max:10 dir:/data/data/com.termux/files/home/.npm/_logs/2023-08-13T03_25_17_060Z-
26 verbose logfile /data/data/com.termux/files/home/.npm/_logs/2023-08-13T03_25_17_060Z-debug-0.log
27 timing npm:load:logFile Completed in 72ms
28 timing npm:load:timers Completed in 1ms
29 timing npm:load:configScope Completed in 0ms
30 timing npm:load Completed in 246ms
31 timing arborist:ctor Completed in 6ms
32 silly logfile done cleaning log files
