0 verbose cli /data/data/com.termux/files/usr/bin/node /data/data/com.termux/files/usr/lib/node_modules/npm/bin/npm-cli.js
1 info using npm@9.6.6
2 info using node@v20.2.0
3 timing npm:load:whichnode Completed in 11ms
4 timing config:load:defaults Completed in 12ms
5 timing config:load:file:/data/data/com.termux/files/usr/lib/node_modules/npm/npmrc Completed in 4ms
6 timing config:load:builtin Completed in 5ms
7 timing config:load:cli Completed in 15ms
8 timing config:load:env Completed in 2ms
9 timing config:load:file:/storage/emulated/0/.npmrc Completed in 1ms
10 timing config:load:project Completed in 23ms
11 timing config:load:file:/data/data/com.termux/files/home/.npmrc Completed in 19ms
12 timing config:load:user Completed in 21ms
13 timing config:load:file:/data/data/com.termux/files/usr/etc/npmrc Completed in 2ms
14 timing config:load:global Completed in 4ms
15 timing config:load:setEnvs Completed in 8ms
16 timing config:load Completed in 95ms
17 timing npm:load:configload Completed in 97ms
18 timing npm:load:mkdirpcache Completed in 4ms
19 timing npm:load:mkdirplogs Completed in 6ms
20 verbose title npm exec create-react-app app
21 verbose argv "exec" "--" "create-react-app" "app"
22 timing npm:load:setTitle Completed in 9ms
23 timing config:load:flatten Completed in 19ms
24 timing npm:load:display Completed in 25ms
25 verbose logfile logs-max:10 dir:/data/data/com.termux/files/home/.npm/_logs/2023-07-15T00_29_58_328Z-
26 verbose logfile /data/data/com.termux/files/home/.npm/_logs/2023-07-15T00_29_58_328Z-debug-0.log
27 timing npm:load:logFile Completed in 67ms
28 timing npm:load:timers Completed in 0ms
29 timing npm:load:configScope Completed in 0ms
30 timing npm:load Completed in 226ms
31 silly logfile done cleaning log files
32 http fetch GET 200 https://registry.npmjs.org/npm 1346ms (cache updated)
33 timing command:exec Completed in 360454ms
34 notice
34 notice New [33mminor[39m version of npm available! [31m9.6.6[39m -> [32m9.8.0[39m
34 notice Changelog: [36mhttps://github.com/npm/cli/releases/tag/v9.8.0[39m
34 notice Run [32mnpm install -g npm@9.8.0[39m to update!
34 notice
35 verbose exit 1
36 timing npm Completed in 363219ms
37 verbose code 1
