0 verbose cli /data/data/com.termux/files/usr/bin/node /data/data/com.termux/files/usr/bin/npm
1 info using npm@9.6.6
2 info using node@v20.2.0
3 timing npm:load:whichnode Completed in 18ms
4 timing config:load:defaults Completed in 23ms
5 timing config:load:file:/data/data/com.termux/files/usr/lib/node_modules/npm/npmrc Completed in 5ms
6 timing config:load:builtin Completed in 7ms
7 timing config:load:cli Completed in 28ms
8 timing config:load:env Completed in 3ms
9 timing config:load:file:(unreachable)/0/(unreachable)/0/.npmrc Completed in 1ms
10 timing config:load:project Completed in 22ms
11 timing config:load:file:/data/data/com.termux/files/home/.npmrc Completed in 15ms
12 timing config:load:user Completed in 17ms
13 timing config:load:file:/data/data/com.termux/files/usr/etc/npmrc Completed in 1ms
14 timing config:load:global Completed in 2ms
15 timing config:load:setEnvs Completed in 7ms
16 timing config:load Completed in 117ms
17 timing npm:load:configload Completed in 118ms
18 timing npm:load:mkdirpcache Completed in 4ms
19 timing npm:load:mkdirplogs Completed in 2ms
20 verbose title npm install react react-dom react-scripts cra-template
21 verbose argv "install" "--no-audit" "--save" "--save-exact" "--loglevel" "error" "react" "react-dom" "react-scripts" "cra-template"
22 timing npm:load:setTitle Completed in 14ms
23 timing config:load:flatten Completed in 24ms
24 timing npm:load:display Completed in 31ms
25 verbose logfile logs-max:10 dir:/data/data/com.termux/files/home/.npm/_logs/2023-08-13T03_29_28_894Z-
26 verbose logfile /data/data/com.termux/files/home/.npm/_logs/2023-08-13T03_29_28_894Z-debug-0.log
27 timing npm:load:logFile Completed in 73ms
28 timing npm:load:timers Completed in 0ms
29 timing npm:load:configScope Completed in 0ms
30 timing npm:load Completed in 270ms
31 timing arborist:ctor Completed in 5ms
32 silly logfile done cleaning log files
33 timing command:install Completed in 45252ms
34 verbose stack RangeError: Maximum call stack size exceeded
34 verbose stack     at node:path:1086:10
34 verbose stack     at resolve (node:path:1100:39)
34 verbose stack     at realpathCached (/data/data/com.termux/files/usr/lib/node_modules/npm/node_modules/@npmcli/arborist/lib/realpath.js:18:10)
34 verbose stack     at realpathCached (/data/data/com.termux/files/usr/lib/node_modules/npm/node_modules/@npmcli/arborist/lib/realpath.js:38:10)
34 verbose stack     at realpathCached (/data/data/com.termux/files/usr/lib/node_modules/npm/node_modules/@npmcli/arborist/lib/realpath.js:38:10)
34 verbose stack     at realpathCached (/data/data/com.termux/files/usr/lib/node_modules/npm/node_modules/@npmcli/arborist/lib/realpath.js:38:10)
34 verbose stack     at realpathCached (/data/data/com.termux/files/usr/lib/node_modules/npm/node_modules/@npmcli/arborist/lib/realpath.js:38:10)
34 verbose stack     at realpathCached (/data/data/com.termux/files/usr/lib/node_modules/npm/node_modules/@npmcli/arborist/lib/realpath.js:38:10)
34 verbose stack     at realpathCached (/data/data/com.termux/files/usr/lib/node_modules/npm/node_modules/@npmcli/arborist/lib/realpath.js:38:10)
34 verbose stack     at realpathCached (/data/data/com.termux/files/usr/lib/node_modules/npm/node_modules/@npmcli/arborist/lib/realpath.js:38:10)
35 verbose cwd (unreachable)/0
36 verbose Linux 4.9.190-perf-ge23fb46
37 verbose node v20.2.0
38 verbose npm  v9.6.6
39 error Maximum call stack size exceeded
40 verbose exit 1
41 timing npm Completed in 48188ms
42 verbose unfinished npm timer reify 1691897371786
43 verbose unfinished npm timer reify:loadTrees 1691897371805
44 verbose unfinished npm timer idealTree 1691897416949
45 verbose unfinished npm timer idealTree:init 1691897416996
46 verbose code 1
47 error A complete log of this run can be found in: /data/data/com.termux/files/home/.npm/_logs/2023-08-13T03_29_28_894Z-debug-0.log
